[Info  - 6:47:27 PM] Linter is running.
[Info  - 6:47:34 PM] 
Failed to load the TSLint library for the document /home/mel/_/__projects/d3_star_wars_app/src/main/view/src/svgComponents/Circle.jsx

To use TSLint in this workspace please install tslint using 'npm install tslint' or globally using 'npm install -g tslint'.
TSLint has a peer dependency on `typescript`, make sure that `typescript` is installed as well.
You need to reopen the workspace after installing tslint.
[Info  - 6:47:34 PM] 
Failed to load the TSLint library for the document /home/mel/_/__projects/d3_star_wars_app/src/main/view/src/Main.jsx

To use TSLint in this workspace please install tslint using 'npm install tslint' or globally using 'npm install -g tslint'.
TSLint has a peer dependency on `typescript`, make sure that `typescript` is installed as well.
You need to reopen the workspace after installing tslint.
[Info  - 6:47:35 PM] 
Failed to load the TSLint library for the document /home/mel/_/__projects/d3_star_wars_app/src/main/view/src/Searchbar.jsx

To use TSLint in this workspace please install tslint using 'npm install tslint' or globally using 'npm install -g tslint'.
TSLint has a peer dependency on `typescript`, make sure that `typescript` is installed as well.
You need to reopen the workspace after installing tslint.
[Info  - 6:47:35 PM] 
Failed to load the TSLint library for the document /home/mel/_/__projects/d3_star_wars_app/src/main/view/src/Line.jsx

To use TSLint in this workspace please install tslint using 'npm install tslint' or globally using 'npm install -g tslint'.
TSLint has a peer dependency on `typescript`, make sure that `typescript` is installed as well.
You need to reopen the workspace after installing tslint.
