[Info  - 6:47:21 PM] Using tsserver from: /home/mel/prog/vscode/resources/app/extensions/node_modules/typescript/lib
[Info  - 6:47:22 PM] Forking TSServer
PATH: /home/mel/.local/share/umake/bin:/home/mel/bin:/home/mel/.local/bin:/usr/local/sbin:/usr/local/bin:/usr/sbin:/usr/bin:/sbin:/bin:/usr/games:/usr/local/games
[Info  - 6:47:23 PM] Started TSServer
[Error  - 9:47:04 PM] 'quickinfo' request failed with error.
Error processing request. Debug Failure. False expression: `JsxText` tokens should not be the first child of `JsxElement | JsxSelfClosingElement`
Error: Debug Failure. False expression: `JsxText` tokens should not be the first child of `JsxElement | JsxSelfClosingElement`
    at findRightmostChildNodeWithTokens (/home/mel/prog/vscode/resources/app/extensions/node_modules/typescript/lib/tsserver.js:66448:26)
    at find (/home/mel/prog/vscode/resources/app/extensions/node_modules/typescript/lib/tsserver.js:66427:33)
    at findPrecedingToken (/home/mel/prog/vscode/resources/app/extensions/node_modules/typescript/lib/tsserver.js:66401:22)
    at getTokenAtPositionWorker (/home/mel/prog/vscode/resources/app/extensions/node_modules/typescript/lib/tsserver.js:66364:41)
    at getTouchingToken (/home/mel/prog/vscode/resources/app/extensions/node_modules/typescript/lib/tsserver.js:66336:16)
    at Object.getTouchingPropertyName (/home/mel/prog/vscode/resources/app/extensions/node_modules/typescript/lib/tsserver.js:66332:16)
    at Object.getQuickInfoAtPosition (/home/mel/prog/vscode/resources/app/extensions/node_modules/typescript/lib/tsserver.js:84688:27)
    at IOSession.Session.getQuickInfoWorker (/home/mel/prog/vscode/resources/app/extensions/node_modules/typescript/lib/tsserver.js:91573:62)
    at Session.handlers.ts.createMapFromTemplate._a.(anonymous function) (/home/mel/prog/vscode/resources/app/extensions/node_modules/typescript/lib/tsserver.js:90690:61)
    at /home/mel/prog/vscode/resources/app/extensions/node_modules/typescript/lib/tsserver.js:92160:88
    at IOSession.Session.executeWithRequestId (/home/mel/prog/vscode/resources/app/extensions/node_modules/typescript/lib/tsserver.js:92151:28)
    at IOSession.Session.executeCommand (/home/mel/prog/vscode/resources/app/extensions/node_modules/typescript/lib/tsserver.js:92160:33)
    at IOSession.Session.onMessage (/home/mel/prog/vscode/resources/app/extensions/node_modules/typescript/lib/tsserver.js:92180:35)
    at Interface.<anonymous> (/home/mel/prog/vscode/resources/app/extensions/node_modules/typescript/lib/tsserver.js:93377:27)
    at emitOne (events.js:96:13)
    at Interface.emit (events.js:191:7)
    at Interface._onLine (readline.js:241:10)
    at Interface._normalWrite (readline.js:384:12)
    at Socket.ondata (readline.js:101:10)
    at emitOne (events.js:96:13)
    at Socket.emit (events.js:191:7)
    at readableAddChunk (_stream_readable.js:178:18)
    at Socket.Readable.push (_stream_readable.js:136:10)
    at Pipe.onread (net.js:560:20)
[Error  - 9:47:08 PM] 'quickinfo' request failed with error.
Error processing request. Debug Failure. False expression: `JsxText` tokens should not be the first child of `JsxElement | JsxSelfClosingElement`
Error: Debug Failure. False expression: `JsxText` tokens should not be the first child of `JsxElement | JsxSelfClosingElement`
    at findRightmostChildNodeWithTokens (/home/mel/prog/vscode/resources/app/extensions/node_modules/typescript/lib/tsserver.js:66448:26)
    at find (/home/mel/prog/vscode/resources/app/extensions/node_modules/typescript/lib/tsserver.js:66427:33)
    at findPrecedingToken (/home/mel/prog/vscode/resources/app/extensions/node_modules/typescript/lib/tsserver.js:66401:22)
    at getTokenAtPositionWorker (/home/mel/prog/vscode/resources/app/extensions/node_modules/typescript/lib/tsserver.js:66364:41)
    at getTouchingToken (/home/mel/prog/vscode/resources/app/extensions/node_modules/typescript/lib/tsserver.js:66336:16)
    at Object.getTouchingPropertyName (/home/mel/prog/vscode/resources/app/extensions/node_modules/typescript/lib/tsserver.js:66332:16)
    at Object.getQuickInfoAtPosition (/home/mel/prog/vscode/resources/app/extensions/node_modules/typescript/lib/tsserver.js:84688:27)
    at IOSession.Session.getQuickInfoWorker (/home/mel/prog/vscode/resources/app/extensions/node_modules/typescript/lib/tsserver.js:91573:62)
    at Session.handlers.ts.createMapFromTemplate._a.(anonymous function) (/home/mel/prog/vscode/resources/app/extensions/node_modules/typescript/lib/tsserver.js:90690:61)
    at /home/mel/prog/vscode/resources/app/extensions/node_modules/typescript/lib/tsserver.js:92160:88
    at IOSession.Session.executeWithRequestId (/home/mel/prog/vscode/resources/app/extensions/node_modules/typescript/lib/tsserver.js:92151:28)
    at IOSession.Session.executeCommand (/home/mel/prog/vscode/resources/app/extensions/node_modules/typescript/lib/tsserver.js:92160:33)
    at IOSession.Session.onMessage (/home/mel/prog/vscode/resources/app/extensions/node_modules/typescript/lib/tsserver.js:92180:35)
    at Interface.<anonymous> (/home/mel/prog/vscode/resources/app/extensions/node_modules/typescript/lib/tsserver.js:93377:27)
    at emitOne (events.js:96:13)
    at Interface.emit (events.js:191:7)
    at Interface._onLine (readline.js:241:10)
    at Interface._normalWrite (readline.js:384:12)
    at Socket.ondata (readline.js:101:10)
    at emitOne (events.js:96:13)
    at Socket.emit (events.js:191:7)
    at readableAddChunk (_stream_readable.js:178:18)
    at Socket.Readable.push (_stream_readable.js:136:10)
    at Pipe.onread (net.js:560:20)
