[2018-08-19 21:01:16.035] [sharedprocess] [info] main {"machineId":"e43e270e76ce46d41bf4255c200a644424c4074168adcf5bc87dde28bc684b58"}
[2018-08-19 21:01:16.516] [sharedprocess] [info] Scanned user extensions: 51
[2018-08-19 21:01:16.552] [sharedprocess] [info] Scanned system extensions: 69
[2018-08-19 21:01:16.922] [sharedprocess] [info] Deleted from disk ahmadawais.shades-of-purple-2.1.0
[2018-08-19 21:01:16.924] [sharedprocess] [info] Deleted from disk enkia.enki-vscode-theme-0.4.0
[2018-08-19 21:01:16.999] [sharedprocess] [info] Deleted from disk whizkydee.material-palenight-theme-1.8.0
[2018-08-19 21:01:17.191] [sharedprocess] [info] Deleted from disk robertohuertasm.vscode-icons-7.24.0
[2018-08-19 21:01:17.192] [sharedprocess] [info] Deleted from disk PKief.material-icon-theme-3.5.2
[2018-08-19 21:01:17.193] [sharedprocess] [info] Deleted from disk waderyan.gitblame-2.4.2
[2018-08-19 21:01:17.199] [sharedprocess] [info] Deleted from disk ms-vscode.cpptools-0.17.7
[2018-08-19 21:01:20.188] [sharedprocess] [info] Scanned user extensions: 51
[2018-08-19 21:01:20.195] [sharedprocess] [info] Scanned user extensions: 51
[2018-08-19 21:01:20.220] [sharedprocess] [info] Scanned system extensions: 69
[2018-08-19 21:01:53.135] [sharedprocess] [info] Scanned user extensions: 51
[2018-08-19 21:01:56.061] [sharedprocess] [info] Starting to clean up unused language packs.
[2018-08-19 21:07:23.440] [sharedprocess] [info] Scanned user extensions: 51
[2018-08-19 21:12:53.692] [sharedprocess] [info] Scanned user extensions: 51
[2018-08-19 21:18:23.928] [sharedprocess] [info] Scanned user extensions: 51
[2018-08-19 21:23:54.210] [sharedprocess] [info] Scanned user extensions: 51
[2018-08-19 21:28:54.580] [sharedprocess] [info] Scanned user extensions: 51
[2018-08-19 21:33:54.783] [sharedprocess] [info] Scanned user extensions: 51
[2018-08-19 21:38:54.974] [sharedprocess] [info] Scanned user extensions: 51
[2018-08-19 21:43:55.206] [sharedprocess] [info] Scanned user extensions: 51
[2018-08-19 21:48:55.383] [sharedprocess] [info] Scanned user extensions: 51
[2018-08-19 21:53:55.563] [sharedprocess] [info] Scanned user extensions: 51
[2018-08-19 21:58:55.744] [sharedprocess] [info] Scanned user extensions: 51
[2018-08-19 22:03:55.963] [sharedprocess] [info] Scanned user extensions: 51
[2018-08-23 07:20:15.241] [sharedprocess] [info] Scanned user extensions: 51
[2018-08-23 07:25:15.433] [sharedprocess] [info] Scanned user extensions: 51
