[2018-07-01 12:38:18.826] [exthost1] [info] extension host started
[2018-07-01 12:38:18.964] [exthost1] [info] ExtensionService#_doActivateExtension vscode.emmet {"startup":true,"activationEvent":"*"}
[2018-07-01 12:38:18.965] [exthost1] [info] ExtensionService#loadCommonJSModule /home/mel/prog/vscode/resources/app/extensions/emmet/out/extension
[2018-07-01 12:38:19.293] [exthost1] [info] ExtensionService#_doActivateExtension vscode.git {"startup":true,"activationEvent":"*"}
[2018-07-01 12:38:19.293] [exthost1] [info] ExtensionService#loadCommonJSModule /home/mel/prog/vscode/resources/app/extensions/git/out/main
[2018-07-01 12:38:20.172] [exthost1] [info] ExtensionService#_doActivateExtension vscode.merge-conflict {"startup":true,"activationEvent":"*"}
[2018-07-01 12:38:20.172] [exthost1] [info] ExtensionService#loadCommonJSModule /home/mel/prog/vscode/resources/app/extensions/merge-conflict/out/extension
[2018-07-01 12:38:20.234] [exthost1] [info] ExtensionService#_doActivateExtension Equinusocio.vsc-material-theme {"startup":true,"activationEvent":"*"}
[2018-07-01 12:38:20.234] [exthost1] [info] ExtensionService#loadCommonJSModule /home/mel/.vscode/extensions/Equinusocio.vsc-material-theme-2.2.0/extensions/material.theme.config.js
[2018-07-01 12:38:20.278] [exthost1] [info] ExtensionService#_doActivateExtension PKief.material-icon-theme {"startup":true,"activationEvent":"*"}
[2018-07-01 12:38:20.278] [exthost1] [info] ExtensionService#loadCommonJSModule /home/mel/.vscode/extensions/PKief.material-icon-theme-3.5.1/out/src/extension
[2018-07-01 12:38:20.437] [exthost1] [info] ExtensionService#_doActivateExtension christian-kohler.path-intellisense {"startup":true,"activationEvent":"*"}
[2018-07-01 12:38:20.437] [exthost1] [info] ExtensionService#loadCommonJSModule /home/mel/.vscode/extensions/christian-kohler.path-intellisense-1.4.2/out/src/extension
[2018-07-01 12:38:20.494] [exthost1] [info] ExtensionService#_doActivateExtension dbaeumer.vscode-eslint {"startup":true,"activationEvent":"*"}
[2018-07-01 12:38:20.494] [exthost1] [info] ExtensionService#loadCommonJSModule /home/mel/.vscode/extensions/dbaeumer.vscode-eslint-1.4.12/client/out/extension
[2018-07-01 12:38:20.788] [exthost1] [info] ExtensionService#_doActivateExtension eamodio.gitlens {"startup":true,"activationEvent":"*"}
[2018-07-01 12:38:20.788] [exthost1] [info] ExtensionService#loadCommonJSModule /home/mel/.vscode/extensions/eamodio.gitlens-8.4.1/out/extension
[2018-07-01 12:38:21.971] [exthost1] [info] ExtensionService#_doActivateExtension ms-vscode.cpptools {"startup":true,"activationEvent":"*"}
[2018-07-01 12:38:21.971] [exthost1] [info] ExtensionService#loadCommonJSModule /home/mel/.vscode/extensions/ms-vscode.cpptools-0.17.5/out/src/main
[2018-07-01 12:38:22.817] [exthost1] [info] ExtensionService#_doActivateExtension robertohuertasm.vscode-icons {"startup":true,"activationEvent":"*"}
[2018-07-01 12:38:22.817] [exthost1] [info] ExtensionService#loadCommonJSModule /home/mel/.vscode/extensions/robertohuertasm.vscode-icons-7.24.0/out/src/
[2018-07-01 12:38:23.166] [exthost1] [info] ExtensionService#_doActivateExtension vscodevim.vim {"startup":true,"activationEvent":"*"}
[2018-07-01 12:38:23.166] [exthost1] [info] ExtensionService#loadCommonJSModule /home/mel/.vscode/extensions/vscodevim.vim-0.14.1/out/extension
[2018-07-01 12:38:24.709] [exthost1] [info] ExtensionService#_doActivateExtension waderyan.gitblame {"startup":true,"activationEvent":"*"}
[2018-07-01 12:38:24.709] [exthost1] [info] ExtensionService#loadCommonJSModule /home/mel/.vscode/extensions/waderyan.gitblame-2.4.2/out/src/index
[2018-07-01 12:38:24.842] [exthost1] [info] ExtensionService#_doActivateExtension redhat.java {"startup":true,"activationEvent":"workspaceContains:pom.xml"}
[2018-07-01 12:38:24.842] [exthost1] [info] ExtensionService#loadCommonJSModule /home/mel/.vscode/extensions/redhat.java-0.27.0/out/src/extension
[2018-07-01 12:38:25.199] [exthost1] [info] ExtensionService#_doActivateExtension vscjava.vscode-maven {"startup":true,"activationEvent":"workspaceContains:pom.xml"}
[2018-07-01 12:38:25.200] [exthost1] [info] ExtensionService#loadCommonJSModule /home/mel/.vscode/extensions/vscjava.vscode-maven-0.9.0/out/extension
[2018-07-01 12:38:25.829] [exthost1] [info] eager extensions activated
[2018-07-01 13:11:52.306] [exthost1] [info] ExtensionService#_doActivateExtension vscode.typescript-language-features {"startup":false,"activationEvent":"onLanguage:typescriptreact"}
[2018-07-01 13:11:52.306] [exthost1] [info] ExtensionService#loadCommonJSModule /home/mel/prog/vscode/resources/app/extensions/typescript-language-features/out/extension
[2018-07-01 13:11:52.783] [exthost1] [info] ExtensionService#_doActivateExtension christian-kohler.npm-intellisense {"startup":false,"activationEvent":"onLanguage:typescriptreact"}
[2018-07-01 13:11:52.783] [exthost1] [info] ExtensionService#loadCommonJSModule /home/mel/.vscode/extensions/christian-kohler.npm-intellisense-1.3.0/out/src/extension
[2018-07-01 13:12:05.008] [exthost1] [info] ExtensionService#_doActivateExtension vscode.configuration-editing {"startup":false,"activationEvent":"onLanguage:jsonc"}
[2018-07-01 13:12:05.008] [exthost1] [info] ExtensionService#loadCommonJSModule /home/mel/prog/vscode/resources/app/extensions/configuration-editing/out/extension
[2018-07-01 13:12:05.059] [exthost1] [info] ExtensionService#_doActivateExtension vscode.json-language-features {"startup":false,"activationEvent":"onLanguage:jsonc"}
[2018-07-01 13:12:05.059] [exthost1] [info] ExtensionService#loadCommonJSModule /home/mel/prog/vscode/resources/app/extensions/json-language-features/client/out/jsonMain
[2018-07-01 13:14:01.485] [exthost1] [info] ExtensionService#_doActivateExtension vscode.extension-editing {"startup":false,"activationEvent":"onLanguage:typescript"}
[2018-07-01 13:14:01.485] [exthost1] [info] ExtensionService#loadCommonJSModule /home/mel/prog/vscode/resources/app/extensions/extension-editing/out/extension
[2018-07-01 13:26:32.950] [exthost1] [info] ExtensionService#_doActivateExtension vscode.markdown-language-features {"startup":false,"activationEvent":"onLanguage:markdown"}
[2018-07-01 13:26:32.951] [exthost1] [info] ExtensionService#loadCommonJSModule /home/mel/prog/vscode/resources/app/extensions/markdown-language-features/out/extension
[2018-07-01 13:26:35.407] [exthost1] [info] ExtensionService#_doActivateExtension vscode.npm {"startup":false,"activationEvent":"onLanguage:json"}
[2018-07-01 13:26:35.407] [exthost1] [info] ExtensionService#loadCommonJSModule /home/mel/prog/vscode/resources/app/extensions/npm/out/main
[2018-07-01 13:26:35.587] [exthost1] [info] ExtensionService#_doActivateExtension eg2.vscode-npm-script {"startup":false,"activationEvent":"onLanguage:json"}
[2018-07-01 13:26:35.587] [exthost1] [info] ExtensionService#loadCommonJSModule /home/mel/.vscode/extensions/eg2.vscode-npm-script-0.3.4/out/src/main
[2018-07-01 15:52:08.512] [exthost1] [info] ExtensionService#_doActivateExtension Pivotal.vscode-spring-boot {"startup":false,"activationEvent":"onLanguage:java"}
[2018-07-01 15:52:08.512] [exthost1] [info] ExtensionService#loadCommonJSModule /home/mel/.vscode/extensions/Pivotal.vscode-spring-boot-0.3.1/out/lib/Main
[2018-07-01 15:52:09.347] [exthost1] [info] ExtensionService#_doActivateExtension vscjava.vscode-java-debug {"startup":false,"activationEvent":"onLanguage:java"}
[2018-07-01 15:52:09.347] [exthost1] [info] ExtensionService#loadCommonJSModule /home/mel/.vscode/extensions/vscjava.vscode-java-debug-0.10.0/out/src/extension
[2018-07-01 15:52:15.166] [exthost1] [info] ExtensionService#_doActivateExtension vscjava.vscode-java-test {"startup":false,"activationEvent":"onLanguage:java"}
[2018-07-01 15:52:15.166] [exthost1] [info] ExtensionService#loadCommonJSModule /home/mel/.vscode/extensions/vscjava.vscode-java-test-0.7.0/out/src/extension
[2018-07-01 22:51:29.562] [exthost1] [info] extension host started
[2018-07-01 22:51:29.682] [exthost1] [info] ExtensionService#_doActivateExtension vscode.emmet {"startup":true,"activationEvent":"*"}
[2018-07-01 22:51:29.682] [exthost1] [info] ExtensionService#loadCommonJSModule /home/mel/prog/vscode/resources/app/extensions/emmet/out/extension
[2018-07-01 22:51:29.989] [exthost1] [info] ExtensionService#_doActivateExtension vscode.git {"startup":true,"activationEvent":"*"}
[2018-07-01 22:51:29.989] [exthost1] [info] ExtensionService#loadCommonJSModule /home/mel/prog/vscode/resources/app/extensions/git/out/main
[2018-07-01 22:51:30.880] [exthost1] [info] ExtensionService#_doActivateExtension vscode.merge-conflict {"startup":true,"activationEvent":"*"}
[2018-07-01 22:51:30.880] [exthost1] [info] ExtensionService#loadCommonJSModule /home/mel/prog/vscode/resources/app/extensions/merge-conflict/out/extension
[2018-07-01 22:51:30.940] [exthost1] [info] ExtensionService#_doActivateExtension Equinusocio.vsc-material-theme {"startup":true,"activationEvent":"*"}
[2018-07-01 22:51:30.940] [exthost1] [info] ExtensionService#loadCommonJSModule /home/mel/.vscode/extensions/Equinusocio.vsc-material-theme-2.2.0/extensions/material.theme.config.js
[2018-07-01 22:51:30.993] [exthost1] [info] ExtensionService#_doActivateExtension PKief.material-icon-theme {"startup":true,"activationEvent":"*"}
[2018-07-01 22:51:30.993] [exthost1] [info] ExtensionService#loadCommonJSModule /home/mel/.vscode/extensions/PKief.material-icon-theme-3.5.1/out/src/extension
[2018-07-01 22:51:31.176] [exthost1] [info] ExtensionService#_doActivateExtension christian-kohler.path-intellisense {"startup":true,"activationEvent":"*"}
[2018-07-01 22:51:31.176] [exthost1] [info] ExtensionService#loadCommonJSModule /home/mel/.vscode/extensions/christian-kohler.path-intellisense-1.4.2/out/src/extension
[2018-07-01 22:51:31.245] [exthost1] [info] ExtensionService#_doActivateExtension dbaeumer.vscode-eslint {"startup":true,"activationEvent":"*"}
[2018-07-01 22:51:31.245] [exthost1] [info] ExtensionService#loadCommonJSModule /home/mel/.vscode/extensions/dbaeumer.vscode-eslint-1.4.12/client/out/extension
[2018-07-01 22:51:31.566] [exthost1] [info] ExtensionService#_doActivateExtension eamodio.gitlens {"startup":true,"activationEvent":"*"}
[2018-07-01 22:51:31.566] [exthost1] [info] ExtensionService#loadCommonJSModule /home/mel/.vscode/extensions/eamodio.gitlens-8.4.1/out/extension
[2018-07-01 22:51:32.589] [exthost1] [info] ExtensionService#_doActivateExtension robertohuertasm.vscode-icons {"startup":true,"activationEvent":"*"}
[2018-07-01 22:51:32.589] [exthost1] [info] ExtensionService#loadCommonJSModule /home/mel/.vscode/extensions/robertohuertasm.vscode-icons-7.24.0/out/src/
[2018-07-01 22:51:33.035] [exthost1] [info] ExtensionService#_doActivateExtension vscodevim.vim {"startup":true,"activationEvent":"*"}
[2018-07-01 22:51:33.035] [exthost1] [info] ExtensionService#loadCommonJSModule /home/mel/.vscode/extensions/vscodevim.vim-0.14.1/out/extension
[2018-07-01 22:51:35.117] [exthost1] [info] ExtensionService#_doActivateExtension waderyan.gitblame {"startup":true,"activationEvent":"*"}
[2018-07-01 22:51:35.117] [exthost1] [info] ExtensionService#loadCommonJSModule /home/mel/.vscode/extensions/waderyan.gitblame-2.4.2/out/src/index
[2018-07-01 22:51:35.296] [exthost1] [info] ExtensionService#_doActivateExtension redhat.java {"startup":true,"activationEvent":"workspaceContains:pom.xml"}
[2018-07-01 22:51:35.296] [exthost1] [info] ExtensionService#loadCommonJSModule /home/mel/.vscode/extensions/redhat.java-0.27.0/out/src/extension
[2018-07-01 22:51:35.754] [exthost1] [info] ExtensionService#_doActivateExtension vscjava.vscode-maven {"startup":true,"activationEvent":"workspaceContains:pom.xml"}
[2018-07-01 22:51:35.754] [exthost1] [info] ExtensionService#loadCommonJSModule /home/mel/.vscode/extensions/vscjava.vscode-maven-0.9.0/out/extension
[2018-07-01 22:51:36.606] [exthost1] [info] eager extensions activated
[2018-07-01 22:51:36.625] [exthost1] [info] ExtensionService#_doActivateExtension vscode.typescript-language-features {"startup":false,"activationEvent":"onLanguage:typescriptreact"}
[2018-07-01 22:51:36.625] [exthost1] [info] ExtensionService#loadCommonJSModule /home/mel/prog/vscode/resources/app/extensions/typescript-language-features/out/extension
[2018-07-01 22:51:37.214] [exthost1] [info] ExtensionService#_doActivateExtension christian-kohler.npm-intellisense {"startup":false,"activationEvent":"onLanguage:typescriptreact"}
[2018-07-01 22:51:37.214] [exthost1] [info] ExtensionService#loadCommonJSModule /home/mel/.vscode/extensions/christian-kohler.npm-intellisense-1.3.0/out/src/extension
[2018-07-01 22:51:37.275] [exthost1] [info] ExtensionService#_doActivateExtension Pivotal.vscode-spring-boot {"startup":false,"activationEvent":"onLanguage:java"}
[2018-07-01 22:51:37.275] [exthost1] [info] ExtensionService#loadCommonJSModule /home/mel/.vscode/extensions/Pivotal.vscode-spring-boot-0.3.1/out/lib/Main
[2018-07-01 22:52:12.770] [exthost1] [info] ExtensionService#_doActivateExtension vscjava.vscode-java-debug {"startup":false,"activationEvent":"onLanguage:java"}
[2018-07-01 22:52:12.770] [exthost1] [info] ExtensionService#loadCommonJSModule /home/mel/.vscode/extensions/vscjava.vscode-java-debug-0.10.0/out/src/extension
[2018-07-01 22:52:13.339] [exthost1] [info] ExtensionService#_doActivateExtension vscjava.vscode-java-test {"startup":false,"activationEvent":"onLanguage:java"}
[2018-07-01 22:52:13.339] [exthost1] [info] ExtensionService#loadCommonJSModule /home/mel/.vscode/extensions/vscjava.vscode-java-test-0.7.0/out/src/extension
[2018-07-01 22:52:21.665] [exthost1] [info] ExtensionService#_doActivateExtension vscode.configuration-editing {"startup":false,"activationEvent":"onLanguage:jsonc"}
[2018-07-01 22:52:21.665] [exthost1] [info] ExtensionService#loadCommonJSModule /home/mel/prog/vscode/resources/app/extensions/configuration-editing/out/extension
[2018-07-01 22:52:21.805] [exthost1] [info] ExtensionService#_doActivateExtension vscode.json-language-features {"startup":false,"activationEvent":"onLanguage:jsonc"}
[2018-07-01 22:52:21.805] [exthost1] [info] ExtensionService#loadCommonJSModule /home/mel/prog/vscode/resources/app/extensions/json-language-features/client/out/jsonMain
[2018-07-01 22:53:16.954] [exthost1] [info] extension host started
[2018-07-01 22:53:17.061] [exthost1] [info] ExtensionService#_doActivateExtension vscode.emmet {"startup":true,"activationEvent":"*"}
[2018-07-01 22:53:17.062] [exthost1] [info] ExtensionService#loadCommonJSModule /home/mel/prog/vscode/resources/app/extensions/emmet/out/extension
[2018-07-01 22:53:17.354] [exthost1] [info] ExtensionService#_doActivateExtension vscode.git {"startup":true,"activationEvent":"*"}
[2018-07-01 22:53:17.354] [exthost1] [info] ExtensionService#loadCommonJSModule /home/mel/prog/vscode/resources/app/extensions/git/out/main
[2018-07-01 22:53:18.120] [exthost1] [info] ExtensionService#_doActivateExtension vscode.merge-conflict {"startup":true,"activationEvent":"*"}
[2018-07-01 22:53:18.120] [exthost1] [info] ExtensionService#loadCommonJSModule /home/mel/prog/vscode/resources/app/extensions/merge-conflict/out/extension
[2018-07-01 22:53:18.171] [exthost1] [info] ExtensionService#_doActivateExtension Equinusocio.vsc-material-theme {"startup":true,"activationEvent":"*"}
[2018-07-01 22:53:18.171] [exthost1] [info] ExtensionService#loadCommonJSModule /home/mel/.vscode/extensions/Equinusocio.vsc-material-theme-2.3.0/extensions/material.theme.config.js
[2018-07-01 22:53:18.216] [exthost1] [info] ExtensionService#_doActivateExtension PKief.material-icon-theme {"startup":true,"activationEvent":"*"}
[2018-07-01 22:53:18.216] [exthost1] [info] ExtensionService#loadCommonJSModule /home/mel/.vscode/extensions/PKief.material-icon-theme-3.5.1/out/src/extension
[2018-07-01 22:53:18.386] [exthost1] [info] ExtensionService#_doActivateExtension christian-kohler.path-intellisense {"startup":true,"activationEvent":"*"}
[2018-07-01 22:53:18.386] [exthost1] [info] ExtensionService#loadCommonJSModule /home/mel/.vscode/extensions/christian-kohler.path-intellisense-1.4.2/out/src/extension
[2018-07-01 22:53:18.445] [exthost1] [info] ExtensionService#_doActivateExtension dbaeumer.vscode-eslint {"startup":true,"activationEvent":"*"}
[2018-07-01 22:53:18.445] [exthost1] [info] ExtensionService#loadCommonJSModule /home/mel/.vscode/extensions/dbaeumer.vscode-eslint-1.4.12/client/out/extension
[2018-07-01 22:53:18.716] [exthost1] [info] ExtensionService#_doActivateExtension eamodio.gitlens {"startup":true,"activationEvent":"*"}
[2018-07-01 22:53:18.716] [exthost1] [info] ExtensionService#loadCommonJSModule /home/mel/.vscode/extensions/eamodio.gitlens-8.4.1/out/extension
[2018-07-01 22:53:19.579] [exthost1] [info] ExtensionService#_doActivateExtension robertohuertasm.vscode-icons {"startup":true,"activationEvent":"*"}
[2018-07-01 22:53:19.579] [exthost1] [info] ExtensionService#loadCommonJSModule /home/mel/.vscode/extensions/robertohuertasm.vscode-icons-7.24.0/out/src/
[2018-07-01 22:53:19.917] [exthost1] [info] ExtensionService#_doActivateExtension vscodevim.vim {"startup":true,"activationEvent":"*"}
[2018-07-01 22:53:19.917] [exthost1] [info] ExtensionService#loadCommonJSModule /home/mel/.vscode/extensions/vscodevim.vim-0.14.1/out/extension
[2018-07-01 22:53:21.405] [exthost1] [info] ExtensionService#_doActivateExtension waderyan.gitblame {"startup":true,"activationEvent":"*"}
[2018-07-01 22:53:21.405] [exthost1] [info] ExtensionService#loadCommonJSModule /home/mel/.vscode/extensions/waderyan.gitblame-2.4.2/out/src/index
[2018-07-01 22:53:21.529] [exthost1] [info] ExtensionService#_doActivateExtension redhat.java {"startup":true,"activationEvent":"workspaceContains:pom.xml"}
[2018-07-01 22:53:21.529] [exthost1] [info] ExtensionService#loadCommonJSModule /home/mel/.vscode/extensions/redhat.java-0.27.0/out/src/extension
[2018-07-01 22:53:21.862] [exthost1] [info] ExtensionService#_doActivateExtension vscjava.vscode-maven {"startup":true,"activationEvent":"workspaceContains:pom.xml"}
[2018-07-01 22:53:21.862] [exthost1] [info] ExtensionService#loadCommonJSModule /home/mel/.vscode/extensions/vscjava.vscode-maven-0.9.0/out/extension
[2018-07-01 22:53:22.480] [exthost1] [info] eager extensions activated
[2018-07-01 22:53:22.492] [exthost1] [info] ExtensionService#_doActivateExtension Pivotal.vscode-spring-boot {"startup":false,"activationEvent":"onLanguage:java"}
[2018-07-01 22:53:22.492] [exthost1] [info] ExtensionService#loadCommonJSModule /home/mel/.vscode/extensions/Pivotal.vscode-spring-boot-0.3.1/out/lib/Main
[2018-07-01 22:53:23.165] [exthost1] [info] ExtensionService#_doActivateExtension vscode.typescript-language-features {"startup":false,"activationEvent":"onLanguage:typescriptreact"}
[2018-07-01 22:53:23.165] [exthost1] [info] ExtensionService#loadCommonJSModule /home/mel/prog/vscode/resources/app/extensions/typescript-language-features/out/extension
[2018-07-01 22:53:23.528] [exthost1] [info] ExtensionService#_doActivateExtension christian-kohler.npm-intellisense {"startup":false,"activationEvent":"onLanguage:typescriptreact"}
[2018-07-01 22:53:23.528] [exthost1] [info] ExtensionService#loadCommonJSModule /home/mel/.vscode/extensions/christian-kohler.npm-intellisense-1.3.0/out/src/extension
[2018-07-01 22:53:54.755] [exthost1] [info] extension host started
[2018-07-01 22:53:54.935] [exthost1] [info] ExtensionService#_doActivateExtension vscode.emmet {"startup":true,"activationEvent":"*"}
[2018-07-01 22:53:54.938] [exthost1] [info] ExtensionService#loadCommonJSModule /home/mel/prog/vscode/resources/app/extensions/emmet/out/extension
[2018-07-01 22:53:55.226] [exthost1] [info] ExtensionService#_doActivateExtension vscode.git {"startup":true,"activationEvent":"*"}
[2018-07-01 22:53:55.227] [exthost1] [info] ExtensionService#loadCommonJSModule /home/mel/prog/vscode/resources/app/extensions/git/out/main
[2018-07-01 22:53:56.162] [exthost1] [info] ExtensionService#_doActivateExtension vscode.merge-conflict {"startup":true,"activationEvent":"*"}
[2018-07-01 22:53:56.162] [exthost1] [info] ExtensionService#loadCommonJSModule /home/mel/prog/vscode/resources/app/extensions/merge-conflict/out/extension
[2018-07-01 22:53:56.206] [exthost1] [info] ExtensionService#_doActivateExtension Equinusocio.vsc-material-theme {"startup":true,"activationEvent":"*"}
[2018-07-01 22:53:56.206] [exthost1] [info] ExtensionService#loadCommonJSModule /home/mel/.vscode/extensions/Equinusocio.vsc-material-theme-2.3.0/extensions/material.theme.config.js
[2018-07-01 22:53:56.240] [exthost1] [info] ExtensionService#_doActivateExtension HookyQR.beautify {"startup":true,"activationEvent":"*"}
[2018-07-01 22:53:56.240] [exthost1] [info] ExtensionService#loadCommonJSModule /home/mel/.vscode/extensions/HookyQR.beautify-1.3.2/extension
[2018-07-01 22:53:56.385] [exthost1] [info] ExtensionService#_doActivateExtension PKief.material-icon-theme {"startup":true,"activationEvent":"*"}
[2018-07-01 22:53:56.385] [exthost1] [info] ExtensionService#loadCommonJSModule /home/mel/.vscode/extensions/PKief.material-icon-theme-3.5.1/out/src/extension
[2018-07-01 22:53:56.521] [exthost1] [info] ExtensionService#_doActivateExtension christian-kohler.path-intellisense {"startup":true,"activationEvent":"*"}
[2018-07-01 22:53:56.521] [exthost1] [info] ExtensionService#loadCommonJSModule /home/mel/.vscode/extensions/christian-kohler.path-intellisense-1.4.2/out/src/extension
[2018-07-01 22:53:56.557] [exthost1] [info] ExtensionService#_doActivateExtension dbaeumer.vscode-eslint {"startup":true,"activationEvent":"*"}
[2018-07-01 22:53:56.557] [exthost1] [info] ExtensionService#loadCommonJSModule /home/mel/.vscode/extensions/dbaeumer.vscode-eslint-1.4.12/client/out/extension
[2018-07-01 22:53:56.760] [exthost1] [info] ExtensionService#_doActivateExtension eamodio.gitlens {"startup":true,"activationEvent":"*"}
[2018-07-01 22:53:56.760] [exthost1] [info] ExtensionService#loadCommonJSModule /home/mel/.vscode/extensions/eamodio.gitlens-8.4.1/out/extension
[2018-07-01 22:53:57.407] [exthost1] [info] ExtensionService#_doActivateExtension robertohuertasm.vscode-icons {"startup":true,"activationEvent":"*"}
[2018-07-01 22:53:57.407] [exthost1] [info] ExtensionService#loadCommonJSModule /home/mel/.vscode/extensions/robertohuertasm.vscode-icons-7.24.0/out/src/
[2018-07-01 22:53:57.680] [exthost1] [info] ExtensionService#_doActivateExtension vscodevim.vim {"startup":true,"activationEvent":"*"}
[2018-07-01 22:53:57.680] [exthost1] [info] ExtensionService#loadCommonJSModule /home/mel/.vscode/extensions/vscodevim.vim-0.14.1/out/extension
[2018-07-01 22:53:58.870] [exthost1] [info] ExtensionService#_doActivateExtension waderyan.gitblame {"startup":true,"activationEvent":"*"}
[2018-07-01 22:53:58.870] [exthost1] [info] ExtensionService#loadCommonJSModule /home/mel/.vscode/extensions/waderyan.gitblame-2.4.2/out/src/index
[2018-07-01 22:53:58.986] [exthost1] [info] ExtensionService#_doActivateExtension redhat.java {"startup":true,"activationEvent":"workspaceContains:pom.xml"}
[2018-07-01 22:53:58.986] [exthost1] [info] ExtensionService#loadCommonJSModule /home/mel/.vscode/extensions/redhat.java-0.27.0/out/src/extension
[2018-07-01 22:53:59.281] [exthost1] [info] ExtensionService#_doActivateExtension vscjava.vscode-maven {"startup":true,"activationEvent":"workspaceContains:pom.xml"}
[2018-07-01 22:53:59.281] [exthost1] [info] ExtensionService#loadCommonJSModule /home/mel/.vscode/extensions/vscjava.vscode-maven-0.9.0/out/extension
[2018-07-01 22:53:59.873] [exthost1] [info] eager extensions activated
[2018-07-01 22:53:59.886] [exthost1] [info] ExtensionService#_doActivateExtension vscode.typescript-language-features {"startup":false,"activationEvent":"onLanguage:typescriptreact"}
[2018-07-01 22:53:59.886] [exthost1] [info] ExtensionService#loadCommonJSModule /home/mel/prog/vscode/resources/app/extensions/typescript-language-features/out/extension
[2018-07-01 22:54:00.251] [exthost1] [info] ExtensionService#_doActivateExtension christian-kohler.npm-intellisense {"startup":false,"activationEvent":"onLanguage:typescriptreact"}
[2018-07-01 22:54:00.251] [exthost1] [info] ExtensionService#loadCommonJSModule /home/mel/.vscode/extensions/christian-kohler.npm-intellisense-1.3.0/out/src/extension
[2018-07-01 22:54:00.303] [exthost1] [info] ExtensionService#_doActivateExtension eg2.tslint {"startup":false,"activationEvent":"onLanguage:typescriptreact"}
[2018-07-01 22:54:00.303] [exthost1] [info] ExtensionService#loadCommonJSModule /home/mel/.vscode/extensions/eg2.tslint-1.0.32/out/extension
[2018-07-01 22:54:00.511] [exthost1] [info] ExtensionService#_doActivateExtension Pivotal.vscode-spring-boot {"startup":false,"activationEvent":"onLanguage:java"}
[2018-07-01 22:54:00.511] [exthost1] [info] ExtensionService#loadCommonJSModule /home/mel/.vscode/extensions/Pivotal.vscode-spring-boot-0.3.1/out/lib/Main
[2018-07-01 22:54:29.616] [exthost1] [info] ExtensionService#_doActivateExtension vscjava.vscode-java-debug {"startup":false,"activationEvent":"onLanguage:java"}
[2018-07-01 22:54:29.616] [exthost1] [info] ExtensionService#loadCommonJSModule /home/mel/.vscode/extensions/vscjava.vscode-java-debug-0.10.0/out/src/extension
[2018-07-01 22:54:30.075] [exthost1] [info] ExtensionService#_doActivateExtension vscjava.vscode-java-test {"startup":false,"activationEvent":"onLanguage:java"}
[2018-07-01 22:54:30.075] [exthost1] [info] ExtensionService#loadCommonJSModule /home/mel/.vscode/extensions/vscjava.vscode-java-test-0.7.0/out/src/extension
[2018-07-01 22:54:38.640] [exthost1] [info] ExtensionService#_doActivateExtension vscode.configuration-editing {"startup":false,"activationEvent":"onLanguage:jsonc"}
[2018-07-01 22:54:38.640] [exthost1] [info] ExtensionService#loadCommonJSModule /home/mel/prog/vscode/resources/app/extensions/configuration-editing/out/extension
[2018-07-01 22:54:38.804] [exthost1] [info] ExtensionService#_doActivateExtension vscode.json-language-features {"startup":false,"activationEvent":"onLanguage:jsonc"}
[2018-07-01 22:54:38.804] [exthost1] [info] ExtensionService#loadCommonJSModule /home/mel/prog/vscode/resources/app/extensions/json-language-features/client/out/jsonMain
[2018-07-01 22:55:13.572] [exthost1] [info] ExtensionService#_doActivateExtension PeterJausovec.vscode-docker {"startup":false,"activationEvent":"onView:dockerExplorer"}
[2018-07-01 22:55:13.573] [exthost1] [info] ExtensionService#loadCommonJSModule /home/mel/.vscode/extensions/PeterJausovec.vscode-docker-0.0.27/out/dockerExtension
[2018-07-01 23:05:56.467] [exthost1] [info] ExtensionService#_doActivateExtension vscode.extension-editing {"startup":false,"activationEvent":"onLanguage:typescript"}
[2018-07-01 23:05:56.468] [exthost1] [info] ExtensionService#loadCommonJSModule /home/mel/prog/vscode/resources/app/extensions/extension-editing/out/extension
[2018-07-02 11:05:21.235] [exthost1] [info] ExtensionService#_doActivateExtension ms-vscode.node-debug2 {"startup":false,"activationEvent":"onDebugInitialConfigurations"}
[2018-07-02 11:05:21.236] [exthost1] [info] ExtensionService#loadCommonJSModule /home/mel/prog/vscode/resources/app/extensions/ms-vscode.node-debug2/out/src/extension
[2018-07-02 11:05:21.262] [exthost1] [info] ExtensionService#_doActivateExtension msjsdiag.debugger-for-chrome {"startup":false,"activationEvent":"onDebugInitialConfigurations"}
[2018-07-02 11:05:21.262] [exthost1] [info] ExtensionService#loadCommonJSModule /home/mel/.vscode/extensions/msjsdiag.debugger-for-chrome-4.7.0/out/src/extension
[2018-07-02 11:05:21.697] [exthost1] [info] ExtensionService#_doActivateExtension ms-vscode.node-debug {"startup":false,"activationEvent":"onDebugInitialConfigurations"}
[2018-07-02 11:05:21.697] [exthost1] [info] ExtensionService#loadCommonJSModule /home/mel/prog/vscode/resources/app/extensions/ms-vscode.node-debug/out/node/extension/extension.js
[2018-07-02 11:05:21.779] [exthost1] [info] ExtensionService#_doActivateExtension hbenl.vscode-firefox-debug {"startup":false,"activationEvent":"onDebug"}
[2018-07-02 11:05:21.779] [exthost1] [info] ExtensionService#loadCommonJSModule /home/mel/.vscode/extensions/hbenl.vscode-firefox-debug-1.4.1/out/extension/main.js
[2018-07-02 11:05:21.832] [exthost1] [info] ExtensionService#_doActivateExtension ms-vscode.cpptools {"startup":false,"activationEvent":"onDebug"}
[2018-07-02 11:05:21.832] [exthost1] [info] ExtensionService#loadCommonJSModule /home/mel/.vscode/extensions/ms-vscode.cpptools-0.17.5/out/src/main
[2018-07-02 11:05:22.476] [exthost1] [info] ExtensionService#_doActivateExtension vsmobile.vscode-react-native {"startup":false,"activationEvent":"onDebug"}
[2018-07-02 11:05:22.476] [exthost1] [info] ExtensionService#loadCommonJSModule /home/mel/.vscode/extensions/vsmobile.vscode-react-native-0.6.11/src/extension/rn-extension
[2018-07-02 11:19:47.882] [exthost1] [info] extension host started
[2018-07-02 11:19:48.003] [exthost1] [info] ExtensionService#_doActivateExtension vscode.emmet {"startup":true,"activationEvent":"*"}
[2018-07-02 11:19:48.003] [exthost1] [info] ExtensionService#loadCommonJSModule /home/mel/prog/vscode/resources/app/extensions/emmet/out/extension
[2018-07-02 11:19:48.295] [exthost1] [info] ExtensionService#_doActivateExtension vscode.git {"startup":true,"activationEvent":"*"}
[2018-07-02 11:19:48.295] [exthost1] [info] ExtensionService#loadCommonJSModule /home/mel/prog/vscode/resources/app/extensions/git/out/main
[2018-07-02 11:19:49.069] [exthost1] [info] ExtensionService#_doActivateExtension vscode.merge-conflict {"startup":true,"activationEvent":"*"}
[2018-07-02 11:19:49.069] [exthost1] [info] ExtensionService#loadCommonJSModule /home/mel/prog/vscode/resources/app/extensions/merge-conflict/out/extension
[2018-07-02 11:19:49.122] [exthost1] [info] ExtensionService#_doActivateExtension Equinusocio.vsc-material-theme {"startup":true,"activationEvent":"*"}
[2018-07-02 11:19:49.122] [exthost1] [info] ExtensionService#loadCommonJSModule /home/mel/.vscode/extensions/Equinusocio.vsc-material-theme-2.3.0/extensions/material.theme.config.js
[2018-07-02 11:19:49.161] [exthost1] [info] ExtensionService#_doActivateExtension HookyQR.beautify {"startup":true,"activationEvent":"*"}
[2018-07-02 11:19:49.161] [exthost1] [info] ExtensionService#loadCommonJSModule /home/mel/.vscode/extensions/HookyQR.beautify-1.3.2/extension
[2018-07-02 11:19:49.320] [exthost1] [info] ExtensionService#_doActivateExtension PKief.material-icon-theme {"startup":true,"activationEvent":"*"}
[2018-07-02 11:19:49.320] [exthost1] [info] ExtensionService#loadCommonJSModule /home/mel/.vscode/extensions/PKief.material-icon-theme-3.5.1/out/src/extension
[2018-07-02 11:19:49.468] [exthost1] [info] ExtensionService#_doActivateExtension christian-kohler.path-intellisense {"startup":true,"activationEvent":"*"}
[2018-07-02 11:19:49.468] [exthost1] [info] ExtensionService#loadCommonJSModule /home/mel/.vscode/extensions/christian-kohler.path-intellisense-1.4.2/out/src/extension
[2018-07-02 11:19:49.510] [exthost1] [info] ExtensionService#_doActivateExtension dbaeumer.vscode-eslint {"startup":true,"activationEvent":"*"}
[2018-07-02 11:19:49.510] [exthost1] [info] ExtensionService#loadCommonJSModule /home/mel/.vscode/extensions/dbaeumer.vscode-eslint-1.4.12/client/out/extension
[2018-07-02 11:19:49.738] [exthost1] [info] ExtensionService#_doActivateExtension eamodio.gitlens {"startup":true,"activationEvent":"*"}
[2018-07-02 11:19:49.738] [exthost1] [info] ExtensionService#loadCommonJSModule /home/mel/.vscode/extensions/eamodio.gitlens-8.4.1/out/extension
[2018-07-02 11:19:50.505] [exthost1] [info] ExtensionService#_doActivateExtension lihui.vs-color-picker {"startup":true,"activationEvent":"*"}
[2018-07-02 11:19:50.505] [exthost1] [info] ExtensionService#loadCommonJSModule /home/mel/.vscode/extensions/lihui.vs-color-picker-0.7.0/out/src/extension
[2018-07-02 11:19:50.511] [exthost1] [info] ExtensionService#_doActivateExtension oderwat.indent-rainbow {"startup":true,"activationEvent":"*"}
[2018-07-02 11:19:50.511] [exthost1] [info] ExtensionService#loadCommonJSModule /home/mel/.vscode/extensions/oderwat.indent-rainbow-7.2.2/out/extension
[2018-07-02 11:19:50.515] [exthost1] [info] ExtensionService#_doActivateExtension robertohuertasm.vscode-icons {"startup":true,"activationEvent":"*"}
[2018-07-02 11:19:50.515] [exthost1] [info] ExtensionService#loadCommonJSModule /home/mel/.vscode/extensions/robertohuertasm.vscode-icons-7.24.0/out/src/
[2018-07-02 11:19:50.841] [exthost1] [info] ExtensionService#_doActivateExtension vscodevim.vim {"startup":true,"activationEvent":"*"}
[2018-07-02 11:19:50.841] [exthost1] [info] ExtensionService#loadCommonJSModule /home/mel/.vscode/extensions/vscodevim.vim-0.14.1/out/extension
[2018-07-02 11:19:52.553] [exthost1] [info] ExtensionService#_doActivateExtension waderyan.gitblame {"startup":true,"activationEvent":"*"}
[2018-07-02 11:19:52.553] [exthost1] [info] ExtensionService#loadCommonJSModule /home/mel/.vscode/extensions/waderyan.gitblame-2.4.2/out/src/index
[2018-07-02 11:19:52.676] [exthost1] [info] ExtensionService#_doActivateExtension vscode.typescript-language-features {"startup":false,"activationEvent":"onLanguage:typescriptreact"}
[2018-07-02 11:19:52.676] [exthost1] [info] ExtensionService#loadCommonJSModule /home/mel/prog/vscode/resources/app/extensions/typescript-language-features/out/extension
[2018-07-02 11:19:53.083] [exthost1] [info] ExtensionService#_doActivateExtension christian-kohler.npm-intellisense {"startup":false,"activationEvent":"onLanguage:typescriptreact"}
[2018-07-02 11:19:53.083] [exthost1] [info] ExtensionService#loadCommonJSModule /home/mel/.vscode/extensions/christian-kohler.npm-intellisense-1.3.0/out/src/extension
[2018-07-02 11:19:53.134] [exthost1] [info] ExtensionService#_doActivateExtension eg2.tslint {"startup":false,"activationEvent":"onLanguage:typescriptreact"}
[2018-07-02 11:19:53.134] [exthost1] [info] ExtensionService#loadCommonJSModule /home/mel/.vscode/extensions/eg2.tslint-1.0.32/out/extension
[2018-07-02 11:19:53.338] [exthost1] [info] ExtensionService#_doActivateExtension Pivotal.vscode-spring-boot {"startup":false,"activationEvent":"onLanguage:java"}
[2018-07-02 11:19:53.338] [exthost1] [info] ExtensionService#loadCommonJSModule /home/mel/.vscode/extensions/Pivotal.vscode-spring-boot-0.3.1/out/lib/Main
[2018-07-02 11:19:54.027] [exthost1] [info] ExtensionService#_doActivateExtension redhat.java {"startup":false,"activationEvent":"onLanguage:java"}
[2018-07-02 11:19:54.027] [exthost1] [info] ExtensionService#loadCommonJSModule /home/mel/.vscode/extensions/redhat.java-0.27.0/out/src/extension
[2018-07-02 11:19:54.346] [exthost1] [info] ExtensionService#_doActivateExtension vscjava.vscode-maven {"startup":true,"activationEvent":"workspaceContains:pom.xml"}
[2018-07-02 11:19:54.346] [exthost1] [info] ExtensionService#loadCommonJSModule /home/mel/.vscode/extensions/vscjava.vscode-maven-0.9.0/out/extension
[2018-07-02 11:19:54.965] [exthost1] [info] eager extensions activated
[2018-07-02 11:20:19.517] [exthost1] [info] ExtensionService#_doActivateExtension vscjava.vscode-java-debug {"startup":false,"activationEvent":"onLanguage:java"}
[2018-07-02 11:20:19.517] [exthost1] [info] ExtensionService#loadCommonJSModule /home/mel/.vscode/extensions/vscjava.vscode-java-debug-0.10.0/out/src/extension
[2018-07-02 11:20:19.867] [exthost1] [info] ExtensionService#_doActivateExtension vscjava.vscode-java-test {"startup":false,"activationEvent":"onLanguage:java"}
[2018-07-02 11:20:19.867] [exthost1] [info] ExtensionService#loadCommonJSModule /home/mel/.vscode/extensions/vscjava.vscode-java-test-0.7.0/out/src/extension
[2018-07-02 11:20:26.249] [exthost1] [info] ExtensionService#_doActivateExtension vscode.configuration-editing {"startup":false,"activationEvent":"onLanguage:jsonc"}
[2018-07-02 11:20:26.249] [exthost1] [info] ExtensionService#loadCommonJSModule /home/mel/prog/vscode/resources/app/extensions/configuration-editing/out/extension
[2018-07-02 11:20:26.355] [exthost1] [info] ExtensionService#_doActivateExtension vscode.json-language-features {"startup":false,"activationEvent":"onLanguage:jsonc"}
[2018-07-02 11:20:26.355] [exthost1] [info] ExtensionService#loadCommonJSModule /home/mel/prog/vscode/resources/app/extensions/json-language-features/client/out/jsonMain
[2018-07-02 11:22:06.478] [exthost1] [info] ExtensionService#_doActivateExtension vscode.extension-editing {"startup":false,"activationEvent":"onLanguage:typescript"}
[2018-07-02 11:22:06.478] [exthost1] [info] ExtensionService#loadCommonJSModule /home/mel/prog/vscode/resources/app/extensions/extension-editing/out/extension
