[Info  - 11:00:13 PM] ESLint server is running.
[Info  - 11:00:17 PM] ESLint library loaded from: /home/mel/_/__projects/d3_star_wars_app/src/main/view/node_modules/eslint/lib/api.js
[Warn  - 11:00:17 PM] 
No ESLint configuration (e.g .eslintrc) found for file: /home/mel/_/__projects/d3_star_wars_app/src/main/view/src/registerServiceWorker.js
File will not be validated. Consider running 'eslint --init' in the workspace folder d3_star_wars_app
Alternatively you can disable ESLint by executing the 'Disable ESLint' command.
[Warn  - 11:00:57 PM] 
No ESLint configuration (e.g .eslintrc) found for file: /home/mel/_/__projects/d3_star_wars_app/src/main/view/src/App.js
File will not be validated. Consider running 'eslint --init' in the workspace folder d3_star_wars_app
Alternatively you can disable ESLint by executing the 'Disable ESLint' command.
[Warn  - 11:01:03 PM] 
No ESLint configuration (e.g .eslintrc) found for file: /home/mel/_/__projects/d3_star_wars_app/src/main/view/src/index.js
File will not be validated. Consider running 'eslint --init' in the workspace folder d3_star_wars_app
Alternatively you can disable ESLint by executing the 'Disable ESLint' command.
[Warn  - 11:23:43 PM] 
No ESLint configuration (e.g .eslintrc) found for file: /home/mel/_/__projects/d3_star_wars_app/src/main/view/src/main.js
File will not be validated. Consider running 'eslint --init' in the workspace folder d3_star_wars_app
Alternatively you can disable ESLint by executing the 'Disable ESLint' command.
[Warn  - 6:27:39 PM] 
No ESLint configuration (e.g .eslintrc) found for file: /home/mel/_/__projects/d3_star_wars_app/src/main/view/src/main.jsx
File will not be validated. Consider running 'eslint --init' in the workspace folder d3_star_wars_app
Alternatively you can disable ESLint by executing the 'Disable ESLint' command.
[Warn  - 6:27:59 PM] 
No ESLint configuration (e.g .eslintrc) found for file: /home/mel/_/__projects/d3_star_wars_app/src/main/view/src/App.jsx
File will not be validated. Consider running 'eslint --init' in the workspace folder d3_star_wars_app
Alternatively you can disable ESLint by executing the 'Disable ESLint' command.
[Warn  - 6:28:14 PM] 
No ESLint configuration (e.g .eslintrc) found for file: /home/mel/_/__projects/d3_star_wars_app/src/main/view/src/searchbar.js
File will not be validated. Consider running 'eslint --init' in the workspace folder d3_star_wars_app
Alternatively you can disable ESLint by executing the 'Disable ESLint' command.
[Warn  - 6:28:20 PM] 
No ESLint configuration (e.g .eslintrc) found for file: /home/mel/_/__projects/d3_star_wars_app/src/main/view/src/searchbar.jsx
File will not be validated. Consider running 'eslint --init' in the workspace folder d3_star_wars_app
Alternatively you can disable ESLint by executing the 'Disable ESLint' command.
[Warn  - 6:30:29 PM] 
No ESLint configuration (e.g .eslintrc) found for file: /home/mel/_/__projects/d3_star_wars_app/src/main/view/src/index.js
File will not be validated. Consider running 'eslint --init' in the workspace folder d3_star_wars_app
Alternatively you can disable ESLint by executing the 'Disable ESLint' command.
[Warn  - 6:30:29 PM] 
No ESLint configuration (e.g .eslintrc) found for file: /home/mel/_/__projects/d3_star_wars_app/src/main/view/src/main.jsx
File will not be validated. Consider running 'eslint --init' in the workspace folder d3_star_wars_app
Alternatively you can disable ESLint by executing the 'Disable ESLint' command.
[Warn  - 6:30:29 PM] 
No ESLint configuration (e.g .eslintrc) found for file: /home/mel/_/__projects/d3_star_wars_app/src/main/view/src/App.jsx
File will not be validated. Consider running 'eslint --init' in the workspace folder d3_star_wars_app
Alternatively you can disable ESLint by executing the 'Disable ESLint' command.
[Warn  - 6:30:29 PM] 
No ESLint configuration (e.g .eslintrc) found for file: /home/mel/_/__projects/d3_star_wars_app/src/main/view/src/searchbar.jsx
File will not be validated. Consider running 'eslint --init' in the workspace folder d3_star_wars_app
Alternatively you can disable ESLint by executing the 'Disable ESLint' command.
[Warn  - 6:43:32 PM] 
No ESLint configuration (e.g .eslintrc) found for file: /home/mel/_/__projects/d3_star_wars_app/src/main/view/src/index.js
File will not be validated. Consider running 'eslint --init' in the workspace folder d3_star_wars_app
Alternatively you can disable ESLint by executing the 'Disable ESLint' command.
[Warn  - 6:43:32 PM] 
No ESLint configuration (e.g .eslintrc) found for file: /home/mel/_/__projects/d3_star_wars_app/src/main/view/src/main.jsx
File will not be validated. Consider running 'eslint --init' in the workspace folder d3_star_wars_app
Alternatively you can disable ESLint by executing the 'Disable ESLint' command.
[Warn  - 6:43:32 PM] 
No ESLint configuration (e.g .eslintrc) found for file: /home/mel/_/__projects/d3_star_wars_app/src/main/view/src/App.jsx
File will not be validated. Consider running 'eslint --init' in the workspace folder d3_star_wars_app
Alternatively you can disable ESLint by executing the 'Disable ESLint' command.
[Warn  - 6:43:32 PM] 
No ESLint configuration (e.g .eslintrc) found for file: /home/mel/_/__projects/d3_star_wars_app/src/main/view/src/searchbar.jsx
File will not be validated. Consider running 'eslint --init' in the workspace folder d3_star_wars_app
Alternatively you can disable ESLint by executing the 'Disable ESLint' command.
