[Info  - 1:11:53 PM] Using tsserver from: /home/mel/prog/vscode/resources/app/extensions/node_modules/typescript/lib
[Info  - 1:11:53 PM] Forking TSServer
PATH: /usr/local/sbin:/usr/local/bin:/usr/sbin:/usr/bin:/bin:/usr/games:/usr/local/games:/home/mel/bin
[Info  - 1:11:53 PM] Started TSServer
[Error  - 7:15:47 PM] 'getCodeFixes' request failed with error.
Error processing request. Debug Failure. False expression.
Error: Debug Failure. False expression.
    at symbolToParameterDeclaration (/home/mel/prog/vscode/resources/app/extensions/node_modules/typescript/lib/tsserver.js:24514:26)
    at /home/mel/prog/vscode/resources/app/extensions/node_modules/typescript/lib/tsserver.js:24473:89
    at Array.map (native)
    at signatureToSignatureDeclarationHelper (/home/mel/prog/vscode/resources/app/extensions/node_modules/typescript/lib/tsserver.js:24473:55)
    at createTypeNodeFromObjectType (/home/mel/prog/vscode/resources/app/extensions/node_modules/typescript/lib/tsserver.js:24255:49)
    at createAnonymousTypeNode (/home/mel/prog/vscode/resources/app/extensions/node_modules/typescript/lib/tsserver.js:24228:32)
    at typeToTypeNodeHelper (/home/mel/prog/vscode/resources/app/extensions/node_modules/typescript/lib/tsserver.js:24158:28)
    at createTypeNodesFromResolvedType (/home/mel/prog/vscode/resources/app/extensions/node_modules/typescript/lib/tsserver.js:24431:67)
    at createTypeNodeFromObjectType (/home/mel/prog/vscode/resources/app/extensions/node_modules/typescript/lib/tsserver.js:24266:35)
    at createAnonymousTypeNode (/home/mel/prog/vscode/resources/app/extensions/node_modules/typescript/lib/tsserver.js:24228:32)
    at typeToTypeNodeHelper (/home/mel/prog/vscode/resources/app/extensions/node_modules/typescript/lib/tsserver.js:24158:28)
    at Object.typeToTypeNode (/home/mel/prog/vscode/resources/app/extensions/node_modules/typescript/lib/tsserver.js:23983:41)
    at getTypeNodeIfAccessible (/home/mel/prog/vscode/resources/app/extensions/node_modules/typescript/lib/tsserver.js:81775:31)
    at annotate (/home/mel/prog/vscode/resources/app/extensions/node_modules/typescript/lib/tsserver.js:81768:36)
    at annotateVariableDeclaration (/home/mel/prog/vscode/resources/app/extensions/node_modules/typescript/lib/tsserver.js:81730:17)
    at doChange (/home/mel/prog/vscode/resources/app/extensions/node_modules/typescript/lib/tsserver.js:81676:25)
    at /home/mel/prog/vscode/resources/app/extensions/node_modules/typescript/lib/tsserver.js:81634:109
    at Function.ChangeTracker.with (/home/mel/prog/vscode/resources/app/extensions/node_modules/typescript/lib/tsserver.js:78448:17)
    at Object.getCodeActions (/home/mel/prog/vscode/resources/app/extensions/node_modules/typescript/lib/tsserver.js:81634:64)
    at /home/mel/prog/vscode/resources/app/extensions/node_modules/typescript/lib/tsserver.js:79060:33
    at Object.forEach (/home/mel/prog/vscode/resources/app/extensions/node_modules/typescript/lib/tsserver.js:1502:30)
    at Object.getFixes (/home/mel/prog/vscode/resources/app/extensions/node_modules/typescript/lib/tsserver.js:79059:16)
    at /home/mel/prog/vscode/resources/app/extensions/node_modules/typescript/lib/tsserver.js:84956:35
    at Object.flatMap (/home/mel/prog/vscode/resources/app/extensions/node_modules/typescript/lib/tsserver.js:1772:25)
    at Object.getCodeFixesAtPosition (/home/mel/prog/vscode/resources/app/extensions/node_modules/typescript/lib/tsserver.js:84954:23)
    at IOSession.Session.getCodeFixes (/home/mel/prog/vscode/resources/app/extensions/node_modules/typescript/lib/tsserver.js:91995:64)
    at Session.handlers.ts.createMapFromTemplate._a.(anonymous function) (/home/mel/prog/vscode/resources/app/extensions/node_modules/typescript/lib/tsserver.js:90856:61)
    at /home/mel/prog/vscode/resources/app/extensions/node_modules/typescript/lib/tsserver.js:92160:88
    at IOSession.Session.executeWithRequestId (/home/mel/prog/vscode/resources/app/extensions/node_modules/typescript/lib/tsserver.js:92151:28)
    at IOSession.Session.executeCommand (/home/mel/prog/vscode/resources/app/extensions/node_modules/typescript/lib/tsserver.js:92160:33)
    at IOSession.Session.onMessage (/home/mel/prog/vscode/resources/app/extensions/node_modules/typescript/lib/tsserver.js:92180:35)
    at Interface.<anonymous> (/home/mel/prog/vscode/resources/app/extensions/node_modules/typescript/lib/tsserver.js:93377:27)
    at emitOne (events.js:96:13)
    at Interface.emit (events.js:191:7)
    at Interface._onLine (readline.js:241:10)
    at Interface._normalWrite (readline.js:384:12)
    at Socket.ondata (readline.js:101:10)
    at emitOne (events.js:96:13)
    at Socket.emit (events.js:191:7)
    at readableAddChunk (_stream_readable.js:178:18)
    at Socket.Readable.push (_stream_readable.js:136:10)
    at Pipe.onread (net.js:560:20)
