[Warn  - 9:28:17 PM] Aug 23, 2018 9:28:11 PM While loading class "org.eclipse.m2e.core.internal.MavenPluginActivator", thread "Thread[Worker-0: Refreshing workspace,5,main]" timed out waiting (5008ms) for thread "Thread[pool-1-thread-1,5,main]" to finish starting bundle "org.eclipse.m2e.core_1.9.0.20180606-2036 [56]". To avoid deadlock, thread "Thread[Worker-0: Refreshing workspace,5,main]" is proceeding but "org.eclipse.m2e.core.internal.MavenPluginActivator" may not be fully initialized.
Unable to acquire the state change lock for the module: osgi.identity; type="osgi.bundle"; version:Version="1.9.0.20180606-2036"; osgi.identity="org.eclipse.m2e.core"; singleton:="true" [id=56] STARTED [STARTED]
org.osgi.framework.BundleException: Unable to acquire the state change lock for the module: osgi.identity; type="osgi.bundle"; version:Version="1.9.0.20180606-2036"; osgi.identity="org.eclipse.m2e.core"; singleton:="true" [id=56] STARTED [STARTED]
	at org.eclipse.osgi.container.Module.lockStateChange(Module.java:337)
	at org.eclipse.osgi.container.Module.start(Module.java:401)
	at org.eclipse.osgi.framework.util.SecureAction.start(SecureAction.java:468)
	at org.eclipse.osgi.internal.hooks.EclipseLazyStarter.postFindLocalClass(EclipseLazyStarter.java:114)
	at org.eclipse.osgi.internal.loader.classpath.ClasspathManager.findLocalClass(ClasspathManager.java:505)
	at org.eclipse.osgi.internal.loader.ModuleClassLoader.findLocalClass(ModuleClassLoader.java:328)
	at org.eclipse.osgi.internal.loader.BundleLoader.findLocalClass(BundleLoader.java:392)
	at org.eclipse.osgi.internal.loader.sources.SingleSourcePackage.loadClass(SingleSourcePackage.java:36)
	at org.eclipse.osgi.internal.loader.BundleLoader.findClassInternal(BundleLoader.java:466)
	at org.eclipse.osgi.internal.loader.BundleLoader.findClass(BundleLoader.java:419)
	at org.eclipse.osgi.internal.loader.BundleLoader.findClass(BundleLoader.java:411)
	at org.eclipse.osgi.internal.loader.ModuleClassLoader.loadClass(ModuleClassLoader.java:150)
	at java.lang.ClassLoader.loadClass(ClassLoader.java:357)
	at org.eclipse.m2e.jdt.MavenJdtPlugin.start(MavenJdtPlugin.java:99)
	at org.eclipse.osgi.internal.framework.BundleContextImpl$3.run(BundleContextImpl.java:779)
	at org.eclipse.osgi.internal.framework.BundleContextImpl$3.run(BundleContextImpl.java:1)
	at java.security.AccessController.doPrivileged(Native Method)
	at org.eclipse.osgi.internal.framework.BundleContextImpl.startActivator(BundleContextImpl.java:772)
	at org.eclipse.osgi.internal.framework.BundleContextImpl.start(BundleContextImpl.java:729)
	at org.eclipse.osgi.internal.framework.EquinoxBundle.startWorker0(EquinoxBundle.java:1002)
	at org.eclipse.osgi.internal.framework.EquinoxBundle$EquinoxModule.startWorker(EquinoxBundle.java:354)
	at org.eclipse.osgi.container.Module.doStart(Module.java:581)
	at org.eclipse.osgi.container.Module.start(Module.java:449)
	at org.eclipse.osgi.framework.util.SecureAction.start(SecureAction.java:468)
	at org.eclipse.osgi.internal.hooks.EclipseLazyStarter.postFindLocalClass(EclipseLazyStarter.java:114)
	at org.eclipse.osgi.internal.loader.classpath.ClasspathManager.findLocalClass(ClasspathManager.java:505)
	at org.eclipse.osgi.internal.loader.ModuleClassLoader.findLocalClass(ModuleClassLoader.java:328)
	at org.eclipse.osgi.internal.loader.BundleLoader.findLocalClass(BundleLoader.java:392)
	at org.eclipse.osgi.internal.loader.BundleLoader.findClassInternal(BundleLoader.java:470)
	at org.eclipse.osgi.internal.loader.BundleLoader.findClass(BundleLoader.java:419)
	at org.eclipse.osgi.internal.loader.BundleLoader.findClass(BundleLoader.java:411)
	at org.eclipse.osgi.internal.loader.ModuleClassLoader.loadClass(ModuleClassLoader.java:150)
	at java.lang.ClassLoader.loadClass(ClassLoader.java:357)
	at org.eclipse.osgi.internal.framework.EquinoxBundle.loadClass(EquinoxBundle.java:609)
	at org.eclipse.core.internal.registry.osgi.RegistryStrategyOSGI.createExecutableExtension(RegistryStrategyOSGI.java:177)
	at org.eclipse.core.internal.registry.ExtensionRegistry.createExecutableExtension(ExtensionRegistry.java:931)
	at org.eclipse.core.internal.registry.ConfigurationElement.createExecutableExtension(ConfigurationElement.java:243)
	at org.eclipse.core.internal.registry.ConfigurationElementHandle.createExecutableExtension(ConfigurationElementHandle.java:60)
	at org.eclipse.jdt.core.JavaCore.computeClasspathContainerInitializer(JavaCore.java:3666)
	at org.eclipse.jdt.core.JavaCore.getClasspathContainerInitializer(JavaCore.java:3642)
	at org.eclipse.jdt.internal.core.JavaModelManager.initializeContainer(JavaModelManager.java:3165)
	at org.eclipse.jdt.internal.core.JavaModelManager.getClasspathContainer(JavaModelManager.java:2120)
	at org.eclipse.jdt.core.JavaCore.getClasspathContainer(JavaCore.java:3619)
	at org.eclipse.jdt.internal.core.JavaProject.resolveClasspath(JavaProject.java:3118)
	at org.eclipse.jdt.internal.core.JavaProject.resolveClasspath(JavaProject.java:3282)
	at org.eclipse.jdt.internal.core.ClasspathChange.generateDelta(ClasspathChange.java:240)
	at org.eclipse.jdt.internal.core.ChangeClasspathOperation.classpathChanged(ChangeClasspathOperation.java:65)
	at org.eclipse.jdt.internal.core.SetContainerOperation.executeOperation(SetContainerOperation.java:112)
	at org.eclipse.jdt.internal.core.JavaModelOperation.run(JavaModelOperation.java:733)
	at org.eclipse.jdt.internal.core.JavaModelOperation.runOperation(JavaModelOperation.java:799)
	at org.eclipse.jdt.internal.core.JavaModelManager.getClasspathContainer(JavaModelManager.java:2123)
	at org.eclipse.jdt.core.JavaCore.getClasspathContainer(JavaCore.java:3619)
	at org.eclipse.jdt.internal.core.JavaProject.resolveClasspath(JavaProject.java:3118)
	at org.eclipse.jdt.internal.core.JavaProject.resolveClasspath(JavaProject.java:3282)
	at org.eclipse.jdt.internal.core.JavaProject.getResolvedClasspath(JavaProject.java:2359)
	at org.eclipse.jdt.internal.core.JavaProject.buildStructure(JavaProject.java:475)
	at org.eclipse.jdt.internal.core.Openable.generateInfos(Openable.java:265)
	at org.eclipse.jdt.internal.core.JavaElement.openWhenClosed(JavaElement.java:593)
	at org.eclipse.jdt.internal.core.JavaElement.getElementInfo(JavaElement.java:323)
	at org.eclipse.jdt.internal.core.JavaElement.getElementInfo(JavaElement.java:309)
	at org.eclipse.jdt.internal.core.JavaElement.getChildren(JavaElement.java:264)
	at org.eclipse.jdt.internal.core.JavaProject.getPackageFragmentRoots(JavaProject.java:2235)
	at org.eclipse.jdt.internal.core.DeltaProcessor.findContainingPackageFragmentRoot(DeltaProcessor.java:595)
	at org.eclipse.jdt.internal.core.DeltaProcessor.checkProjectsAndClasspathChanges(DeltaProcessor.java:513)
	at org.eclipse.jdt.internal.core.DeltaProcessor.checkProjectsAndClasspathChanges(DeltaProcessor.java:585)
	at org.eclipse.jdt.internal.core.DeltaProcessor.checkProjectsAndClasspathChanges(DeltaProcessor.java:585)
	at org.eclipse.jdt.internal.core.DeltaProcessor.checkProjectsAndClasspathChanges(DeltaProcessor.java:585)
	at org.eclipse.jdt.internal.core.DeltaProcessor.checkProjectsAndClasspathChanges(DeltaProcessor.java:585)
	at org.eclipse.jdt.internal.core.DeltaProcessor.checkProjectsAndClasspathChanges(DeltaProcessor.java:585)
	at org.eclipse.jdt.internal.core.DeltaProcessor.checkProjectsAndClasspathChanges(DeltaProcessor.java:585)
	at org.eclipse.jdt.internal.core.DeltaProcessor.checkProjectsAndClasspathChanges(DeltaProcessor.java:585)
	at org.eclipse.jdt.internal.core.DeltaProcessor.resourceChanged(DeltaProcessor.java:2092)
	at org.eclipse.jdt.internal.core.DeltaProcessingState.resourceChanged(DeltaProcessingState.java:474)
	at org.eclipse.core.internal.events.NotificationManager$1.run(NotificationManager.java:297)
	at org.eclipse.core.runtime.SafeRunner.run(SafeRunner.java:42)
	at org.eclipse.core.internal.events.NotificationManager.notify(NotificationManager.java:287)
	at org.eclipse.core.internal.events.NotificationManager.broadcastChanges(NotificationManager.java:150)
	at org.eclipse.core.internal.resources.Workspace.broadcastPostChange(Workspace.java:376)
	at org.eclipse.core.internal.resources.Workspace.endOperation(Workspace.java:1499)
	at org.eclipse.core.internal.resources.Resource.refreshLocal(Resource.java:1552)
	at org.eclipse.core.internal.refresh.RefreshJob.runInWorkspace(RefreshJob.java:163)
	at org.eclipse.core.internal.resources.InternalWorkspaceJob.run(InternalWorkspaceJob.java:39)
	at org.eclipse.core.internal.jobs.Worker.run(Worker.java:60)
Caused by: java.util.concurrent.TimeoutException: Timeout after waiting 5 seconds to acquire the lock.
	at org.eclipse.osgi.container.Module.lockStateChange(Module.java:334)
	... 82 more

[Error - 9:28:20 PM] Aug 23, 2018 9:28:11 PM An error occurred while automatically activating bundle org.eclipse.m2e.jdt (57).
Exception in org.eclipse.m2e.jdt.MavenJdtPlugin.start() of bundle org.eclipse.m2e.jdt.
org.osgi.framework.BundleException: Exception in org.eclipse.m2e.jdt.MavenJdtPlugin.start() of bundle org.eclipse.m2e.jdt.
	at org.eclipse.osgi.internal.framework.BundleContextImpl.startActivator(BundleContextImpl.java:800)
	at org.eclipse.osgi.internal.framework.BundleContextImpl.start(BundleContextImpl.java:729)
	at org.eclipse.osgi.internal.framework.EquinoxBundle.startWorker0(EquinoxBundle.java:1002)
	at org.eclipse.osgi.internal.framework.EquinoxBundle$EquinoxModule.startWorker(EquinoxBundle.java:354)
	at org.eclipse.osgi.container.Module.doStart(Module.java:581)
	at org.eclipse.osgi.container.Module.start(Module.java:449)
	at org.eclipse.osgi.framework.util.SecureAction.start(SecureAction.java:468)
	at org.eclipse.osgi.internal.hooks.EclipseLazyStarter.postFindLocalClass(EclipseLazyStarter.java:114)
	at org.eclipse.osgi.internal.loader.classpath.ClasspathManager.findLocalClass(ClasspathManager.java:505)
	at org.eclipse.osgi.internal.loader.ModuleClassLoader.findLocalClass(ModuleClassLoader.java:328)
	at org.eclipse.osgi.internal.loader.BundleLoader.findLocalClass(BundleLoader.java:392)
	at org.eclipse.osgi.internal.loader.BundleLoader.findClassInternal(BundleLoader.java:470)
	at org.eclipse.osgi.internal.loader.BundleLoader.findClass(BundleLoader.java:419)
	at org.eclipse.osgi.internal.loader.BundleLoader.findClass(BundleLoader.java:411)
	at org.eclipse.osgi.internal.loader.ModuleClassLoader.loadClass(ModuleClassLoader.java:150)
	at java.lang.ClassLoader.loadClass(ClassLoader.java:357)
	at org.eclipse.osgi.internal.framework.EquinoxBundle.loadClass(EquinoxBundle.java:609)
	at org.eclipse.core.internal.registry.osgi.RegistryStrategyOSGI.createExecutableExtension(RegistryStrategyOSGI.java:177)
	at org.eclipse.core.internal.registry.ExtensionRegistry.createExecutableExtension(ExtensionRegistry.java:931)
	at org.eclipse.core.internal.registry.ConfigurationElement.createExecutableExtension(ConfigurationElement.java:243)
	at org.eclipse.core.internal.registry.ConfigurationElementHandle.createExecutableExtension(ConfigurationElementHandle.java:60)
	at org.eclipse.jdt.core.JavaCore.computeClasspathContainerInitializer(JavaCore.java:3666)
	at org.eclipse.jdt.core.JavaCore.getClasspathContainerInitializer(JavaCore.java:3642)
	at org.eclipse.jdt.internal.core.JavaModelManager.initializeContainer(JavaModelManager.java:3165)
	at org.eclipse.jdt.internal.core.JavaModelManager.getClasspathContainer(JavaModelManager.java:2120)
	at org.eclipse.jdt.core.JavaCore.getClasspathContainer(JavaCore.java:3619)
	at org.eclipse.jdt.internal.core.JavaProject.resolveClasspath(JavaProject.java:3118)
	at org.eclipse.jdt.internal.core.JavaProject.resolveClasspath(JavaProject.java:3282)
	at org.eclipse.jdt.internal.core.ClasspathChange.generateDelta(ClasspathChange.java:240)
	at org.eclipse.jdt.internal.core.ChangeClasspathOperation.classpathChanged(ChangeClasspathOperation.java:65)
	at org.eclipse.jdt.internal.core.SetContainerOperation.executeOperation(SetContainerOperation.java:112)
	at org.eclipse.jdt.internal.core.JavaModelOperation.run(JavaModelOperation.java:733)
	at org.eclipse.jdt.internal.core.JavaModelOperation.runOperation(JavaModelOperation.java:799)
	at org.eclipse.jdt.internal.core.JavaModelManager.getClasspathContainer(JavaModelManager.java:2123)
	at org.eclipse.jdt.core.JavaCore.getClasspathContainer(JavaCore.java:3619)
	at org.eclipse.jdt.internal.core.JavaProject.resolveClasspath(JavaProject.java:3118)
	at org.eclipse.jdt.internal.core.JavaProject.resolveClasspath(JavaProject.java:3282)
	at org.eclipse.jdt.internal.core.JavaProject.getResolvedClasspath(JavaProject.java:2359)
	at org.eclipse.jdt.internal.core.JavaProject.buildStructure(JavaProject.java:475)
	at org.eclipse.jdt.internal.core.Openable.generateInfos(Openable.java:265)
	at org.eclipse.jdt.internal.core.JavaElement.openWhenClosed(JavaElement.java:593)
	at org.eclipse.jdt.internal.core.JavaElement.getElementInfo(JavaElement.java:323)
	at org.eclipse.jdt.internal.core.JavaElement.getElementInfo(JavaElement.java:309)
	at org.eclipse.jdt.internal.core.JavaElement.getChildren(JavaElement.java:264)
	at org.eclipse.jdt.internal.core.JavaProject.getPackageFragmentRoots(JavaProject.java:2235)
	at org.eclipse.jdt.internal.core.DeltaProcessor.findContainingPackageFragmentRoot(DeltaProcessor.java:595)
	at org.eclipse.jdt.internal.core.DeltaProcessor.checkProjectsAndClasspathChanges(DeltaProcessor.java:513)
	at org.eclipse.jdt.internal.core.DeltaProcessor.checkProjectsAndClasspathChanges(DeltaProcessor.java:585)
	at org.eclipse.jdt.internal.core.DeltaProcessor.checkProjectsAndClasspathChanges(DeltaProcessor.java:585)
	at org.eclipse.jdt.internal.core.DeltaProcessor.checkProjectsAndClasspathChanges(DeltaProcessor.java:585)
	at org.eclipse.jdt.internal.core.DeltaProcessor.checkProjectsAndClasspathChanges(DeltaProcessor.java:585)
	at org.eclipse.jdt.internal.core.DeltaProcessor.checkProjectsAndClasspathChanges(DeltaProcessor.java:585)
	at org.eclipse.jdt.internal.core.DeltaProcessor.checkProjectsAndClasspathChanges(DeltaProcessor.java:585)
	at org.eclipse.jdt.internal.core.DeltaProcessor.checkProjectsAndClasspathChanges(DeltaProcessor.java:585)
	at org.eclipse.jdt.internal.core.DeltaProcessor.resourceChanged(DeltaProcessor.java:2092)
	at org.eclipse.jdt.internal.core.DeltaProcessingState.resourceChanged(DeltaProcessingState.java:474)
	at org.eclipse.core.internal.events.NotificationManager$1.run(NotificationManager.java:297)
	at org.eclipse.core.runtime.SafeRunner.run(SafeRunner.java:42)
	at org.eclipse.core.internal.events.NotificationManager.notify(NotificationManager.java:287)
	at org.eclipse.core.internal.events.NotificationManager.broadcastChanges(NotificationManager.java:150)
	at org.eclipse.core.internal.resources.Workspace.broadcastPostChange(Workspace.java:376)
	at org.eclipse.core.internal.resources.Workspace.endOperation(Workspace.java:1499)
	at org.eclipse.core.internal.resources.Resource.refreshLocal(Resource.java:1552)
	at org.eclipse.core.internal.refresh.RefreshJob.runInWorkspace(RefreshJob.java:163)
	at org.eclipse.core.internal.resources.InternalWorkspaceJob.run(InternalWorkspaceJob.java:39)
	at org.eclipse.core.internal.jobs.Worker.run(Worker.java:60)
Caused by: java.lang.NullPointerException
	at org.eclipse.m2e.jdt.MavenJdtPlugin.start(MavenJdtPlugin.java:109)
	at org.eclipse.osgi.internal.framework.BundleContextImpl$3.run(BundleContextImpl.java:779)
	at org.eclipse.osgi.internal.framework.BundleContextImpl$3.run(BundleContextImpl.java:1)
	at java.security.AccessController.doPrivileged(Native Method)
	at org.eclipse.osgi.internal.framework.BundleContextImpl.startActivator(BundleContextImpl.java:772)
	... 65 more

[Error - 9:28:30 PM] Aug 23, 2018 9:28:11 PM Problems occurred when invoking code from plug-in: "org.eclipse.core.resources".
org/eclipse/m2e/jdt/internal/BuildPathManager$ModuleInfoDetector
java.lang.NoClassDefFoundError: org/eclipse/m2e/jdt/internal/BuildPathManager$ModuleInfoDetector
	at org.eclipse.m2e.jdt.internal.BuildPathManager.resourceChanged(BuildPathManager.java:620)
	at org.eclipse.core.internal.events.NotificationManager$1.run(NotificationManager.java:297)
	at org.eclipse.core.runtime.SafeRunner.run(SafeRunner.java:42)
	at org.eclipse.core.internal.events.NotificationManager.notify(NotificationManager.java:287)
	at org.eclipse.core.internal.events.NotificationManager.broadcastChanges(NotificationManager.java:150)
	at org.eclipse.core.internal.resources.Workspace.broadcastPostChange(Workspace.java:376)
	at org.eclipse.core.internal.resources.Workspace.aboutToBuild(Workspace.java:304)
	at org.eclipse.core.internal.resources.Workspace.buildInternal(Workspace.java:438)
	at org.eclipse.core.internal.resources.Workspace.build(Workspace.java:401)
	at org.eclipse.jdt.ls.core.internal.handlers.BuildWorkspaceHandler.buildWorkspace(BuildWorkspaceHandler.java:63)
	at org.eclipse.jdt.ls.core.internal.handlers.JDTLanguageServer.lambda$21(JDTLanguageServer.java:672)
	at org.eclipse.jdt.ls.core.internal.handlers.JDTLanguageServer.lambda$22(JDTLanguageServer.java:716)
	at java.util.concurrent.CompletableFuture.uniApply(CompletableFuture.java:602)
	at java.util.concurrent.CompletableFuture$UniApply.tryFire(CompletableFuture.java:577)
	at java.util.concurrent.CompletableFuture$Completion.exec(CompletableFuture.java:443)
	at java.util.concurrent.ForkJoinTask.doExec(ForkJoinTask.java:289)
	at java.util.concurrent.ForkJoinPool$WorkQueue.runTask(ForkJoinPool.java:1056)
	at java.util.concurrent.ForkJoinPool.runWorker(ForkJoinPool.java:1692)
	at java.util.concurrent.ForkJoinWorkerThread.run(ForkJoinWorkerThread.java:157)
Caused by: java.lang.ClassNotFoundException: An error occurred while automatically activating bundle org.eclipse.m2e.jdt (57).
	at org.eclipse.osgi.internal.hooks.EclipseLazyStarter.postFindLocalClass(EclipseLazyStarter.java:123)
	at org.eclipse.osgi.internal.loader.classpath.ClasspathManager.findLocalClass(ClasspathManager.java:505)
	at org.eclipse.osgi.internal.loader.ModuleClassLoader.findLocalClass(ModuleClassLoader.java:328)
	at org.eclipse.osgi.internal.loader.BundleLoader.findLocalClass(BundleLoader.java:392)
	at org.eclipse.osgi.internal.loader.BundleLoader.findClassInternal(BundleLoader.java:470)
	at org.eclipse.osgi.internal.loader.BundleLoader.findClass(BundleLoader.java:419)
	at org.eclipse.osgi.internal.loader.BundleLoader.findClass(BundleLoader.java:411)
	at org.eclipse.osgi.internal.loader.ModuleClassLoader.loadClass(ModuleClassLoader.java:150)
	at java.lang.ClassLoader.loadClass(ClassLoader.java:357)
	at org.eclipse.osgi.internal.framework.EquinoxBundle.loadClass(EquinoxBundle.java:609)
	at org.eclipse.core.internal.registry.osgi.RegistryStrategyOSGI.createExecutableExtension(RegistryStrategyOSGI.java:177)
	at org.eclipse.core.internal.registry.ExtensionRegistry.createExecutableExtension(ExtensionRegistry.java:931)
	at org.eclipse.core.internal.registry.ConfigurationElement.createExecutableExtension(ConfigurationElement.java:243)
	at org.eclipse.core.internal.registry.ConfigurationElementHandle.createExecutableExtension(ConfigurationElementHandle.java:60)
	at org.eclipse.jdt.core.JavaCore.computeClasspathContainerInitializer(JavaCore.java:3666)
	at org.eclipse.jdt.core.JavaCore.getClasspathContainerInitializer(JavaCore.java:3642)
	at org.eclipse.jdt.internal.core.JavaModelManager.initializeContainer(JavaModelManager.java:3165)
	at org.eclipse.jdt.internal.core.JavaModelManager.getClasspathContainer(JavaModelManager.java:2120)
	at org.eclipse.jdt.core.JavaCore.getClasspathContainer(JavaCore.java:3619)
	at org.eclipse.jdt.internal.core.JavaProject.resolveClasspath(JavaProject.java:3118)
	at org.eclipse.jdt.internal.core.JavaProject.resolveClasspath(JavaProject.java:3282)
	at org.eclipse.jdt.internal.core.ClasspathChange.generateDelta(ClasspathChange.java:240)
	at org.eclipse.jdt.internal.core.ChangeClasspathOperation.classpathChanged(ChangeClasspathOperation.java:65)
	at org.eclipse.jdt.internal.core.SetContainerOperation.executeOperation(SetContainerOperation.java:112)
	at org.eclipse.jdt.internal.core.JavaModelOperation.run(JavaModelOperation.java:733)
	at org.eclipse.jdt.internal.core.JavaModelOperation.runOperation(JavaModelOperation.java:799)
	at org.eclipse.jdt.internal.core.JavaModelManager.getClasspathContainer(JavaModelManager.java:2123)
	at org.eclipse.jdt.core.JavaCore.getClasspathContainer(JavaCore.java:3619)
	at org.eclipse.jdt.internal.core.JavaProject.resolveClasspath(JavaProject.java:3118)
	at org.eclipse.jdt.internal.core.JavaProject.resolveClasspath(JavaProject.java:3282)
	at org.eclipse.jdt.internal.core.JavaProject.getResolvedClasspath(JavaProject.java:2359)
	at org.eclipse.jdt.internal.core.JavaProject.buildStructure(JavaProject.java:475)
	at org.eclipse.jdt.internal.core.Openable.generateInfos(Openable.java:265)
	at org.eclipse.jdt.internal.core.JavaElement.openWhenClosed(JavaElement.java:593)
	at org.eclipse.jdt.internal.core.JavaElement.getElementInfo(JavaElement.java:323)
	at org.eclipse.jdt.internal.core.JavaElement.getElementInfo(JavaElement.java:309)
	at org.eclipse.jdt.internal.core.JavaElement.getChildren(JavaElement.java:264)
	at org.eclipse.jdt.internal.core.JavaProject.getPackageFragmentRoots(JavaProject.java:2235)
	at org.eclipse.jdt.internal.core.DeltaProcessor.findContainingPackageFragmentRoot(DeltaProcessor.java:595)
	at org.eclipse.jdt.internal.core.DeltaProcessor.checkProjectsAndClasspathChanges(DeltaProcessor.java:513)
	at org.eclipse.jdt.internal.core.DeltaProcessor.checkProjectsAndClasspathChanges(DeltaProcessor.java:585)
	at org.eclipse.jdt.internal.core.DeltaProcessor.checkProjectsAndClasspathChanges(DeltaProcessor.java:585)
	at org.eclipse.jdt.internal.core.DeltaProcessor.checkProjectsAndClasspathChanges(DeltaProcessor.java:585)
	at org.eclipse.jdt.internal.core.DeltaProcessor.checkProjectsAndClasspathChanges(DeltaProcessor.java:585)
	at org.eclipse.jdt.internal.core.DeltaProcessor.checkProjectsAndClasspathChanges(DeltaProcessor.java:585)
	at org.eclipse.jdt.internal.core.DeltaProcessor.checkProjectsAndClasspathChanges(DeltaProcessor.java:585)
	at org.eclipse.jdt.internal.core.DeltaProcessor.checkProjectsAndClasspathChanges(DeltaProcessor.java:585)
	at org.eclipse.jdt.internal.core.DeltaProcessor.resourceChanged(DeltaProcessor.java:2092)
	at org.eclipse.jdt.internal.core.DeltaProcessingState.resourceChanged(DeltaProcessingState.java:474)
	at org.eclipse.core.internal.events.NotificationManager$1.run(NotificationManager.java:297)
	at org.eclipse.core.runtime.SafeRunner.run(SafeRunner.java:42)
	at org.eclipse.core.internal.events.NotificationManager.notify(NotificationManager.java:287)
	at org.eclipse.core.internal.events.NotificationManager.broadcastChanges(NotificationManager.java:150)
	at org.eclipse.core.internal.resources.Workspace.broadcastPostChange(Workspace.java:376)
	at org.eclipse.core.internal.resources.Workspace.endOperation(Workspace.java:1499)
	at org.eclipse.core.internal.resources.Resource.refreshLocal(Resource.java:1552)
	at org.eclipse.core.internal.refresh.RefreshJob.runInWorkspace(RefreshJob.java:163)
	at org.eclipse.core.internal.resources.InternalWorkspaceJob.run(InternalWorkspaceJob.java:39)
	at org.eclipse.core.internal.jobs.Worker.run(Worker.java:60)
Caused by: org.osgi.framework.BundleException: Exception in org.eclipse.m2e.jdt.MavenJdtPlugin.start() of bundle org.eclipse.m2e.jdt.
	at org.eclipse.osgi.internal.framework.BundleContextImpl.startActivator(BundleContextImpl.java:800)
	at org.eclipse.osgi.internal.framework.BundleContextImpl.start(BundleContextImpl.java:729)
	at org.eclipse.osgi.internal.framework.EquinoxBundle.startWorker0(EquinoxBundle.java:1002)
	at org.eclipse.osgi.internal.framework.EquinoxBundle$EquinoxModule.startWorker(EquinoxBundle.java:354)
	at org.eclipse.osgi.container.Module.doStart(Module.java:581)
	at org.eclipse.osgi.container.Module.start(Module.java:449)
	at org.eclipse.osgi.framework.util.SecureAction.start(SecureAction.java:468)
	at org.eclipse.osgi.internal.hooks.EclipseLazyStarter.postFindLocalClass(EclipseLazyStarter.java:114)
	... 58 more
Caused by: java.lang.NullPointerException
	at org.eclipse.m2e.jdt.MavenJdtPlugin.start(MavenJdtPlugin.java:109)
	at org.eclipse.osgi.internal.framework.BundleContextImpl$3.run(BundleContextImpl.java:779)
	at org.eclipse.osgi.internal.framework.BundleContextImpl$3.run(BundleContextImpl.java:1)
	at java.security.AccessController.doPrivileged(Native Method)
	at org.eclipse.osgi.internal.framework.BundleContextImpl.startActivator(BundleContextImpl.java:772)
	... 65 more

[Error - 9:28:38 PM] Aug 23, 2018 9:28:11 PM Error occured while building workspace. Details: 
message: Lifecycle mapping "org.eclipse.m2e.jdt.JarLifecycleMapping" is not available. To enable full functionality, install the lifecycle mapping and run Maven->Update Project Configuration.;code: 0
message: The import org.springframework cannot be resolved;code: 268435846
message: The import org.springframework cannot be resolved;code: 268435846
message: SpringBootApplication cannot be resolved to a type;code: 16777218
message: SpringApplication cannot be resolved;code: 570425394
message: The import org.junit cannot be resolved;code: 268435846
message: The import org.junit cannot be resolved;code: 268435846
message: The import org.springframework cannot be resolved;code: 268435846
message: The import org.springframework cannot be resolved;code: 268435846
message: RunWith cannot be resolved to a type;code: 16777218
message: SpringRunner cannot be resolved to a type;code: 16777218
message: SpringBootTest cannot be resolved to a type;code: 16777218
message: Test cannot be resolved to a type;code: 16777218
[Error - 9:28:41 PM] Aug 23, 2018 9:28:11 PM Problems occurred when invoking code from plug-in: "org.eclipse.core.resources".
org/eclipse/m2e/jdt/internal/BuildPathManager$ModuleInfoDetector
java.lang.NoClassDefFoundError: org/eclipse/m2e/jdt/internal/BuildPathManager$ModuleInfoDetector
	at org.eclipse.m2e.jdt.internal.BuildPathManager.resourceChanged(BuildPathManager.java:620)
	at org.eclipse.core.internal.events.NotificationManager$1.run(NotificationManager.java:297)
	at org.eclipse.core.runtime.SafeRunner.run(SafeRunner.java:42)
	at org.eclipse.core.internal.events.NotificationManager.notify(NotificationManager.java:287)
	at org.eclipse.core.internal.events.NotificationManager.broadcastChanges(NotificationManager.java:150)
	at org.eclipse.core.internal.resources.Workspace.broadcastPostChange(Workspace.java:376)
	at org.eclipse.core.internal.resources.Workspace.endOperation(Workspace.java:1499)
	at org.eclipse.core.internal.resources.InternalWorkspaceJob.run(InternalWorkspaceJob.java:46)
	at org.eclipse.core.internal.jobs.Worker.run(Worker.java:60)

[Error - 9:28:44 PM] Aug 23, 2018 9:28:11 PM Problems occurred when invoking code from plug-in: "org.eclipse.core.resources".
org/eclipse/m2e/jdt/internal/BuildPathManager$ModuleInfoDetector
java.lang.NoClassDefFoundError: org/eclipse/m2e/jdt/internal/BuildPathManager$ModuleInfoDetector
	at org.eclipse.m2e.jdt.internal.BuildPathManager.resourceChanged(BuildPathManager.java:620)
	at org.eclipse.core.internal.events.NotificationManager$1.run(NotificationManager.java:297)
	at org.eclipse.core.runtime.SafeRunner.run(SafeRunner.java:42)
	at org.eclipse.core.internal.events.NotificationManager.notify(NotificationManager.java:287)
	at org.eclipse.core.internal.events.NotificationManager.broadcastChanges(NotificationManager.java:150)
	at org.eclipse.core.internal.resources.Workspace.broadcastPostChange(Workspace.java:376)
	at org.eclipse.core.internal.resources.Workspace.endOperation(Workspace.java:1499)
	at org.eclipse.core.internal.resources.Resource.deleteMarkers(Resource.java:792)
	at org.eclipse.m2e.core.internal.markers.MavenMarkerManager.deleteMarkers(MavenMarkerManager.java:229)
	at org.eclipse.m2e.core.internal.markers.MavenMarkerManager.deleteMarkers(MavenMarkerManager.java:223)
	at org.eclipse.m2e.core.internal.project.registry.ProjectRegistryManager.setupLifecycleMapping(ProjectRegistryManager.java:609)
	at org.eclipse.m2e.core.internal.project.registry.ProjectRegistryManager.refreshPhase2(ProjectRegistryManager.java:513)
	at org.eclipse.m2e.core.internal.project.registry.ProjectRegistryManager$3.call(ProjectRegistryManager.java:492)
	at org.eclipse.m2e.core.internal.project.registry.ProjectRegistryManager$3.call(ProjectRegistryManager.java:1)
	at org.eclipse.m2e.core.internal.embedder.MavenExecutionContext.executeBare(MavenExecutionContext.java:177)
	at org.eclipse.m2e.core.internal.embedder.MavenExecutionContext.execute(MavenExecutionContext.java:151)
	at org.eclipse.m2e.core.internal.project.registry.ProjectRegistryManager.refresh(ProjectRegistryManager.java:496)
	at org.eclipse.m2e.core.internal.project.registry.ProjectRegistryManager.refresh(ProjectRegistryManager.java:351)
	at org.eclipse.m2e.core.internal.project.registry.ProjectRegistryRefreshJob$1$1.call(ProjectRegistryRefreshJob.java:89)
	at org.eclipse.m2e.core.internal.project.registry.ProjectRegistryRefreshJob$1$1.call(ProjectRegistryRefreshJob.java:1)
	at org.eclipse.m2e.core.internal.embedder.MavenExecutionContext.executeBare(MavenExecutionContext.java:177)
	at org.eclipse.m2e.core.internal.embedder.MavenExecutionContext.execute(MavenExecutionContext.java:151)
	at org.eclipse.m2e.core.internal.embedder.MavenExecutionContext.execute(MavenExecutionContext.java:99)
	at org.eclipse.m2e.core.internal.embedder.MavenImpl.execute(MavenImpl.java:1351)
	at org.eclipse.m2e.core.internal.project.registry.ProjectRegistryRefreshJob$1.call(ProjectRegistryRefreshJob.java:87)
	at org.eclipse.m2e.core.internal.project.registry.ProjectRegistryRefreshJob$1.call(ProjectRegistryRefreshJob.java:1)
	at org.eclipse.m2e.core.internal.embedder.MavenExecutionContext.executeBare(MavenExecutionContext.java:177)
	at org.eclipse.m2e.core.internal.embedder.MavenExecutionContext.execute(MavenExecutionContext.java:151)
	at org.eclipse.m2e.core.internal.embedder.MavenExecutionContext.execute(MavenExecutionContext.java:99)
	at org.eclipse.m2e.core.internal.embedder.MavenImpl.execute(MavenImpl.java:1355)
	at org.eclipse.m2e.core.internal.project.registry.ProjectRegistryRefreshJob.run(ProjectRegistryRefreshJob.java:81)
	at org.eclipse.core.internal.jobs.Worker.run(Worker.java:60)

[Error - 9:28:44 PM] Aug 23, 2018 9:28:11 PM Problems occurred when invoking code from plug-in: "org.eclipse.core.resources".
org/eclipse/m2e/jdt/internal/BuildPathManager$ModuleInfoDetector
java.lang.NoClassDefFoundError: org/eclipse/m2e/jdt/internal/BuildPathManager$ModuleInfoDetector
	at org.eclipse.m2e.jdt.internal.BuildPathManager.resourceChanged(BuildPathManager.java:620)
	at org.eclipse.core.internal.events.NotificationManager$1.run(NotificationManager.java:297)
	at org.eclipse.core.runtime.SafeRunner.run(SafeRunner.java:42)
	at org.eclipse.core.internal.events.NotificationManager.notify(NotificationManager.java:287)
	at org.eclipse.core.internal.events.NotificationManager.broadcastChanges(NotificationManager.java:150)
	at org.eclipse.core.internal.resources.Workspace.broadcastPostChange(Workspace.java:376)
	at org.eclipse.core.internal.resources.Workspace.endOperation(Workspace.java:1499)
	at org.eclipse.core.internal.resources.Resource.createMarker(Resource.java:693)
	at org.eclipse.m2e.core.internal.markers.MavenMarkerManager.addMarker(MavenMarkerManager.java:104)
	at org.eclipse.m2e.core.internal.markers.MavenMarkerManager.addMarker(MavenMarkerManager.java:85)
	at org.eclipse.m2e.core.internal.markers.MavenMarkerManager.addErrorMarker(MavenMarkerManager.java:301)
	at org.eclipse.m2e.core.internal.markers.MavenMarkerManager.addErrorMarkers(MavenMarkerManager.java:295)
	at org.eclipse.m2e.core.internal.project.registry.ProjectRegistryManager.setupLifecycleMapping(ProjectRegistryManager.java:611)
	at org.eclipse.m2e.core.internal.project.registry.ProjectRegistryManager.refreshPhase2(ProjectRegistryManager.java:513)
	at org.eclipse.m2e.core.internal.project.registry.ProjectRegistryManager$3.call(ProjectRegistryManager.java:492)
	at org.eclipse.m2e.core.internal.project.registry.ProjectRegistryManager$3.call(ProjectRegistryManager.java:1)
	at org.eclipse.m2e.core.internal.embedder.MavenExecutionContext.executeBare(MavenExecutionContext.java:177)
	at org.eclipse.m2e.core.internal.embedder.MavenExecutionContext.execute(MavenExecutionContext.java:151)
	at org.eclipse.m2e.core.internal.project.registry.ProjectRegistryManager.refresh(ProjectRegistryManager.java:496)
	at org.eclipse.m2e.core.internal.project.registry.ProjectRegistryManager.refresh(ProjectRegistryManager.java:351)
	at org.eclipse.m2e.core.internal.project.registry.ProjectRegistryRefreshJob$1$1.call(ProjectRegistryRefreshJob.java:89)
	at org.eclipse.m2e.core.internal.project.registry.ProjectRegistryRefreshJob$1$1.call(ProjectRegistryRefreshJob.java:1)
	at org.eclipse.m2e.core.internal.embedder.MavenExecutionContext.executeBare(MavenExecutionContext.java:177)
	at org.eclipse.m2e.core.internal.embedder.MavenExecutionContext.execute(MavenExecutionContext.java:151)
	at org.eclipse.m2e.core.internal.embedder.MavenExecutionContext.execute(MavenExecutionContext.java:99)
	at org.eclipse.m2e.core.internal.embedder.MavenImpl.execute(MavenImpl.java:1351)
	at org.eclipse.m2e.core.internal.project.registry.ProjectRegistryRefreshJob$1.call(ProjectRegistryRefreshJob.java:87)
	at org.eclipse.m2e.core.internal.project.registry.ProjectRegistryRefreshJob$1.call(ProjectRegistryRefreshJob.java:1)
	at org.eclipse.m2e.core.internal.embedder.MavenExecutionContext.executeBare(MavenExecutionContext.java:177)
	at org.eclipse.m2e.core.internal.embedder.MavenExecutionContext.execute(MavenExecutionContext.java:151)
	at org.eclipse.m2e.core.internal.embedder.MavenExecutionContext.execute(MavenExecutionContext.java:99)
	at org.eclipse.m2e.core.internal.embedder.MavenImpl.execute(MavenImpl.java:1355)
	at org.eclipse.m2e.core.internal.project.registry.ProjectRegistryRefreshJob.run(ProjectRegistryRefreshJob.java:81)
	at org.eclipse.core.internal.jobs.Worker.run(Worker.java:60)

[Error - 9:28:44 PM] Aug 23, 2018 9:28:11 PM Problems occurred when invoking code from plug-in: "org.eclipse.core.resources".
org/eclipse/m2e/jdt/internal/BuildPathManager$ModuleInfoDetector
java.lang.NoClassDefFoundError: org/eclipse/m2e/jdt/internal/BuildPathManager$ModuleInfoDetector
	at org.eclipse.m2e.jdt.internal.BuildPathManager.resourceChanged(BuildPathManager.java:620)
	at org.eclipse.core.internal.events.NotificationManager$1.run(NotificationManager.java:297)
	at org.eclipse.core.runtime.SafeRunner.run(SafeRunner.java:42)
	at org.eclipse.core.internal.events.NotificationManager.notify(NotificationManager.java:287)
	at org.eclipse.core.internal.events.NotificationManager.broadcastChanges(NotificationManager.java:150)
	at org.eclipse.core.internal.resources.Workspace.broadcastPostChange(Workspace.java:376)
	at org.eclipse.core.internal.resources.Workspace.endOperation(Workspace.java:1499)
	at org.eclipse.core.internal.resources.Marker.setAttribute(Marker.java:271)
	at org.eclipse.m2e.core.internal.markers.MavenMarkerManager.addMarker(MavenMarkerManager.java:105)
	at org.eclipse.m2e.core.internal.markers.MavenMarkerManager.addMarker(MavenMarkerManager.java:85)
	at org.eclipse.m2e.core.internal.markers.MavenMarkerManager.addErrorMarker(MavenMarkerManager.java:301)
	at org.eclipse.m2e.core.internal.markers.MavenMarkerManager.addErrorMarkers(MavenMarkerManager.java:295)
	at org.eclipse.m2e.core.internal.project.registry.ProjectRegistryManager.setupLifecycleMapping(ProjectRegistryManager.java:611)
	at org.eclipse.m2e.core.internal.project.registry.ProjectRegistryManager.refreshPhase2(ProjectRegistryManager.java:513)
	at org.eclipse.m2e.core.internal.project.registry.ProjectRegistryManager$3.call(ProjectRegistryManager.java:492)
	at org.eclipse.m2e.core.internal.project.registry.ProjectRegistryManager$3.call(ProjectRegistryManager.java:1)
	at org.eclipse.m2e.core.internal.embedder.MavenExecutionContext.executeBare(MavenExecutionContext.java:177)
	at org.eclipse.m2e.core.internal.embedder.MavenExecutionContext.execute(MavenExecutionContext.java:151)
	at org.eclipse.m2e.core.internal.project.registry.ProjectRegistryManager.refresh(ProjectRegistryManager.java:496)
	at org.eclipse.m2e.core.internal.project.registry.ProjectRegistryManager.refresh(ProjectRegistryManager.java:351)
	at org.eclipse.m2e.core.internal.project.registry.ProjectRegistryRefreshJob$1$1.call(ProjectRegistryRefreshJob.java:89)
	at org.eclipse.m2e.core.internal.project.registry.ProjectRegistryRefreshJob$1$1.call(ProjectRegistryRefreshJob.java:1)
	at org.eclipse.m2e.core.internal.embedder.MavenExecutionContext.executeBare(MavenExecutionContext.java:177)
	at org.eclipse.m2e.core.internal.embedder.MavenExecutionContext.execute(MavenExecutionContext.java:151)
	at org.eclipse.m2e.core.internal.embedder.MavenExecutionContext.execute(MavenExecutionContext.java:99)
	at org.eclipse.m2e.core.internal.embedder.MavenImpl.execute(MavenImpl.java:1351)
	at org.eclipse.m2e.core.internal.project.registry.ProjectRegistryRefreshJob$1.call(ProjectRegistryRefreshJob.java:87)
	at org.eclipse.m2e.core.internal.project.registry.ProjectRegistryRefreshJob$1.call(ProjectRegistryRefreshJob.java:1)
	at org.eclipse.m2e.core.internal.embedder.MavenExecutionContext.executeBare(MavenExecutionContext.java:177)
	at org.eclipse.m2e.core.internal.embedder.MavenExecutionContext.execute(MavenExecutionContext.java:151)
	at org.eclipse.m2e.core.internal.embedder.MavenExecutionContext.execute(MavenExecutionContext.java:99)
	at org.eclipse.m2e.core.internal.embedder.MavenImpl.execute(MavenImpl.java:1355)
	at org.eclipse.m2e.core.internal.project.registry.ProjectRegistryRefreshJob.run(ProjectRegistryRefreshJob.java:81)
	at org.eclipse.core.internal.jobs.Worker.run(Worker.java:60)

[Error - 9:28:44 PM] Aug 23, 2018 9:28:11 PM Problems occurred when invoking code from plug-in: "org.eclipse.core.resources".
org/eclipse/m2e/jdt/internal/BuildPathManager$ModuleInfoDetector
java.lang.NoClassDefFoundError: org/eclipse/m2e/jdt/internal/BuildPathManager$ModuleInfoDetector
	at org.eclipse.m2e.jdt.internal.BuildPathManager.resourceChanged(BuildPathManager.java:620)
	at org.eclipse.core.internal.events.NotificationManager$1.run(NotificationManager.java:297)
	at org.eclipse.core.runtime.SafeRunner.run(SafeRunner.java:42)
	at org.eclipse.core.internal.events.NotificationManager.notify(NotificationManager.java:287)
	at org.eclipse.core.internal.events.NotificationManager.broadcastChanges(NotificationManager.java:150)
	at org.eclipse.core.internal.resources.Workspace.broadcastPostChange(Workspace.java:376)
	at org.eclipse.core.internal.resources.Workspace.endOperation(Workspace.java:1499)
	at org.eclipse.core.internal.resources.Marker.setAttribute(Marker.java:271)
	at org.eclipse.core.internal.resources.Marker.setAttribute(Marker.java:242)
	at org.eclipse.m2e.core.internal.markers.MavenMarkerManager.addMarker(MavenMarkerManager.java:106)
	at org.eclipse.m2e.core.internal.markers.MavenMarkerManager.addMarker(MavenMarkerManager.java:85)
	at org.eclipse.m2e.core.internal.markers.MavenMarkerManager.addErrorMarker(MavenMarkerManager.java:301)
	at org.eclipse.m2e.core.internal.markers.MavenMarkerManager.addErrorMarkers(MavenMarkerManager.java:295)
	at org.eclipse.m2e.core.internal.project.registry.ProjectRegistryManager.setupLifecycleMapping(ProjectRegistryManager.java:611)
	at org.eclipse.m2e.core.internal.project.registry.ProjectRegistryManager.refreshPhase2(ProjectRegistryManager.java:513)
	at org.eclipse.m2e.core.internal.project.registry.ProjectRegistryManager$3.call(ProjectRegistryManager.java:492)
	at org.eclipse.m2e.core.internal.project.registry.ProjectRegistryManager$3.call(ProjectRegistryManager.java:1)
	at org.eclipse.m2e.core.internal.embedder.MavenExecutionContext.executeBare(MavenExecutionContext.java:177)
	at org.eclipse.m2e.core.internal.embedder.MavenExecutionContext.execute(MavenExecutionContext.java:151)
	at org.eclipse.m2e.core.internal.project.registry.ProjectRegistryManager.refresh(ProjectRegistryManager.java:496)
	at org.eclipse.m2e.core.internal.project.registry.ProjectRegistryManager.refresh(ProjectRegistryManager.java:351)
	at org.eclipse.m2e.core.internal.project.registry.ProjectRegistryRefreshJob$1$1.call(ProjectRegistryRefreshJob.java:89)
	at org.eclipse.m2e.core.internal.project.registry.ProjectRegistryRefreshJob$1$1.call(ProjectRegistryRefreshJob.java:1)
	at org.eclipse.m2e.core.internal.embedder.MavenExecutionContext.executeBare(MavenExecutionContext.java:177)
	at org.eclipse.m2e.core.internal.embedder.MavenExecutionContext.execute(MavenExecutionContext.java:151)
	at org.eclipse.m2e.core.internal.embedder.MavenExecutionContext.execute(MavenExecutionContext.java:99)
	at org.eclipse.m2e.core.internal.embedder.MavenImpl.execute(MavenImpl.java:1351)
	at org.eclipse.m2e.core.internal.project.registry.ProjectRegistryRefreshJob$1.call(ProjectRegistryRefreshJob.java:87)
	at org.eclipse.m2e.core.internal.project.registry.ProjectRegistryRefreshJob$1.call(ProjectRegistryRefreshJob.java:1)
	at org.eclipse.m2e.core.internal.embedder.MavenExecutionContext.executeBare(MavenExecutionContext.java:177)
	at org.eclipse.m2e.core.internal.embedder.MavenExecutionContext.execute(MavenExecutionContext.java:151)
	at org.eclipse.m2e.core.internal.embedder.MavenExecutionContext.execute(MavenExecutionContext.java:99)
	at org.eclipse.m2e.core.internal.embedder.MavenImpl.execute(MavenImpl.java:1355)
	at org.eclipse.m2e.core.internal.project.registry.ProjectRegistryRefreshJob.run(ProjectRegistryRefreshJob.java:81)
	at org.eclipse.core.internal.jobs.Worker.run(Worker.java:60)

[Error - 9:28:44 PM] Aug 23, 2018 9:28:11 PM Problems occurred when invoking code from plug-in: "org.eclipse.core.resources".
org/eclipse/m2e/jdt/internal/BuildPathManager$ModuleInfoDetector
java.lang.NoClassDefFoundError: org/eclipse/m2e/jdt/internal/BuildPathManager$ModuleInfoDetector
	at org.eclipse.m2e.jdt.internal.BuildPathManager.resourceChanged(BuildPathManager.java:620)
	at org.eclipse.core.internal.events.NotificationManager$1.run(NotificationManager.java:297)
	at org.eclipse.core.runtime.SafeRunner.run(SafeRunner.java:42)
	at org.eclipse.core.internal.events.NotificationManager.notify(NotificationManager.java:287)
	at org.eclipse.core.internal.events.NotificationManager.broadcastChanges(NotificationManager.java:150)
	at org.eclipse.core.internal.resources.Workspace.broadcastPostChange(Workspace.java:376)
	at org.eclipse.core.internal.resources.Workspace.endOperation(Workspace.java:1499)
	at org.eclipse.core.internal.resources.Marker.setAttribute(Marker.java:271)
	at org.eclipse.core.internal.resources.Marker.setAttribute(Marker.java:280)
	at org.eclipse.m2e.core.internal.markers.MavenMarkerManager.addMarker(MavenMarkerManager.java:107)
	at org.eclipse.m2e.core.internal.markers.MavenMarkerManager.addMarker(MavenMarkerManager.java:85)
	at org.eclipse.m2e.core.internal.markers.MavenMarkerManager.addErrorMarker(MavenMarkerManager.java:301)
	at org.eclipse.m2e.core.internal.markers.MavenMarkerManager.addErrorMarkers(MavenMarkerManager.java:295)
	at org.eclipse.m2e.core.internal.project.registry.ProjectRegistryManager.setupLifecycleMapping(ProjectRegistryManager.java:611)
	at org.eclipse.m2e.core.internal.project.registry.ProjectRegistryManager.refreshPhase2(ProjectRegistryManager.java:513)
	at org.eclipse.m2e.core.internal.project.registry.ProjectRegistryManager$3.call(ProjectRegistryManager.java:492)
	at org.eclipse.m2e.core.internal.project.registry.ProjectRegistryManager$3.call(ProjectRegistryManager.java:1)
	at org.eclipse.m2e.core.internal.embedder.MavenExecutionContext.executeBare(MavenExecutionContext.java:177)
	at org.eclipse.m2e.core.internal.embedder.MavenExecutionContext.execute(MavenExecutionContext.java:151)
	at org.eclipse.m2e.core.internal.project.registry.ProjectRegistryManager.refresh(ProjectRegistryManager.java:496)
	at org.eclipse.m2e.core.internal.project.registry.ProjectRegistryManager.refresh(ProjectRegistryManager.java:351)
	at org.eclipse.m2e.core.internal.project.registry.ProjectRegistryRefreshJob$1$1.call(ProjectRegistryRefreshJob.java:89)
	at org.eclipse.m2e.core.internal.project.registry.ProjectRegistryRefreshJob$1$1.call(ProjectRegistryRefreshJob.java:1)
	at org.eclipse.m2e.core.internal.embedder.MavenExecutionContext.executeBare(MavenExecutionContext.java:177)
	at org.eclipse.m2e.core.internal.embedder.MavenExecutionContext.execute(MavenExecutionContext.java:151)
	at org.eclipse.m2e.core.internal.embedder.MavenExecutionContext.execute(MavenExecutionContext.java:99)
	at org.eclipse.m2e.core.internal.embedder.MavenImpl.execute(MavenImpl.java:1351)
	at org.eclipse.m2e.core.internal.project.registry.ProjectRegistryRefreshJob$1.call(ProjectRegistryRefreshJob.java:87)
	at org.eclipse.m2e.core.internal.project.registry.ProjectRegistryRefreshJob$1.call(ProjectRegistryRefreshJob.java:1)
	at org.eclipse.m2e.core.internal.embedder.MavenExecutionContext.executeBare(MavenExecutionContext.java:177)
	at org.eclipse.m2e.core.internal.embedder.MavenExecutionContext.execute(MavenExecutionContext.java:151)
	at org.eclipse.m2e.core.internal.embedder.MavenExecutionContext.execute(MavenExecutionContext.java:99)
	at org.eclipse.m2e.core.internal.embedder.MavenImpl.execute(MavenImpl.java:1355)
	at org.eclipse.m2e.core.internal.project.registry.ProjectRegistryRefreshJob.run(ProjectRegistryRefreshJob.java:81)
	at org.eclipse.core.internal.jobs.Worker.run(Worker.java:60)

[Error - 9:28:44 PM] Aug 23, 2018 9:28:11 PM Problems occurred when invoking code from plug-in: "org.eclipse.core.resources".
org/eclipse/m2e/jdt/internal/BuildPathManager$ModuleInfoDetector
java.lang.NoClassDefFoundError: org/eclipse/m2e/jdt/internal/BuildPathManager$ModuleInfoDetector
	at org.eclipse.m2e.jdt.internal.BuildPathManager.resourceChanged(BuildPathManager.java:620)
	at org.eclipse.core.internal.events.NotificationManager$1.run(NotificationManager.java:297)
	at org.eclipse.core.runtime.SafeRunner.run(SafeRunner.java:42)
	at org.eclipse.core.internal.events.NotificationManager.notify(NotificationManager.java:287)
	at org.eclipse.core.internal.events.NotificationManager.broadcastChanges(NotificationManager.java:150)
	at org.eclipse.core.internal.resources.Workspace.broadcastPostChange(Workspace.java:376)
	at org.eclipse.core.internal.resources.Workspace.endOperation(Workspace.java:1499)
	at org.eclipse.core.internal.resources.Marker.setAttribute(Marker.java:271)
	at org.eclipse.core.internal.resources.Marker.setAttribute(Marker.java:242)
	at org.eclipse.m2e.core.internal.markers.MavenMarkerManager.addMarker(MavenMarkerManager.java:109)
	at org.eclipse.m2e.core.internal.markers.MavenMarkerManager.addMarker(MavenMarkerManager.java:85)
	at org.eclipse.m2e.core.internal.markers.MavenMarkerManager.addErrorMarker(MavenMarkerManager.java:301)
	at org.eclipse.m2e.core.internal.markers.MavenMarkerManager.addErrorMarkers(MavenMarkerManager.java:295)
	at org.eclipse.m2e.core.internal.project.registry.ProjectRegistryManager.setupLifecycleMapping(ProjectRegistryManager.java:611)
	at org.eclipse.m2e.core.internal.project.registry.ProjectRegistryManager.refreshPhase2(ProjectRegistryManager.java:513)
	at org.eclipse.m2e.core.internal.project.registry.ProjectRegistryManager$3.call(ProjectRegistryManager.java:492)
	at org.eclipse.m2e.core.internal.project.registry.ProjectRegistryManager$3.call(ProjectRegistryManager.java:1)
	at org.eclipse.m2e.core.internal.embedder.MavenExecutionContext.executeBare(MavenExecutionContext.java:177)
	at org.eclipse.m2e.core.internal.embedder.MavenExecutionContext.execute(MavenExecutionContext.java:151)
	at org.eclipse.m2e.core.internal.project.registry.ProjectRegistryManager.refresh(ProjectRegistryManager.java:496)
	at org.eclipse.m2e.core.internal.project.registry.ProjectRegistryManager.refresh(ProjectRegistryManager.java:351)
	at org.eclipse.m2e.core.internal.project.registry.ProjectRegistryRefreshJob$1$1.call(ProjectRegistryRefreshJob.java:89)
	at org.eclipse.m2e.core.internal.project.registry.ProjectRegistryRefreshJob$1$1.call(ProjectRegistryRefreshJob.java:1)
	at org.eclipse.m2e.core.internal.embedder.MavenExecutionContext.executeBare(MavenExecutionContext.java:177)
	at org.eclipse.m2e.core.internal.embedder.MavenExecutionContext.execute(MavenExecutionContext.java:151)
	at org.eclipse.m2e.core.internal.embedder.MavenExecutionContext.execute(MavenExecutionContext.java:99)
	at org.eclipse.m2e.core.internal.embedder.MavenImpl.execute(MavenImpl.java:1351)
	at org.eclipse.m2e.core.internal.project.registry.ProjectRegistryRefreshJob$1.call(ProjectRegistryRefreshJob.java:87)
	at org.eclipse.m2e.core.internal.project.registry.ProjectRegistryRefreshJob$1.call(ProjectRegistryRefreshJob.java:1)
	at org.eclipse.m2e.core.internal.embedder.MavenExecutionContext.executeBare(MavenExecutionContext.java:177)
	at org.eclipse.m2e.core.internal.embedder.MavenExecutionContext.execute(MavenExecutionContext.java:151)
	at org.eclipse.m2e.core.internal.embedder.MavenExecutionContext.execute(MavenExecutionContext.java:99)
	at org.eclipse.m2e.core.internal.embedder.MavenImpl.execute(MavenImpl.java:1355)
	at org.eclipse.m2e.core.internal.project.registry.ProjectRegistryRefreshJob.run(ProjectRegistryRefreshJob.java:81)
	at org.eclipse.core.internal.jobs.Worker.run(Worker.java:60)

[Error - 9:28:44 PM] Aug 23, 2018 9:28:11 PM Problems occurred when invoking code from plug-in: "org.eclipse.core.resources".
org/eclipse/m2e/jdt/internal/BuildPathManager$ModuleInfoDetector
java.lang.NoClassDefFoundError: org/eclipse/m2e/jdt/internal/BuildPathManager$ModuleInfoDetector
	at org.eclipse.m2e.jdt.internal.BuildPathManager.resourceChanged(BuildPathManager.java:620)
	at org.eclipse.core.internal.events.NotificationManager$1.run(NotificationManager.java:297)
	at org.eclipse.core.runtime.SafeRunner.run(SafeRunner.java:42)
	at org.eclipse.core.internal.events.NotificationManager.notify(NotificationManager.java:287)
	at org.eclipse.core.internal.events.NotificationManager.broadcastChanges(NotificationManager.java:150)
	at org.eclipse.core.internal.resources.Workspace.broadcastPostChange(Workspace.java:376)
	at org.eclipse.core.internal.resources.Workspace.endOperation(Workspace.java:1499)
	at org.eclipse.core.internal.resources.Marker.setAttribute(Marker.java:271)
	at org.eclipse.core.internal.resources.Marker.setAttribute(Marker.java:242)
	at org.eclipse.m2e.core.internal.markers.MavenProblemInfo.processMarker(MavenProblemInfo.java:93)
	at org.eclipse.m2e.core.internal.lifecyclemapping.MissingLifecycleExtensionPoint.processMarker(MissingLifecycleExtensionPoint.java:38)
	at org.eclipse.m2e.core.internal.markers.MavenMarkerManager.addErrorMarker(MavenMarkerManager.java:308)
	at org.eclipse.m2e.core.internal.markers.MavenMarkerManager.addErrorMarkers(MavenMarkerManager.java:295)
	at org.eclipse.m2e.core.internal.project.registry.ProjectRegistryManager.setupLifecycleMapping(ProjectRegistryManager.java:611)
	at org.eclipse.m2e.core.internal.project.registry.ProjectRegistryManager.refreshPhase2(ProjectRegistryManager.java:513)
	at org.eclipse.m2e.core.internal.project.registry.ProjectRegistryManager$3.call(ProjectRegistryManager.java:492)
	at org.eclipse.m2e.core.internal.project.registry.ProjectRegistryManager$3.call(ProjectRegistryManager.java:1)
	at org.eclipse.m2e.core.internal.embedder.MavenExecutionContext.executeBare(MavenExecutionContext.java:177)
	at org.eclipse.m2e.core.internal.embedder.MavenExecutionContext.execute(MavenExecutionContext.java:151)
	at org.eclipse.m2e.core.internal.project.registry.ProjectRegistryManager.refresh(ProjectRegistryManager.java:496)
	at org.eclipse.m2e.core.internal.project.registry.ProjectRegistryManager.refresh(ProjectRegistryManager.java:351)
	at org.eclipse.m2e.core.internal.project.registry.ProjectRegistryRefreshJob$1$1.call(ProjectRegistryRefreshJob.java:89)
	at org.eclipse.m2e.core.internal.project.registry.ProjectRegistryRefreshJob$1$1.call(ProjectRegistryRefreshJob.java:1)
	at org.eclipse.m2e.core.internal.embedder.MavenExecutionContext.executeBare(MavenExecutionContext.java:177)
	at org.eclipse.m2e.core.internal.embedder.MavenExecutionContext.execute(MavenExecutionContext.java:151)
	at org.eclipse.m2e.core.internal.embedder.MavenExecutionContext.execute(MavenExecutionContext.java:99)
	at org.eclipse.m2e.core.internal.embedder.MavenImpl.execute(MavenImpl.java:1351)
	at org.eclipse.m2e.core.internal.project.registry.ProjectRegistryRefreshJob$1.call(ProjectRegistryRefreshJob.java:87)
	at org.eclipse.m2e.core.internal.project.registry.ProjectRegistryRefreshJob$1.call(ProjectRegistryRefreshJob.java:1)
	at org.eclipse.m2e.core.internal.embedder.MavenExecutionContext.executeBare(MavenExecutionContext.java:177)
	at org.eclipse.m2e.core.internal.embedder.MavenExecutionContext.execute(MavenExecutionContext.java:151)
	at org.eclipse.m2e.core.internal.embedder.MavenExecutionContext.execute(MavenExecutionContext.java:99)
	at org.eclipse.m2e.core.internal.embedder.MavenImpl.execute(MavenImpl.java:1355)
	at org.eclipse.m2e.core.internal.project.registry.ProjectRegistryRefreshJob.run(ProjectRegistryRefreshJob.java:81)
	at org.eclipse.core.internal.jobs.Worker.run(Worker.java:60)

[Error - 9:28:44 PM] Aug 23, 2018 9:28:11 PM Problems occurred when invoking code from plug-in: "org.eclipse.core.resources".
org/eclipse/m2e/jdt/internal/BuildPathManager$ModuleInfoDetector
java.lang.NoClassDefFoundError: org/eclipse/m2e/jdt/internal/BuildPathManager$ModuleInfoDetector
	at org.eclipse.m2e.jdt.internal.BuildPathManager.resourceChanged(BuildPathManager.java:620)
	at org.eclipse.core.internal.events.NotificationManager$1.run(NotificationManager.java:297)
	at org.eclipse.core.runtime.SafeRunner.run(SafeRunner.java:42)
	at org.eclipse.core.internal.events.NotificationManager.notify(NotificationManager.java:287)
	at org.eclipse.core.internal.events.NotificationManager.broadcastChanges(NotificationManager.java:150)
	at org.eclipse.core.internal.resources.Workspace.broadcastPostChange(Workspace.java:376)
	at org.eclipse.core.internal.resources.Workspace.endOperation(Workspace.java:1499)
	at org.eclipse.core.internal.resources.Marker.setAttribute(Marker.java:271)
	at org.eclipse.core.internal.resources.Marker.setAttribute(Marker.java:242)
	at org.eclipse.m2e.core.internal.markers.MavenProblemInfo.processMarker(MavenProblemInfo.java:94)
	at org.eclipse.m2e.core.internal.lifecyclemapping.MissingLifecycleExtensionPoint.processMarker(MissingLifecycleExtensionPoint.java:38)
	at org.eclipse.m2e.core.internal.markers.MavenMarkerManager.addErrorMarker(MavenMarkerManager.java:308)
	at org.eclipse.m2e.core.internal.markers.MavenMarkerManager.addErrorMarkers(MavenMarkerManager.java:295)
	at org.eclipse.m2e.core.internal.project.registry.ProjectRegistryManager.setupLifecycleMapping(ProjectRegistryManager.java:611)
	at org.eclipse.m2e.core.internal.project.registry.ProjectRegistryManager.refreshPhase2(ProjectRegistryManager.java:513)
	at org.eclipse.m2e.core.internal.project.registry.ProjectRegistryManager$3.call(ProjectRegistryManager.java:492)
	at org.eclipse.m2e.core.internal.project.registry.ProjectRegistryManager$3.call(ProjectRegistryManager.java:1)
	at org.eclipse.m2e.core.internal.embedder.MavenExecutionContext.executeBare(MavenExecutionContext.java:177)
	at org.eclipse.m2e.core.internal.embedder.MavenExecutionContext.execute(MavenExecutionContext.java:151)
	at org.eclipse.m2e.core.internal.project.registry.ProjectRegistryManager.refresh(ProjectRegistryManager.java:496)
	at org.eclipse.m2e.core.internal.project.registry.ProjectRegistryManager.refresh(ProjectRegistryManager.java:351)
	at org.eclipse.m2e.core.internal.project.registry.ProjectRegistryRefreshJob$1$1.call(ProjectRegistryRefreshJob.java:89)
	at org.eclipse.m2e.core.internal.project.registry.ProjectRegistryRefreshJob$1$1.call(ProjectRegistryRefreshJob.java:1)
	at org.eclipse.m2e.core.internal.embedder.MavenExecutionContext.executeBare(MavenExecutionContext.java:177)
	at org.eclipse.m2e.core.internal.embedder.MavenExecutionContext.execute(MavenExecutionContext.java:151)
	at org.eclipse.m2e.core.internal.embedder.MavenExecutionContext.execute(MavenExecutionContext.java:99)
	at org.eclipse.m2e.core.internal.embedder.MavenImpl.execute(MavenImpl.java:1351)
	at org.eclipse.m2e.core.internal.project.registry.ProjectRegistryRefreshJob$1.call(ProjectRegistryRefreshJob.java:87)
	at org.eclipse.m2e.core.internal.project.registry.ProjectRegistryRefreshJob$1.call(ProjectRegistryRefreshJob.java:1)
	at org.eclipse.m2e.core.internal.embedder.MavenExecutionContext.executeBare(MavenExecutionContext.java:177)
	at org.eclipse.m2e.core.internal.embedder.MavenExecutionContext.execute(MavenExecutionContext.java:151)
	at org.eclipse.m2e.core.internal.embedder.MavenExecutionContext.execute(MavenExecutionContext.java:99)
	at org.eclipse.m2e.core.internal.embedder.MavenImpl.execute(MavenImpl.java:1355)
	at org.eclipse.m2e.core.internal.project.registry.ProjectRegistryRefreshJob.run(ProjectRegistryRefreshJob.java:81)
	at org.eclipse.core.internal.jobs.Worker.run(Worker.java:60)

[Error - 9:28:44 PM] Aug 23, 2018 9:28:11 PM Problems occurred when invoking code from plug-in: "org.eclipse.core.resources".
org/eclipse/m2e/jdt/internal/BuildPathManager$ModuleInfoDetector
java.lang.NoClassDefFoundError: org/eclipse/m2e/jdt/internal/BuildPathManager$ModuleInfoDetector
	at org.eclipse.m2e.jdt.internal.BuildPathManager.resourceChanged(BuildPathManager.java:620)
	at org.eclipse.core.internal.events.NotificationManager$1.run(NotificationManager.java:297)
	at org.eclipse.core.runtime.SafeRunner.run(SafeRunner.java:42)
	at org.eclipse.core.internal.events.NotificationManager.notify(NotificationManager.java:287)
	at org.eclipse.core.internal.events.NotificationManager.broadcastChanges(NotificationManager.java:150)
	at org.eclipse.core.internal.resources.Workspace.broadcastPostChange(Workspace.java:376)
	at org.eclipse.core.internal.resources.Workspace.endOperation(Workspace.java:1499)
	at org.eclipse.core.internal.resources.Marker.setAttribute(Marker.java:271)
	at org.eclipse.core.internal.resources.Marker.setAttribute(Marker.java:242)
	at org.eclipse.m2e.core.internal.markers.MavenProblemInfo.processMarker(MavenProblemInfo.java:95)
	at org.eclipse.m2e.core.internal.lifecyclemapping.MissingLifecycleExtensionPoint.processMarker(MissingLifecycleExtensionPoint.java:38)
	at org.eclipse.m2e.core.internal.markers.MavenMarkerManager.addErrorMarker(MavenMarkerManager.java:308)
	at org.eclipse.m2e.core.internal.markers.MavenMarkerManager.addErrorMarkers(MavenMarkerManager.java:295)
	at org.eclipse.m2e.core.internal.project.registry.ProjectRegistryManager.setupLifecycleMapping(ProjectRegistryManager.java:611)
	at org.eclipse.m2e.core.internal.project.registry.ProjectRegistryManager.refreshPhase2(ProjectRegistryManager.java:513)
	at org.eclipse.m2e.core.internal.project.registry.ProjectRegistryManager$3.call(ProjectRegistryManager.java:492)
	at org.eclipse.m2e.core.internal.project.registry.ProjectRegistryManager$3.call(ProjectRegistryManager.java:1)
	at org.eclipse.m2e.core.internal.embedder.MavenExecutionContext.executeBare(MavenExecutionContext.java:177)
	at org.eclipse.m2e.core.internal.embedder.MavenExecutionContext.execute(MavenExecutionContext.java:151)
	at org.eclipse.m2e.core.internal.project.registry.ProjectRegistryManager.refresh(ProjectRegistryManager.java:496)
	at org.eclipse.m2e.core.internal.project.registry.ProjectRegistryManager.refresh(ProjectRegistryManager.java:351)
	at org.eclipse.m2e.core.internal.project.registry.ProjectRegistryRefreshJob$1$1.call(ProjectRegistryRefreshJob.java:89)
	at org.eclipse.m2e.core.internal.project.registry.ProjectRegistryRefreshJob$1$1.call(ProjectRegistryRefreshJob.java:1)
	at org.eclipse.m2e.core.internal.embedder.MavenExecutionContext.executeBare(MavenExecutionContext.java:177)
	at org.eclipse.m2e.core.internal.embedder.MavenExecutionContext.execute(MavenExecutionContext.java:151)
	at org.eclipse.m2e.core.internal.embedder.MavenExecutionContext.execute(MavenExecutionContext.java:99)
	at org.eclipse.m2e.core.internal.embedder.MavenImpl.execute(MavenImpl.java:1351)
	at org.eclipse.m2e.core.internal.project.registry.ProjectRegistryRefreshJob$1.call(ProjectRegistryRefreshJob.java:87)
	at org.eclipse.m2e.core.internal.project.registry.ProjectRegistryRefreshJob$1.call(ProjectRegistryRefreshJob.java:1)
	at org.eclipse.m2e.core.internal.embedder.MavenExecutionContext.executeBare(MavenExecutionContext.java:177)
	at org.eclipse.m2e.core.internal.embedder.MavenExecutionContext.execute(MavenExecutionContext.java:151)
	at org.eclipse.m2e.core.internal.embedder.MavenExecutionContext.execute(MavenExecutionContext.java:99)
	at org.eclipse.m2e.core.internal.embedder.MavenImpl.execute(MavenImpl.java:1355)
	at org.eclipse.m2e.core.internal.project.registry.ProjectRegistryRefreshJob.run(ProjectRegistryRefreshJob.java:81)
	at org.eclipse.core.internal.jobs.Worker.run(Worker.java:60)

[Error - 9:28:44 PM] Aug 23, 2018 9:28:11 PM Problems occurred when invoking code from plug-in: "org.eclipse.core.resources".
org/eclipse/m2e/jdt/internal/BuildPathManager$ModuleInfoDetector
java.lang.NoClassDefFoundError: org/eclipse/m2e/jdt/internal/BuildPathManager$ModuleInfoDetector
	at org.eclipse.m2e.jdt.internal.BuildPathManager.resourceChanged(BuildPathManager.java:620)
	at org.eclipse.core.internal.events.NotificationManager$1.run(NotificationManager.java:297)
	at org.eclipse.core.runtime.SafeRunner.run(SafeRunner.java:42)
	at org.eclipse.core.internal.events.NotificationManager.notify(NotificationManager.java:287)
	at org.eclipse.core.internal.events.NotificationManager.broadcastChanges(NotificationManager.java:150)
	at org.eclipse.core.internal.resources.Workspace.broadcastPostChange(Workspace.java:376)
	at org.eclipse.core.internal.resources.Workspace.endOperation(Workspace.java:1499)
	at org.eclipse.core.internal.resources.Marker.setAttribute(Marker.java:271)
	at org.eclipse.m2e.core.internal.lifecyclemapping.MissingLifecycleExtensionPoint.processMarker(MissingLifecycleExtensionPoint.java:39)
	at org.eclipse.m2e.core.internal.markers.MavenMarkerManager.addErrorMarker(MavenMarkerManager.java:308)
	at org.eclipse.m2e.core.internal.markers.MavenMarkerManager.addErrorMarkers(MavenMarkerManager.java:295)
	at org.eclipse.m2e.core.internal.project.registry.ProjectRegistryManager.setupLifecycleMapping(ProjectRegistryManager.java:611)
	at org.eclipse.m2e.core.internal.project.registry.ProjectRegistryManager.refreshPhase2(ProjectRegistryManager.java:513)
	at org.eclipse.m2e.core.internal.project.registry.ProjectRegistryManager$3.call(ProjectRegistryManager.java:492)
	at org.eclipse.m2e.core.internal.project.registry.ProjectRegistryManager$3.call(ProjectRegistryManager.java:1)
	at org.eclipse.m2e.core.internal.embedder.MavenExecutionContext.executeBare(MavenExecutionContext.java:177)
	at org.eclipse.m2e.core.internal.embedder.MavenExecutionContext.execute(MavenExecutionContext.java:151)
	at org.eclipse.m2e.core.internal.project.registry.ProjectRegistryManager.refresh(ProjectRegistryManager.java:496)
	at org.eclipse.m2e.core.internal.project.registry.ProjectRegistryManager.refresh(ProjectRegistryManager.java:351)
	at org.eclipse.m2e.core.internal.project.registry.ProjectRegistryRefreshJob$1$1.call(ProjectRegistryRefreshJob.java:89)
	at org.eclipse.m2e.core.internal.project.registry.ProjectRegistryRefreshJob$1$1.call(ProjectRegistryRefreshJob.java:1)
	at org.eclipse.m2e.core.internal.embedder.MavenExecutionContext.executeBare(MavenExecutionContext.java:177)
	at org.eclipse.m2e.core.internal.embedder.MavenExecutionContext.execute(MavenExecutionContext.java:151)
	at org.eclipse.m2e.core.internal.embedder.MavenExecutionContext.execute(MavenExecutionContext.java:99)
	at org.eclipse.m2e.core.internal.embedder.MavenImpl.execute(MavenImpl.java:1351)
	at org.eclipse.m2e.core.internal.project.registry.ProjectRegistryRefreshJob$1.call(ProjectRegistryRefreshJob.java:87)
	at org.eclipse.m2e.core.internal.project.registry.ProjectRegistryRefreshJob$1.call(ProjectRegistryRefreshJob.java:1)
	at org.eclipse.m2e.core.internal.embedder.MavenExecutionContext.executeBare(MavenExecutionContext.java:177)
	at org.eclipse.m2e.core.internal.embedder.MavenExecutionContext.execute(MavenExecutionContext.java:151)
	at org.eclipse.m2e.core.internal.embedder.MavenExecutionContext.execute(MavenExecutionContext.java:99)
	at org.eclipse.m2e.core.internal.embedder.MavenImpl.execute(MavenImpl.java:1355)
	at org.eclipse.m2e.core.internal.project.registry.ProjectRegistryRefreshJob.run(ProjectRegistryRefreshJob.java:81)
	at org.eclipse.core.internal.jobs.Worker.run(Worker.java:60)

[Error - 9:28:44 PM] Aug 23, 2018 9:28:11 PM Problems occurred when invoking code from plug-in: "org.eclipse.core.resources".
org/eclipse/m2e/jdt/internal/BuildPathManager$ModuleInfoDetector
java.lang.NoClassDefFoundError: org/eclipse/m2e/jdt/internal/BuildPathManager$ModuleInfoDetector
	at org.eclipse.m2e.jdt.internal.BuildPathManager.resourceChanged(BuildPathManager.java:620)
	at org.eclipse.core.internal.events.NotificationManager$1.run(NotificationManager.java:297)
	at org.eclipse.core.runtime.SafeRunner.run(SafeRunner.java:42)
	at org.eclipse.core.internal.events.NotificationManager.notify(NotificationManager.java:287)
	at org.eclipse.core.internal.events.NotificationManager.broadcastChanges(NotificationManager.java:150)
	at org.eclipse.core.internal.resources.Workspace.broadcastPostChange(Workspace.java:376)
	at org.eclipse.core.internal.resources.Workspace.endOperation(Workspace.java:1499)
	at org.eclipse.core.internal.resources.Marker.setAttribute(Marker.java:271)
	at org.eclipse.m2e.core.internal.lifecyclemapping.MissingLifecycleExtensionPoint.processMarker(MissingLifecycleExtensionPoint.java:40)
	at org.eclipse.m2e.core.internal.markers.MavenMarkerManager.addErrorMarker(MavenMarkerManager.java:308)
	at org.eclipse.m2e.core.internal.markers.MavenMarkerManager.addErrorMarkers(MavenMarkerManager.java:295)
	at org.eclipse.m2e.core.internal.project.registry.ProjectRegistryManager.setupLifecycleMapping(ProjectRegistryManager.java:611)
	at org.eclipse.m2e.core.internal.project.registry.ProjectRegistryManager.refreshPhase2(ProjectRegistryManager.java:513)
	at org.eclipse.m2e.core.internal.project.registry.ProjectRegistryManager$3.call(ProjectRegistryManager.java:492)
	at org.eclipse.m2e.core.internal.project.registry.ProjectRegistryManager$3.call(ProjectRegistryManager.java:1)
	at org.eclipse.m2e.core.internal.embedder.MavenExecutionContext.executeBare(MavenExecutionContext.java:177)
	at org.eclipse.m2e.core.internal.embedder.MavenExecutionContext.execute(MavenExecutionContext.java:151)
	at org.eclipse.m2e.core.internal.project.registry.ProjectRegistryManager.refresh(ProjectRegistryManager.java:496)
	at org.eclipse.m2e.core.internal.project.registry.ProjectRegistryManager.refresh(ProjectRegistryManager.java:351)
	at org.eclipse.m2e.core.internal.project.registry.ProjectRegistryRefreshJob$1$1.call(ProjectRegistryRefreshJob.java:89)
	at org.eclipse.m2e.core.internal.project.registry.ProjectRegistryRefreshJob$1$1.call(ProjectRegistryRefreshJob.java:1)
	at org.eclipse.m2e.core.internal.embedder.MavenExecutionContext.executeBare(MavenExecutionContext.java:177)
	at org.eclipse.m2e.core.internal.embedder.MavenExecutionContext.execute(MavenExecutionContext.java:151)
	at org.eclipse.m2e.core.internal.embedder.MavenExecutionContext.execute(MavenExecutionContext.java:99)
	at org.eclipse.m2e.core.internal.embedder.MavenImpl.execute(MavenImpl.java:1351)
	at org.eclipse.m2e.core.internal.project.registry.ProjectRegistryRefreshJob$1.call(ProjectRegistryRefreshJob.java:87)
	at org.eclipse.m2e.core.internal.project.registry.ProjectRegistryRefreshJob$1.call(ProjectRegistryRefreshJob.java:1)
	at org.eclipse.m2e.core.internal.embedder.MavenExecutionContext.executeBare(MavenExecutionContext.java:177)
	at org.eclipse.m2e.core.internal.embedder.MavenExecutionContext.execute(MavenExecutionContext.java:151)
	at org.eclipse.m2e.core.internal.embedder.MavenExecutionContext.execute(MavenExecutionContext.java:99)
	at org.eclipse.m2e.core.internal.embedder.MavenImpl.execute(MavenImpl.java:1355)
	at org.eclipse.m2e.core.internal.project.registry.ProjectRegistryRefreshJob.run(ProjectRegistryRefreshJob.java:81)
	at org.eclipse.core.internal.jobs.Worker.run(Worker.java:60)

[Error - 9:30:12 PM] Aug 23, 2018 9:28:11 PM Problems occurred when invoking code from plug-in: "org.eclipse.core.resources".
org/eclipse/m2e/jdt/internal/BuildPathManager$ModuleInfoDetector
java.lang.NoClassDefFoundError: org/eclipse/m2e/jdt/internal/BuildPathManager$ModuleInfoDetector
	at org.eclipse.m2e.jdt.internal.BuildPathManager.resourceChanged(BuildPathManager.java:620)
	at org.eclipse.core.internal.events.NotificationManager$1.run(NotificationManager.java:297)
	at org.eclipse.core.runtime.SafeRunner.run(SafeRunner.java:42)
	at org.eclipse.core.internal.events.NotificationManager.notify(NotificationManager.java:287)
	at org.eclipse.core.internal.events.NotificationManager.broadcastChanges(NotificationManager.java:150)
	at org.eclipse.core.internal.resources.Workspace.broadcastPostChange(Workspace.java:376)
	at org.eclipse.core.internal.resources.Workspace.endOperation(Workspace.java:1499)
	at org.eclipse.core.internal.resources.Resource.refreshLocal(Resource.java:1552)
	at org.eclipse.core.internal.resources.File.refreshLocal(File.java:316)
	at org.eclipse.jdt.ls.core.internal.managers.ProjectsManager.fileChanged(ProjectsManager.java:238)
	at org.eclipse.jdt.ls.core.internal.handlers.WorkspaceEventsHandler.didChangeWatchedFiles(WorkspaceEventsHandler.java:93)
	at org.eclipse.jdt.ls.core.internal.handlers.JDTLanguageServer.didChangeWatchedFiles(JDTLanguageServer.java:397)
	at sun.reflect.NativeMethodAccessorImpl.invoke0(Native Method)
	at sun.reflect.NativeMethodAccessorImpl.invoke(NativeMethodAccessorImpl.java:62)
	at sun.reflect.DelegatingMethodAccessorImpl.invoke(DelegatingMethodAccessorImpl.java:43)
	at java.lang.reflect.Method.invoke(Method.java:498)
	at org.eclipse.lsp4j.jsonrpc.services.GenericEndpoint.lambda$null$0(GenericEndpoint.java:61)
	at org.eclipse.lsp4j.jsonrpc.services.GenericEndpoint.notify(GenericEndpoint.java:148)
	at org.eclipse.lsp4j.jsonrpc.RemoteEndpoint.handleNotification(RemoteEndpoint.java:216)
	at org.eclipse.lsp4j.jsonrpc.RemoteEndpoint.consume(RemoteEndpoint.java:183)
	at org.eclipse.jdt.ls.core.internal.ParentProcessWatcher.lambda$0(ParentProcessWatcher.java:83)
	at org.eclipse.lsp4j.jsonrpc.json.StreamMessageProducer.handleMessage(StreamMessageProducer.java:188)
	at org.eclipse.lsp4j.jsonrpc.json.StreamMessageProducer.listen(StreamMessageProducer.java:90)
	at org.eclipse.lsp4j.jsonrpc.json.ConcurrentMessageProcessor.run(ConcurrentMessageProcessor.java:95)
	at java.util.concurrent.Executors$RunnableAdapter.call(Executors.java:511)
	at java.util.concurrent.FutureTask.run(FutureTask.java:266)
	at java.util.concurrent.ThreadPoolExecutor.runWorker(ThreadPoolExecutor.java:1149)
	at java.util.concurrent.ThreadPoolExecutor$Worker.run(ThreadPoolExecutor.java:624)
	at java.lang.Thread.run(Thread.java:748)

[Error - 9:30:20 PM] Aug 23, 2018 9:28:11 PM Problems occurred when invoking code from plug-in: "org.eclipse.core.resources".
org/eclipse/m2e/jdt/internal/BuildPathManager$ModuleInfoDetector
java.lang.NoClassDefFoundError: org/eclipse/m2e/jdt/internal/BuildPathManager$ModuleInfoDetector
	at org.eclipse.m2e.jdt.internal.BuildPathManager.resourceChanged(BuildPathManager.java:620)
	at org.eclipse.core.internal.events.NotificationManager$1.run(NotificationManager.java:297)
	at org.eclipse.core.runtime.SafeRunner.run(SafeRunner.java:42)
	at org.eclipse.core.internal.events.NotificationManager.notify(NotificationManager.java:287)
	at org.eclipse.core.internal.events.NotificationManager.broadcastChanges(NotificationManager.java:150)
	at org.eclipse.core.internal.resources.Workspace.broadcastPostChange(Workspace.java:376)
	at org.eclipse.core.internal.resources.Workspace.endOperation(Workspace.java:1499)
	at org.eclipse.core.internal.resources.Resource.refreshLocal(Resource.java:1552)
	at org.eclipse.core.internal.resources.File.refreshLocal(File.java:316)
	at org.eclipse.jdt.ls.core.internal.managers.ProjectsManager.fileChanged(ProjectsManager.java:238)
	at org.eclipse.jdt.ls.core.internal.handlers.WorkspaceEventsHandler.didChangeWatchedFiles(WorkspaceEventsHandler.java:93)
	at org.eclipse.jdt.ls.core.internal.handlers.JDTLanguageServer.didChangeWatchedFiles(JDTLanguageServer.java:397)
	at sun.reflect.NativeMethodAccessorImpl.invoke0(Native Method)
	at sun.reflect.NativeMethodAccessorImpl.invoke(NativeMethodAccessorImpl.java:62)
	at sun.reflect.DelegatingMethodAccessorImpl.invoke(DelegatingMethodAccessorImpl.java:43)
	at java.lang.reflect.Method.invoke(Method.java:498)
	at org.eclipse.lsp4j.jsonrpc.services.GenericEndpoint.lambda$null$0(GenericEndpoint.java:61)
	at org.eclipse.lsp4j.jsonrpc.services.GenericEndpoint.notify(GenericEndpoint.java:148)
	at org.eclipse.lsp4j.jsonrpc.RemoteEndpoint.handleNotification(RemoteEndpoint.java:216)
	at org.eclipse.lsp4j.jsonrpc.RemoteEndpoint.consume(RemoteEndpoint.java:183)
	at org.eclipse.jdt.ls.core.internal.ParentProcessWatcher.lambda$0(ParentProcessWatcher.java:83)
	at org.eclipse.lsp4j.jsonrpc.json.StreamMessageProducer.handleMessage(StreamMessageProducer.java:188)
	at org.eclipse.lsp4j.jsonrpc.json.StreamMessageProducer.listen(StreamMessageProducer.java:90)
	at org.eclipse.lsp4j.jsonrpc.json.ConcurrentMessageProcessor.run(ConcurrentMessageProcessor.java:95)
	at java.util.concurrent.Executors$RunnableAdapter.call(Executors.java:511)
	at java.util.concurrent.FutureTask.run(FutureTask.java:266)
	at java.util.concurrent.ThreadPoolExecutor.runWorker(ThreadPoolExecutor.java:1149)
	at java.util.concurrent.ThreadPoolExecutor$Worker.run(ThreadPoolExecutor.java:624)
	at java.lang.Thread.run(Thread.java:748)

