ERROR: ld.so: object '/home/mel/.steam/ubuntu12_32/gameoverlayrenderer.so' from LD_PRELOAD cannot be preloaded (wrong ELF class: ELFCLASS32): ignored.
Setting breakpad minidump AppID = 398850
Steam_SetMinidumpSteamID:  Caching Steam ID:  76561198085010323 [API loaded no]
ERROR: ld.so: object '/home/mel/.steam/ubuntu12_32/gameoverlayrenderer.so' from LD_PRELOAD cannot be preloaded (wrong ELF class: ELFCLASS32): ignored.
ERROR: ld.so: object '/home/mel/.steam/ubuntu12_32/gameoverlayrenderer.so' from LD_PRELOAD cannot be preloaded (wrong ELF class: ELFCLASS32): ignored.
Preloaded type GtkListStore
Preloaded type GtkWindow
Preloaded type GtkVBox
Preloaded type GtkImage
Preloaded type GtkNotebook
Preloaded type GtkHBox
Preloaded type GtkFrame
Preloaded type GtkAlignment
Preloaded type GtkTreeView
Preloaded type GtkLabel
Preloaded type GtkCheckButton
Preloaded type GtkScrolledWindow
Preloaded type GtkComboBox
Couldn't find OnScreenSelectorQuit in main module; checking child
Couldn't find OnScreenSelectorOK in main module; checking child
Couldn't find OnScreenSelectorQuit in main module; checking child
Couldn't find OnInputListRowActivated in main module; checking child
phics 400 (Braswell) 
Vendor:   Intel Open Source Technology Center
Version:  4.5 (Core Profile) Mesa 17.2.8
GLES:     0
 GL_3DFX_texture_compression_FXT1 GL_AMD_conservative_depth GL_AMD_draw_buffers_blend GL_AMD_seamless_cubemap_per_texture GL_AMD_shader_trinary_minmax GL_AMD_vertex_shader_layer GL_AMD_vertex_shader_viewport_index GL_ANGLE_texture_compression_dxt3 GL_ANGLE_texture_compression_dxt5 GL_APPLE_object_purgeable GL_ARB_ES2_compatibility GL_ARB_ES3_1_compatibility GL_ARB_ES3_2_compatibility GL_ARB_ES3_compatibility GL_ARB_arrays_of_arrays GL_ARB_base_instance GL_ARB_blend_func_extended GL_ARB_buffer_storage GL_ARB_clear_buffer_object GL_ARB_clear_texture GL_ARB_clip_control GL_ARB_compressed_texture_pixel_storage GL_ARB_compute_shader GL_ARB_conditional_render_inverted GL_ARB_conservative_depth GL_ARB_copy_buffer GL_ARB_copy_image GL_ARB_cull_distance GL_ARB_debug_output GL_ARB_depth_buffer_float GL_ARB_depth_clamp GL_ARB_derivative_control GL_ARB_direct_state_access GL_ARB_draw_buffers GL_ARB_draw_buffers_blend GL_ARB_draw_elements_base_vertex GL_ARB_draw_indirect GL_ARB_draw_instanced GL_ARB_enhanced_layouts GL_A
RB_explicit_attrib_location GL_ARB_explicit_uniform_location GL_ARB_fragment_coord_conventions GL_ARB_fragment_layer_viewport GL_ARB_fragment_shader GL_ARB_framebuffer_no_attachments GL_ARB_framebuffer_object GL_ARB_framebuffer_sRGB GL_ARB_get_program_binary GL_ARB_get_texture_sub_image GL_ARB_gpu_shader5 GL_ARB_gpu_shader_fp64 GL_ARB_gpu_shader_int64 GL_ARB_half_float_pixel GL_ARB_half_float_vertex GL_ARB_instanced_arrays GL_ARB_internalformat_query GL_ARB_internalformat_query2 GL_ARB_invalidate_subdata GL_ARB_map_buffer_alignment GL_ARB_map_buffer_range GL_ARB_multi_bind GL_ARB_multi_draw_indirect GL_ARB_occlusion_query2 GL_ARB_pipeline_statistics_query GL_ARB_pixel_buffer_object GL_ARB_point_sprite GL_ARB_program_interface_query GL_ARB_provoking_vertex GL_ARB_query_buffer_object GL_ARB_robust_buffer_access_behavior GL_ARB_robustness GL_ARB_sample_shading GL_ARB_sampler_objects GL_ARB_seamless_cube_map GL_ARB_seamless_cubemap_per_texture GL_ARB_separate_shader_objects GL_ARB_shader_atomic_counter_ops GL_AR
B_shader_atomic_counters GL_ARB_shader_ballot GL_ARB_shader_bit_encoding GL_ARB_shader_clock GL_ARB_shader_draw_parameters GL_ARB_shader_group_vote GL_ARB_shader_image_load_store GL_ARB_shader_image_size GL_ARB_shader_objects GL_ARB_shader_precision GL_ARB_shader_storage_buffer_object GL_ARB_shader_subroutine GL_ARB_shader_texture_image_samples GL_ARB_shader_texture_lod GL_ARB_shader_viewport_layer_array GL_ARB_shading_language_420pack GL_ARB_shading_language_packing GL_ARB_stencil_texturing GL_ARB_sync GL_ARB_tessellation_shader GL_ARB_texture_barrier GL_ARB_texture_buffer_object GL_ARB_texture_buffer_object_rgb32 GL_ARB_texture_buffer_range GL_ARB_texture_compression_bptc GL_ARB_texture_compression_rgtc GL_ARB_texture_cube_map_array GL_ARB_texture_float GL_ARB_texture_gather GL_ARB_texture_mirror_clamp_to_edge GL_ARB_texture_multisample GL_ARB_texture_non_power_of_two GL_ARB_texture_query_levels GL_ARB_texture_query_lod GL_ARB_texture_rectangle GL_ARB_texture_rg GL_ARB_texture_rgb10_a2ui GL_ARB_texture_ste
ncil8 GL_ARB_texture_storage GL_ARB_texture_storage_multisample GL_ARB_texture_swizzle GL_ARB_texture_view GL_ARB_timer_query GL_ARB_transform_feedback2 GL_ARB_transform_feedback3 GL_ARB_transform_feedback_instanced GL_ARB_transform_feedback_overflow_query GL_ARB_uniform_buffer_object GL_ARB_vertex_array_bgra GL_ARB_vertex_array_object GL_ARB_vertex_attrib_64bit GL_ARB_vertex_attrib_binding GL_ARB_vertex_shader GL_ARB_vertex_type_10f_11f_11f_rev GL_ARB_vertex_type_2_10_10_10_rev GL_ARB_viewport_array GL_ATI_blend_equation_separate GL_ATI_texture_float GL_EXT_abgr GL_EXT_blend_equation_separate GL_EXT_draw_buffers2 GL_EXT_draw_instanced GL_EXT_framebuffer_blit GL_EXT_framebuffer_multisample GL_EXT_framebuffer_multisample_blit_scaled GL_EXT_framebuffer_sRGB GL_EXT_packed_depth_stencil GL_EXT_packed_float GL_EXT_pixel_buffer_object GL_EXT_polygon_offset_clamp GL_EXT_provoking_vertex GL_EXT_shader_integer_mix GL_EXT_shader_samples_identical GL_EXT_texture_array GL_EXT_texture_compression_dxt1 GL_EXT_texture_comp
ression_rgtc GL_EXT_texture_compression_s3tc GL_EXT_texture_filter_anisotropic GL_EXT_texture_integer GL_EXT_texture_sRGB GL_EXT_texture_sRGB_decode GL_EXT_texture_shared_exponent GL_EXT_texture_snorm GL_EXT_texture_swizzle GL_EXT_timer_query GL_EXT_transform_feedback GL_EXT_vertex_array_bgra GL_IBM_multimode_draw_arrays GL_INTEL_performance_query GL_KHR_blend_equation_advanced GL_KHR_context_flush_control GL_KHR_debug GL_KHR_no_error GL_KHR_robust_buffer_access_behavior GL_KHR_robustness GL_MESA_pack_invert GL_MESA_shader_integer_functions GL_MESA_texture_signed_rgba GL_NV_conditional_render GL_NV_depth_clamp GL_NV_packed_depth_stencil GL_NV_texture_barrier GL_OES_EGL_image GL_S3_s3tc
OPENGL LOG: Creating OpenGL 4.5 graphics device
AudioManager: Using PulseAudio: Default Output Device
Begin MonoManager ReloadAssembly
Platform assembly: /home/mel/.steam/steam/steamapps/common/Epistory/Epistory_Data/Managed/UnityEngine.dll (this message is harmless)
Loading /home/mel/.steam/steam/steamapps/common/Epistory/Epistory_Data/Managed/UnityEngine.dll into Unity Child Domain
Platform assembly: /home/mel/.steam/steam/steamapps/common/Epistory/Epistory_Data/Managed/Assembly-CSharp-firstpass.dll (this message is harmless)
Loading /home/mel/.steam/steam/steamapps/common/Epistory/Epistory_Data/Managed/Assembly-CSharp-firstpass.dll into Unity Child Domain
Platform assembly: /home/mel/.steam/steam/steamapps/common/Epistory/Epistory_Data/Managed/Assembly-CSharp.dll (this message is harmless)
Loading /home/mel/.steam/steam/steamapps/common/Epistory/Epistory_Data/Managed/Assembly-CSharp.dll into Unity Child Domain
Platform assembly: /home/mel/.steam/steam/steamapps/common/Epistory/Epistory_Data/Managed/Assembly-UnityScript.dll (this message is harmless)
Loading /home/mel/.steam/steam/steamapps/common/Epistory/Epistory_Data/Managed/Assembly-UnityScript.dll into Unity Child Domain
Platform assembly: /home/mel/.steam/steam/steamapps/common/Epistory/Epistory_Data/Managed/UnityEngine.UI.dll (this message is harmless)
Loading /home/mel/.steam/steam/steamapps/common/Epistory/Epistory_Data/Managed/UnityEngine.UI.dll into Unity Child Domain
Platform assembly: /home/mel/.steam/steam/steamapps/common/Epistory/Epistory_Data/Managed/UnityEngine.Networking.dll (this message is harmless)
Loading /home/mel/.steam/steam/steamapps/common/Epistory/Epistory_Data/Managed/UnityEngine.Networking.dll into Unity Child Domain
Platform assembly: /home/mel/.steam/steam/steamapps/common/Epistory/Epistory_Data/Managed/ES2.dll (this message is harmless)
Loading /home/mel/.steam/steam/steamapps/common/Epistory/Epistory_Data/Managed/ES2.dll into Unity Child Domain
Platform assembly: /home/mel/.steam/steam/steamapps/common/Epistory/Epistory_Data/Managed/MoodkieSecurity.dll (this message is harmless)
Loading /home/mel/.steam/steam/steamapps/common/Epistory/Epistory_Data/Managed/MoodkieSecurity.dll into Unity Child Domain
Platform assembly: /home/mel/.steam/steam/steamapps/common/Epistory/Epistory_Data/Managed/Photon3Unity3D.dll (this message is harmless)
Loading /home/mel/.steam/steam/steamapps/common/Epistory/Epistory_Data/Managed/Photon3Unity3D.dll into Unity Child Domain
- Completed reload, in  0.165 seconds
Platform assembly: /home/mel/.steam/steam/steamapps/common/Epistory/Epistory_Data/Managed/System.Core.dll (this message is harmless)
Platform assembly: /home/mel/.steam/steam/steamapps/common/Epistory/Epistory_Data/Managed/System.dll (this message is harmless)
Platform assembly: /home/mel/.steam/steam/steamapps/common/Epistory/Epistory_Data/Managed/System.Xml.dll (this message is harmless)
Default vsync count 0
requesting resize 1152 x 720

Selecting FBConfig
GLX_FBCONFIG_ID=183
GLX_BUFFER_SIZE=32
GLX_DOUBLEBUFFER=1
GLX_RED_SIZE=8
GLX_GREEN_SIZE=8
GLX_BLUE_SIZE=8
GLX_ALPHA_SIZE=8
GLX_DEPTH_SIZE=24
GLX_STENCIL_SIZE=8
GLX_SAMPLES_ARB=4
GLX_SAMPLE_BUFFERS_ARB=1
GLX_STEREO=0
GLX_CONFIG_CAVEAT=NONE

resizing window to 1152 x 720
Desktop is 1366 x 768 @ 60 Hz
Using libudev for joystick management


Importing game controller configs
The referenced script on this Behaviour is missing!
 
(Filename:  Line: 1498)

The referenced script on this Behaviour is missing!
 
(Filename:  Line: 1498)

The referenced script on this Behaviour (Game Object 'GameManagers') is missing!
 
(Filename:  Line: 1655)

The referenced script on this Behaviour (Game Object 'main_parent') is missing!
 
(Filename:  Line: 1655)

The referenced script on this Behaviour (Game Object 'MainCamera') is missing!
 
(Filename:  Line: 1655)

The referenced script on this Behaviour (Game Object 'MainCamera') is missing!
 
(Filename:  Line: 1655)

UnloadTime: 4.057000 ms
Failed to create agent because there is no valid NavMesh
 
(Filename:  Line: 497)

Fallback handler could not load library /home/mel/.steam/steam/steamapps/common/Epistory/Epistory_Data/Mono/x86_64/TalkFXWrapper
Fallback handler could not load library /home/mel/.steam/steam/steamapps/common/Epistory/Epistory_Data/Mono/x86_64/libTalkFXWrapper.so
Fallback handler could not load library /home/mel/.steam/steam/steamapps/common/Epistory/Epistory_Data/Mono/x86_64/./TalkFXWrapper
Fallback handler could not load library /home/mel/.steam/steam/steamapps/common/Epistory/Epistory_Data/Mono/x86_64/./libTalkFXWrapper.so
Fallback handler could not load library /home/mel/.steam/steam/steamapps/common/Epistory/Epistory_Data/Mono/x86_64/TalkFXWrapper
Fallback handler could not load library /home/mel/.steam/steam/steamapps/common/Epistory/Epistory_Data/Mono/x86_64/libTalkFXWrapper
Fallback handler could not load library /home/mel/.steam/steam/steamapps/common/Epistory/Epistory_Data/Mono/x86_64/libTalkFXWrapper.so
Fallback handler could not load library /home/mel/.steam/steam/steamapps/common/Epistory/Epistory_Data/Mono/x86_64/./libTalkFXWrapper
Fallback handler could not load library /home/mel/.steam/steam/steamapps/common/Epistory/Epistory_Data/Mono/x86_64/./libTalkFXWrapper.so
Fallback handler could not load library /home/mel/.steam/steam/steamapps/common/Epistory/Epistory_Data/Mono/x86_64/libTalkFXWrapper
Fallback handler could not load library /home/mel/.steam/steam/steamapps/common/Epistory/Epistory_Data/Mono/x86_64/TalkFXWrapper
Fallback handler could not load library /home/mel/.steam/steam/steamapps/common/Epistory/Epistory_Data/Mono/x86_64/libTalkFXWrapper.so
Fallback handler could not load library /home/mel/.steam/steam/steamapps/common/Epistory/Epistory_Data/Mono/x86_64/./TalkFXWrapper
Fallback handler could not load library /home/mel/.steam/steam/steamapps/common/Epistory/Epistory_Data/Mono/x86_64/./libTalkFXWrapper.so
Fallback handler could not load library /home/mel/.steam/steam/steamapps/common/Epistory/Epistory_Data/Mono/x86_64/TalkFXWrapper
Fallback handler could not load library /home/mel/.steam/steam/steamapps/common/Epistory/Epistory_Data/Mono/x86_64/libTalkFXWrapper
Fallback handler could not load library /home/mel/.steam/steam/steamapps/common/Epistory/Epistory_Data/Mono/x86_64/libTalkFXWrapper.so
Fallback handler could not load library /home/mel/.steam/steam/steamapps/common/Epistory/Epistory_Data/Mono/x86_64/./libTalkFXWrapper
Fallback handler could not load library /home/mel/.steam/steam/steamapps/common/Epistory/Epistory_Data/Mono/x86_64/./libTalkFXWrapper.so
Fallback handler could not load library /home/mel/.steam/steam/steamapps/common/Epistory/Epistory_Data/Mono/x86_64/libTalkFXWrapper
Fallback handler could not load library /home/mel/.steam/steam/steamapps/common/Epistory/Epistory_Data/Mono/x86_64/TalkFXWrapper
Fallback handler could not load library /home/mel/.steam/steam/steamapps/common/Epistory/Epistory_Data/Mono/x86_64/libTalkFXWrapper.so
Fallback handler could not load library /home/mel/.steam/steam/steamapps/common/Epistory/Epistory_Data/Mono/x86_64/./TalkFXWrapper
Fallback handler could not load library /home/mel/.steam/steam/steamapps/common/Epistory/Epistory_Data/Mono/x86_64/./libTalkFXWrapper.so
Fallback handler could not load library /home/mel/.steam/steam/steamapps/common/Epistory/Epistory_Data/Mono/x86_64/TalkFXWrapper
Fallback handler could not load library /home/mel/.steam/steam/steamapps/common/Epistory/Epistory_Data/Mono/x86_64/libTalkFXWrapper
Fallback handler could not load library /home/mel/.steam/steam/steamapps/common/Epistory/Epistory_Data/Mono/x86_64/libTalkFXWrapper.so
Fallback handler could not load library /home/mel/.steam/steam/steamapps/common/Epistory/Epistory_Data/Mono/x86_64/./libTalkFXWrapper
Fallback handler could not load library /home/mel/.steam/steam/steamapps/common/Epistory/Epistory_Data/Mono/x86_64/./libTalkFXWrapper.so
Fallback handler could not load library /home/mel/.steam/steam/steamapps/common/Epistory/Epistory_Data/Mono/x86_64/libTalkFXWrapper
DllNotFoundException: TalkFXWrapper
  at (wrapper managed-to-native) TalkFXHelper:CreateInstance ()
  at TalkFXHelper.Awake () [0x00000] in <filename unknown>:0 
 
(Filename:  Line: -1)

The referenced script on this Behaviour (Game Object 'MainCamera') is missing!
 
(Filename:  Line: 1655)

Unloading 6 Unused Serialized files (Serialized files now loaded: 0)
UnloadTime: 0.977000 ms
Failed to create agent because it is not close enough to the NavMesh
 
(Filename:  Line: 510)

The AnimationClip 'a_floating_tiles' used by the Animation component 'tile_09_01(Clone) (2)' must be marked as Legacy.
 
(Filename:  Line: 1971)

Default clip could not be found in attached animations list.
 
(Filename:  Line: 401)


Unloading 54 unused Assets to reduce memory usage. Loaded Objects now: 8104.
Total: 32.394001 ms (FindLiveObjects: 2.699000 ms CreateObjectMapping: 0.630000 ms MarkObjects: 28.612999 ms  DeleteObjects: 0.451000 ms)

Shader warmup: 31 shaders 495 combinations 28.286s
The referenced script on this Behaviour (Game Object 'combat_tile') is missing!
 
(Filename:  Line: 1655)

The referenced script on this Behaviour (Game Object 'TsunamiCamera') is missing!
 
(Filename:  Line: 1655)

The referenced script on this Behaviour (Game Object 'combat_tile') is missing!
 
(Filename:  Line: 1655)

The referenced script on this Behaviour (Game Object 'combat_tile') is missing!
 
(Filename:  Line: 1655)

The referenced script on this Behaviour (Game Object 'combat_tile') is missing!
 
(Filename:  Line: 1655)

The referenced script on this Behaviour (Game Object 'combat_tile') is missing!
 
(Filename:  Line: 1655)

The referenced script on this Behaviour (Game Object 'combat_tile') is missing!
 
(Filename:  Line: 1655)

The referenced script on this Behaviour (Game Object 'combat_tile') is missing!
 
(Filename:  Line: 1655)

The referenced script on this Behaviour (Game Object 'combat_tile') is missing!
 
(Filename:  Line: 1655)

Unloading 6 Unused Serialized files (Serialized files now loaded: 0)
UnloadTime: 3.958000 ms
Failed to create agent because it is not close enough to the NavMesh
 
(Filename:  Line: 510)

missing 4.0.1c audio clip
 
(Filename: /home/builduser/buildslave/unity/build/artifacts/generated/common/runtime/UnityEngineDebugBindings.gen.cpp Line: 37)

missing 4.0.1b audio clip
 
(Filename: /home/builduser/buildslave/unity/build/artifacts/generated/common/runtime/UnityEngineDebugBindings.gen.cpp Line: 37)

Reward has dungeon completion required != None Displayer position: (282.8, 0.0, -137.6)
 
(Filename: /home/builduser/buildslave/unity/build/artifacts/generated/common/runtime/UnityEngineDebugBindings.gen.cpp Line: 37)

Reward has dungeon completion required != None Displayer position: (282.8, 0.0, -137.6)
 
(Filename: /home/builduser/buildslave/unity/build/artifacts/generated/common/runtime/UnityEngineDebugBindings.gen.cpp Line: 37)

Reward has dungeon completion required != None Displayer position: (282.8, 0.0, -137.6)
 
(Filename: /home/builduser/buildslave/unity/build/artifacts/generated/common/runtime/UnityEngineDebugBindings.gen.cpp Line: 37)

Reward has dungeon completion required != None Post_IceMountain_Reward position: (224.0, 0.0, -350.2)
 
(Filename: /home/builduser/buildslave/unity/build/artifacts/generated/common/runtime/UnityEngineDebugBindings.gen.cpp Line: 37)

Reward has dungeon completion required != None Post_IceMountain_Reward position: (224.0, 0.0, -350.2)
 
(Filename: /home/builduser/buildslave/unity/build/artifacts/generated/common/runtime/UnityEngineDebugBindings.gen.cpp Line: 37)

Reward has dungeon completion required != None Post_IceMountain_Reward position: (224.0, 0.0, -350.2)
 
(Filename: /home/builduser/buildslave/unity/build/artifacts/generated/common/runtime/UnityEngineDebugBindings.gen.cpp Line: 37)

Reward has dungeon completion required != None Post_IceMountain_Reward position: (224.0, 0.0, -350.2)
 
(Filename: /home/builduser/buildslave/unity/build/artifacts/generated/common/runtime/UnityEngineDebugBindings.gen.cpp Line: 37)

Reward has dungeon completion required != None Post_Fire_Reward position: (283.4, 0.0, -133.0)
 
(Filename: /home/builduser/buildslave/unity/build/artifacts/generated/common/runtime/UnityEngineDebugBindings.gen.cpp Line: 37)

Reward has dungeon completion required != None Post_Fire_Reward position: (283.4, 0.0, -133.0)
 
(Filename: /home/builduser/buildslave/unity/build/artifacts/generated/common/runtime/UnityEngineDebugBindings.gen.cpp Line: 37)

Reward has dungeon completion required != None Post_Fire_Reward position: (283.4, 0.0, -133.0)
 
(Filename: /home/builduser/buildslave/unity/build/artifacts/generated/common/runtime/UnityEngineDebugBindings.gen.cpp Line: 37)

Reward has dungeon completion required != None Post_Fire_Reward position: (283.4, 0.0, -133.0)
 
(Filename: /home/builduser/buildslave/unity/build/artifacts/generated/common/runtime/UnityEngineDebugBindings.gen.cpp Line: 37)

Reward has dungeon completion required != None Post_WindIsland_Reward position: (413.5, 0.0, -502.5)
 
(Filename: /home/builduser/buildslave/unity/build/artifacts/generated/common/runtime/UnityEngineDebugBindings.gen.cpp Line: 37)

Reward has dungeon completion required != None Post_WindIsland_Reward position: (413.5, 0.0, -502.5)
 
(Filename: /home/builduser/buildslave/unity/build/artifacts/generated/common/runtime/UnityEngineDebugBindings.gen.cpp Line: 37)

Reward has dungeon completion required != None Post_WindIsland_Reward position: (413.5, 0.0, -502.5)
 
(Filename: /home/builduser/buildslave/unity/build/artifacts/generated/common/runtime/UnityEngineDebugBindings.gen.cpp Line: 37)

Reward has dungeon completion required != None Post_WindIsland_Reward position: (413.5, 0.0, -502.5)
 
(Filename: /home/builduser/buildslave/unity/build/artifacts/generated/common/runtime/UnityEngineDebugBindings.gen.cpp Line: 37)

Reward has dungeon completion required != None Post_Desert_Reward position: (416.5, 0.0, -111.0)
 
(Filename: /home/builduser/buildslave/unity/build/artifacts/generated/common/runtime/UnityEngineDebugBindings.gen.cpp Line: 37)

Reward has dungeon completion required != None Post_Desert_Reward position: (416.5, 0.0, -111.0)
 
(Filename: /home/builduser/buildslave/unity/build/artifacts/generated/common/runtime/UnityEngineDebugBindings.gen.cpp Line: 37)

missing 3.0.1c audio clip
 
(Filename: /home/builduser/buildslave/unity/build/artifacts/generated/common/runtime/UnityEngineDebugBindings.gen.cpp Line: 37)

missing 3.0.1b audio clip
 
(Filename: /home/builduser/buildslave/unity/build/artifacts/generated/common/runtime/UnityEngineDebugBindings.gen.cpp Line: 37)

missing 1.0.2c audio clip
 
(Filename: /home/builduser/buildslave/unity/build/artifacts/generated/common/runtime/UnityEngineDebugBindings.gen.cpp Line: 37)

missing 1.0.2b audio clip
 
(Filename: /home/builduser/buildslave/unity/build/artifacts/generated/common/runtime/UnityEngineDebugBindings.gen.cpp Line: 37)

Reward has dungeon completion required != None Post_LightCity_Reward position: (311.4, 0.0, -494.6)
 
(Filename: /home/builduser/buildslave/unity/build/artifacts/generated/common/runtime/UnityEngineDebugBindings.gen.cpp Line: 37)

Reward has dungeon completion required != None Post_LightCity_Reward position: (311.4, 0.0, -494.6)
 
(Filename: /home/builduser/buildslave/unity/build/artifacts/generated/common/runtime/UnityEngineDebugBindings.gen.cpp Line: 37)

Reward has dungeon completion required != None Post_LightCity_Reward position: (311.4, 0.0, -494.6)
 
(Filename: /home/builduser/buildslave/unity/build/artifacts/generated/common/runtime/UnityEngineDebugBindings.gen.cpp Line: 37)

Reward has dungeon completion required != None Post_LightCity_Reward position: (311.4, 0.0, -494.6)
 
(Filename: /home/builduser/buildslave/unity/build/artifacts/generated/common/runtime/UnityEngineDebugBindings.gen.cpp Line: 37)

Reward has dungeon completion required != None Post_LightCity_Reward position: (311.4, 0.0, -494.6)
 
(Filename: /home/builduser/buildslave/unity/build/artifacts/generated/common/runtime/UnityEngineDebugBindings.gen.cpp Line: 37)

Reward has dungeon completion required != None Post_LightCity_Reward position: (311.4, 0.0, -494.6)
 
(Filename: /home/builduser/buildslave/unity/build/artifacts/generated/common/runtime/UnityEngineDebugBindings.gen.cpp Line: 37)

Reward has dungeon completion required != None Post_LightCity_Reward position: (311.4, 0.0, -494.6)
 
(Filename: /home/builduser/buildslave/unity/build/artifacts/generated/common/runtime/UnityEngineDebugBindings.gen.cpp Line: 37)

Reward has dungeon completion required != None Post_LightCity_Reward position: (311.4, 0.0, -494.6)
 
(Filename: /home/builduser/buildslave/unity/build/artifacts/generated/common/runtime/UnityEngineDebugBindings.gen.cpp Line: 37)

Reward has dungeon completion required != None Post_DarkMine_Reward position: (122.4, 0.0, -460.0)
 
(Filename: /home/builduser/buildslave/unity/build/artifacts/generated/common/runtime/UnityEngineDebugBindings.gen.cpp Line: 37)

Reward has dungeon completion required != None Post_DarkMine_Reward position: (122.4, 0.0, -460.0)
 
(Filename: /home/builduser/buildslave/unity/build/artifacts/generated/common/runtime/UnityEngineDebugBindings.gen.cpp Line: 37)

Reward has dungeon completion required != None Post_DarkMine_Reward position: (122.4, 0.0, -460.0)
 
(Filename: /home/builduser/buildslave/unity/build/artifacts/generated/common/runtime/UnityEngineDebugBindings.gen.cpp Line: 37)

Reward has dungeon completion required != None Post_DarkMine_Reward position: (122.4, 0.0, -460.0)
 
(Filename: /home/builduser/buildslave/unity/build/artifacts/generated/common/runtime/UnityEngineDebugBindings.gen.cpp Line: 37)

Reward has dungeon completion required != None Post_DarkMine_Reward position: (122.4, 0.0, -460.0)
 
(Filename: /home/builduser/buildslave/unity/build/artifacts/generated/common/runtime/UnityEngineDebugBindings.gen.cpp Line: 37)

Reward has dungeon completion required != None Post_WaterSpring_Reward position: (336.1, 0.0, -269.0)
 
(Filename: /home/builduser/buildslave/unity/build/artifacts/generated/common/runtime/UnityEngineDebugBindings.gen.cpp Line: 37)

Reward has dungeon completion required != None Post_WaterSpring_Reward position: (336.1, 0.0, -269.0)
 
(Filename: /home/builduser/buildslave/unity/build/artifacts/generated/common/runtime/UnityEngineDebugBindings.gen.cpp Line: 37)

Reward has dungeon completion required != None Post_WaterSpring_Reward position: (336.1, 0.0, -269.0)
 
(Filename: /home/builduser/buildslave/unity/build/artifacts/generated/common/runtime/UnityEngineDebugBindings.gen.cpp Line: 37)

Reward has dungeon completion required != None Post_WaterSpring_Reward position: (336.1, 0.0, -269.0)
 
(Filename: /home/builduser/buildslave/unity/build/artifacts/generated/common/runtime/UnityEngineDebugBindings.gen.cpp Line: 37)

Reward has dungeon completion required != None Post_Forest_Reward position: (238.7, 0.0, -96.3)
 
(Filename: /home/builduser/buildslave/unity/build/artifacts/generated/common/runtime/UnityEngineDebugBindings.gen.cpp Line: 37)

Reward has dungeon completion required != None Post_Forest_Reward position: (238.7, 0.0, -96.3)
 
(Filename: /home/builduser/buildslave/unity/build/artifacts/generated/common/runtime/UnityEngineDebugBindings.gen.cpp Line: 37)

Reward has dungeon completion required != None Post_Forest_Reward position: (238.7, 0.0, -96.3)
 
(Filename: /home/builduser/buildslave/unity/build/artifacts/generated/common/runtime/UnityEngineDebugBindings.gen.cpp Line: 37)


Unloading 1165 unused Assets to reduce memory usage. Loaded Objects now: 182364.
Total: 304.621002 ms (FindLiveObjects: 69.757996 ms CreateObjectMapping: 10.065000 ms MarkObjects: 219.450989 ms  DeleteObjects: 5.344000 ms)

Shader warmup: 57 shaders 1082 combinations 26.916s
Setting up 1 worker threads for Enlighten.
  Thread -> id: 7fbf400c0700 -> priority: 1 
Fallback handler could not load library /home/mel/.steam/steam/steamapps/common/Epistory/Epistory_Data/Mono/x86_64/TalkFXWrapper
Fallback handler could not load library /home/mel/.steam/steam/steamapps/common/Epistory/Epistory_Data/Mono/x86_64/libTalkFXWrapper.so
Fallback handler could not load library /home/mel/.steam/steam/steamapps/common/Epistory/Epistory_Data/Mono/x86_64/./TalkFXWrapper
Fallback handler could not load library /home/mel/.steam/steam/steamapps/common/Epistory/Epistory_Data/Mono/x86_64/./libTalkFXWrapper.so
Fallback handler could not load library /home/mel/.steam/steam/steamapps/common/Epistory/Epistory_Data/Mono/x86_64/TalkFXWrapper
Fallback handler could not load library /home/mel/.steam/steam/steamapps/common/Epistory/Epistory_Data/Mono/x86_64/libTalkFXWrapper
Fallback handler could not load library /home/mel/.steam/steam/steamapps/common/Epistory/Epistory_Data/Mono/x86_64/libTalkFXWrapper.so
Fallback handler could not load library /home/mel/.steam/steam/steamapps/common/Epistory/Epistory_Data/Mono/x86_64/./libTalkFXWrapper
Fallback handler could not load library /home/mel/.steam/steam/steamapps/common/Epistory/Epistory_Data/Mono/x86_64/./libTalkFXWrapper.so
Fallback handler could not load library /home/mel/.steam/steam/steamapps/common/Epistory/Epistory_Data/Mono/x86_64/libTalkFXWrapper
