[2018-07-12 22:16:37.297] [exthost1] [info] extension host started
[2018-07-12 22:16:37.410] [exthost1] [info] ExtensionService#_doActivateExtension vscode.emmet {"startup":true,"activationEvent":"*"}
[2018-07-12 22:16:37.410] [exthost1] [info] ExtensionService#loadCommonJSModule /home/mel/prog/vscode/resources/app/extensions/emmet/out/extension
[2018-07-12 22:16:37.718] [exthost1] [info] ExtensionService#_doActivateExtension vscode.git {"startup":true,"activationEvent":"*"}
[2018-07-12 22:16:37.718] [exthost1] [info] ExtensionService#loadCommonJSModule /home/mel/prog/vscode/resources/app/extensions/git/out/main
[2018-07-12 22:16:38.546] [exthost1] [info] ExtensionService#_doActivateExtension vscode.merge-conflict {"startup":true,"activationEvent":"*"}
[2018-07-12 22:16:38.546] [exthost1] [info] ExtensionService#loadCommonJSModule /home/mel/prog/vscode/resources/app/extensions/merge-conflict/out/extension
[2018-07-12 22:16:38.597] [exthost1] [info] ExtensionService#_doActivateExtension Equinusocio.vsc-material-theme {"startup":true,"activationEvent":"*"}
[2018-07-12 22:16:38.597] [exthost1] [info] ExtensionService#loadCommonJSModule /home/mel/.vscode/extensions/Equinusocio.vsc-material-theme-2.3.0/extensions/material.theme.config.js
[2018-07-12 22:16:38.641] [exthost1] [info] ExtensionService#_doActivateExtension HookyQR.beautify {"startup":true,"activationEvent":"*"}
[2018-07-12 22:16:38.641] [exthost1] [info] ExtensionService#loadCommonJSModule /home/mel/.vscode/extensions/HookyQR.beautify-1.3.2/extension
[2018-07-12 22:16:38.813] [exthost1] [info] ExtensionService#_doActivateExtension PKief.material-icon-theme {"startup":true,"activationEvent":"*"}
[2018-07-12 22:16:38.813] [exthost1] [info] ExtensionService#loadCommonJSModule /home/mel/.vscode/extensions/PKief.material-icon-theme-3.5.1/out/src/extension
[2018-07-12 22:16:39.006] [exthost1] [info] ExtensionService#_doActivateExtension christian-kohler.path-intellisense {"startup":true,"activationEvent":"*"}
[2018-07-12 22:16:39.006] [exthost1] [info] ExtensionService#loadCommonJSModule /home/mel/.vscode/extensions/christian-kohler.path-intellisense-1.4.2/out/src/extension
[2018-07-12 22:16:39.054] [exthost1] [info] ExtensionService#_doActivateExtension dbaeumer.vscode-eslint {"startup":true,"activationEvent":"*"}
[2018-07-12 22:16:39.054] [exthost1] [info] ExtensionService#loadCommonJSModule /home/mel/.vscode/extensions/dbaeumer.vscode-eslint-1.4.12/client/out/extension
[2018-07-12 22:16:39.335] [exthost1] [info] ExtensionService#_doActivateExtension eamodio.gitlens {"startup":true,"activationEvent":"*"}
[2018-07-12 22:16:39.335] [exthost1] [info] ExtensionService#loadCommonJSModule /home/mel/.vscode/extensions/eamodio.gitlens-8.4.1/out/extension
[2018-07-12 22:16:40.403] [exthost1] [info] ExtensionService#_doActivateExtension lihui.vs-color-picker {"startup":true,"activationEvent":"*"}
[2018-07-12 22:16:40.403] [exthost1] [info] ExtensionService#loadCommonJSModule /home/mel/.vscode/extensions/lihui.vs-color-picker-0.7.0/out/src/extension
[2018-07-12 22:16:40.409] [exthost1] [info] ExtensionService#_doActivateExtension oderwat.indent-rainbow {"startup":true,"activationEvent":"*"}
[2018-07-12 22:16:40.409] [exthost1] [info] ExtensionService#loadCommonJSModule /home/mel/.vscode/extensions/oderwat.indent-rainbow-7.2.2/out/extension
[2018-07-12 22:16:40.413] [exthost1] [info] ExtensionService#_doActivateExtension robertohuertasm.vscode-icons {"startup":true,"activationEvent":"*"}
[2018-07-12 22:16:40.413] [exthost1] [info] ExtensionService#loadCommonJSModule /home/mel/.vscode/extensions/robertohuertasm.vscode-icons-7.24.0/out/src/
[2018-07-12 22:16:40.805] [exthost1] [info] ExtensionService#_doActivateExtension vscodevim.vim {"startup":true,"activationEvent":"*"}
[2018-07-12 22:16:40.805] [exthost1] [info] ExtensionService#loadCommonJSModule /home/mel/.vscode/extensions/vscodevim.vim-0.14.1/out/extension
[2018-07-12 22:16:42.395] [exthost1] [info] ExtensionService#_doActivateExtension waderyan.gitblame {"startup":true,"activationEvent":"*"}
[2018-07-12 22:16:42.395] [exthost1] [info] ExtensionService#loadCommonJSModule /home/mel/.vscode/extensions/waderyan.gitblame-2.4.2/out/src/index
[2018-07-12 22:16:42.551] [exthost1] [info] ExtensionService#_doActivateExtension redhat.java {"startup":true,"activationEvent":"workspaceContains:pom.xml"}
[2018-07-12 22:16:42.551] [exthost1] [info] ExtensionService#loadCommonJSModule /home/mel/.vscode/extensions/redhat.java-0.27.0/out/src/extension
[2018-07-12 22:16:42.897] [exthost1] [info] ExtensionService#_doActivateExtension vscjava.vscode-maven {"startup":true,"activationEvent":"workspaceContains:pom.xml"}
[2018-07-12 22:16:42.897] [exthost1] [info] ExtensionService#loadCommonJSModule /home/mel/.vscode/extensions/vscjava.vscode-maven-0.9.0/out/extension
[2018-07-12 22:16:43.571] [exthost1] [info] eager extensions activated
[2018-07-12 22:16:43.583] [exthost1] [info] ExtensionService#_doActivateExtension Pivotal.vscode-spring-boot {"startup":false,"activationEvent":"onLanguage:java"}
[2018-07-12 22:16:43.583] [exthost1] [info] ExtensionService#loadCommonJSModule /home/mel/.vscode/extensions/Pivotal.vscode-spring-boot-0.3.1/out/lib/Main
[2018-07-12 22:17:07.527] [exthost1] [info] ExtensionService#_doActivateExtension vscjava.vscode-java-debug {"startup":false,"activationEvent":"onLanguage:java"}
[2018-07-12 22:17:07.528] [exthost1] [info] ExtensionService#loadCommonJSModule /home/mel/.vscode/extensions/vscjava.vscode-java-debug-0.10.0/out/src/extension
[2018-07-12 22:17:07.961] [exthost1] [info] ExtensionService#_doActivateExtension vscjava.vscode-java-test {"startup":false,"activationEvent":"onLanguage:java"}
[2018-07-12 22:17:07.961] [exthost1] [info] ExtensionService#loadCommonJSModule /home/mel/.vscode/extensions/vscjava.vscode-java-test-0.7.0/out/src/extension
[2018-07-12 22:17:34.451] [exthost1] [info] extension host started
[2018-07-12 22:17:34.572] [exthost1] [info] ExtensionService#_doActivateExtension vscode.emmet {"startup":true,"activationEvent":"*"}
[2018-07-12 22:17:34.573] [exthost1] [info] ExtensionService#loadCommonJSModule /home/mel/prog/vscode/resources/app/extensions/emmet/out/extension
[2018-07-12 22:17:34.794] [exthost1] [info] ExtensionService#_doActivateExtension vscode.git {"startup":true,"activationEvent":"*"}
[2018-07-12 22:17:34.794] [exthost1] [info] ExtensionService#loadCommonJSModule /home/mel/prog/vscode/resources/app/extensions/git/out/main
[2018-07-12 22:17:35.385] [exthost1] [info] ExtensionService#_doActivateExtension vscode.merge-conflict {"startup":true,"activationEvent":"*"}
[2018-07-12 22:17:35.385] [exthost1] [info] ExtensionService#loadCommonJSModule /home/mel/prog/vscode/resources/app/extensions/merge-conflict/out/extension
[2018-07-12 22:17:35.432] [exthost1] [info] ExtensionService#_doActivateExtension Equinusocio.vsc-material-theme {"startup":true,"activationEvent":"*"}
[2018-07-12 22:17:35.432] [exthost1] [info] ExtensionService#loadCommonJSModule /home/mel/.vscode/extensions/Equinusocio.vsc-material-theme-2.3.0/extensions/material.theme.config.js
[2018-07-12 22:17:35.468] [exthost1] [info] ExtensionService#_doActivateExtension HookyQR.beautify {"startup":true,"activationEvent":"*"}
[2018-07-12 22:17:35.469] [exthost1] [info] ExtensionService#loadCommonJSModule /home/mel/.vscode/extensions/HookyQR.beautify-1.3.2/extension
[2018-07-12 22:17:35.642] [exthost1] [info] ExtensionService#_doActivateExtension PKief.material-icon-theme {"startup":true,"activationEvent":"*"}
[2018-07-12 22:17:35.642] [exthost1] [info] ExtensionService#loadCommonJSModule /home/mel/.vscode/extensions/PKief.material-icon-theme-3.5.1/out/src/extension
[2018-07-12 22:17:35.795] [exthost1] [info] ExtensionService#_doActivateExtension christian-kohler.path-intellisense {"startup":true,"activationEvent":"*"}
[2018-07-12 22:17:35.795] [exthost1] [info] ExtensionService#loadCommonJSModule /home/mel/.vscode/extensions/christian-kohler.path-intellisense-1.4.2/out/src/extension
[2018-07-12 22:17:35.834] [exthost1] [info] ExtensionService#_doActivateExtension dbaeumer.vscode-eslint {"startup":true,"activationEvent":"*"}
[2018-07-12 22:17:35.834] [exthost1] [info] ExtensionService#loadCommonJSModule /home/mel/.vscode/extensions/dbaeumer.vscode-eslint-1.4.12/client/out/extension
[2018-07-12 22:17:36.080] [exthost1] [info] ExtensionService#_doActivateExtension eamodio.gitlens {"startup":true,"activationEvent":"*"}
[2018-07-12 22:17:36.080] [exthost1] [info] ExtensionService#loadCommonJSModule /home/mel/.vscode/extensions/eamodio.gitlens-8.4.1/out/extension
[2018-07-12 22:17:36.713] [exthost1] [info] ExtensionService#_doActivateExtension lihui.vs-color-picker {"startup":true,"activationEvent":"*"}
[2018-07-12 22:17:36.713] [exthost1] [info] ExtensionService#loadCommonJSModule /home/mel/.vscode/extensions/lihui.vs-color-picker-0.7.0/out/src/extension
[2018-07-12 22:17:36.716] [exthost1] [info] ExtensionService#_doActivateExtension oderwat.indent-rainbow {"startup":true,"activationEvent":"*"}
[2018-07-12 22:17:36.716] [exthost1] [info] ExtensionService#loadCommonJSModule /home/mel/.vscode/extensions/oderwat.indent-rainbow-7.2.2/out/extension
[2018-07-12 22:17:36.719] [exthost1] [info] ExtensionService#_doActivateExtension robertohuertasm.vscode-icons {"startup":true,"activationEvent":"*"}
[2018-07-12 22:17:36.719] [exthost1] [info] ExtensionService#loadCommonJSModule /home/mel/.vscode/extensions/robertohuertasm.vscode-icons-7.24.0/out/src/
[2018-07-12 22:17:36.988] [exthost1] [info] ExtensionService#_doActivateExtension vscodevim.vim {"startup":true,"activationEvent":"*"}
[2018-07-12 22:17:36.988] [exthost1] [info] ExtensionService#loadCommonJSModule /home/mel/.vscode/extensions/vscodevim.vim-0.15.0/out/extension
[2018-07-12 22:17:38.172] [exthost1] [info] ExtensionService#_doActivateExtension waderyan.gitblame {"startup":true,"activationEvent":"*"}
[2018-07-12 22:17:38.172] [exthost1] [info] ExtensionService#loadCommonJSModule /home/mel/.vscode/extensions/waderyan.gitblame-2.4.2/out/src/index
[2018-07-12 22:17:38.276] [exthost1] [info] eager extensions activated
[2018-07-12 22:17:38.283] [exthost1] [info] ExtensionService#_doActivateExtension vscjava.vscode-spring-initializr {"startup":false,"activationEvent":"onCommand:spring.initializr.maven-project"}
[2018-07-12 22:17:38.283] [exthost1] [info] ExtensionService#loadCommonJSModule /home/mel/.vscode/extensions/vscjava.vscode-spring-initializr-0.3.0/out/extension
[2018-07-12 22:25:17.818] [exthost1] [info] ExtensionService#_doActivateExtension Pivotal.vscode-spring-boot {"startup":false,"activationEvent":"onLanguage:java"}
[2018-07-12 22:25:17.819] [exthost1] [info] ExtensionService#loadCommonJSModule /home/mel/.vscode/extensions/Pivotal.vscode-spring-boot-0.3.1/out/lib/Main
[2018-07-12 22:25:18.446] [exthost1] [info] ExtensionService#_doActivateExtension redhat.java {"startup":false,"activationEvent":"onLanguage:java"}
[2018-07-12 22:25:18.446] [exthost1] [info] ExtensionService#loadCommonJSModule /home/mel/.vscode/extensions/redhat.java-0.28.0/out/src/extension
[2018-07-12 22:25:43.531] [exthost1] [info] ExtensionService#_doActivateExtension vscjava.vscode-java-debug {"startup":false,"activationEvent":"onLanguage:java"}
[2018-07-12 22:25:43.532] [exthost1] [info] ExtensionService#loadCommonJSModule /home/mel/.vscode/extensions/vscjava.vscode-java-debug-0.10.0/out/src/extension
[2018-07-12 22:25:43.820] [exthost1] [info] ExtensionService#_doActivateExtension vscjava.vscode-java-test {"startup":false,"activationEvent":"onLanguage:java"}
[2018-07-12 22:25:43.820] [exthost1] [info] ExtensionService#loadCommonJSModule /home/mel/.vscode/extensions/vscjava.vscode-java-test-0.7.0/out/src/extension
[2018-07-12 23:28:50.459] [exthost1] [info] ExtensionService#_doActivateExtension formulahendry.docker-explorer {"startup":false,"activationEvent":"onView:suggestedDockerImages"}
[2018-07-12 23:28:50.459] [exthost1] [info] ExtensionService#loadCommonJSModule /home/mel/.vscode/extensions/formulahendry.docker-explorer-0.1.6/out/src/extension
[2018-07-13 06:30:03.691] [exthost1] [info] ExtensionService#_doActivateExtension vscode.html-language-features {"startup":false,"activationEvent":"onLanguage:html"}
[2018-07-13 06:30:03.692] [exthost1] [info] ExtensionService#loadCommonJSModule /home/mel/prog/vscode/resources/app/extensions/html-language-features/client/out/htmlMain
[2018-07-13 06:30:04.225] [exthost1] [info] ExtensionService#_doActivateExtension dbaeumer.jshint {"startup":false,"activationEvent":"onLanguage:html"}
[2018-07-13 06:30:04.226] [exthost1] [info] ExtensionService#loadCommonJSModule /home/mel/.vscode/extensions/dbaeumer.jshint-0.10.19/jshint/out/extension
