[2018-07-13 06:17:35.899] [exthost3] [info] extension host started
[2018-07-13 06:17:36.011] [exthost3] [info] ExtensionService#_doActivateExtension vscode.emmet {"startup":true,"activationEvent":"*"}
[2018-07-13 06:17:36.011] [exthost3] [info] ExtensionService#loadCommonJSModule /home/mel/prog/vscode/resources/app/extensions/emmet/out/extension
[2018-07-13 06:17:36.217] [exthost3] [info] ExtensionService#_doActivateExtension vscode.git {"startup":true,"activationEvent":"*"}
[2018-07-13 06:17:36.218] [exthost3] [info] ExtensionService#loadCommonJSModule /home/mel/prog/vscode/resources/app/extensions/git/out/main
[2018-07-13 06:17:36.792] [exthost3] [info] ExtensionService#_doActivateExtension vscode.merge-conflict {"startup":true,"activationEvent":"*"}
[2018-07-13 06:17:36.792] [exthost3] [info] ExtensionService#loadCommonJSModule /home/mel/prog/vscode/resources/app/extensions/merge-conflict/out/extension
[2018-07-13 06:17:36.833] [exthost3] [info] ExtensionService#_doActivateExtension Equinusocio.vsc-material-theme {"startup":true,"activationEvent":"*"}
[2018-07-13 06:17:36.833] [exthost3] [info] ExtensionService#loadCommonJSModule /home/mel/.vscode/extensions/Equinusocio.vsc-material-theme-2.3.0/extensions/material.theme.config.js
[2018-07-13 06:17:36.867] [exthost3] [info] ExtensionService#_doActivateExtension HookyQR.beautify {"startup":true,"activationEvent":"*"}
[2018-07-13 06:17:36.867] [exthost3] [info] ExtensionService#loadCommonJSModule /home/mel/.vscode/extensions/HookyQR.beautify-1.3.2/extension
[2018-07-13 06:17:37.024] [exthost3] [info] ExtensionService#_doActivateExtension PKief.material-icon-theme {"startup":true,"activationEvent":"*"}
[2018-07-13 06:17:37.024] [exthost3] [info] ExtensionService#loadCommonJSModule /home/mel/.vscode/extensions/PKief.material-icon-theme-3.5.1/out/src/extension
[2018-07-13 06:17:37.170] [exthost3] [info] ExtensionService#_doActivateExtension christian-kohler.path-intellisense {"startup":true,"activationEvent":"*"}
[2018-07-13 06:17:37.170] [exthost3] [info] ExtensionService#loadCommonJSModule /home/mel/.vscode/extensions/christian-kohler.path-intellisense-1.4.2/out/src/extension
[2018-07-13 06:17:37.212] [exthost3] [info] ExtensionService#_doActivateExtension dbaeumer.vscode-eslint {"startup":true,"activationEvent":"*"}
[2018-07-13 06:17:37.212] [exthost3] [info] ExtensionService#loadCommonJSModule /home/mel/.vscode/extensions/dbaeumer.vscode-eslint-1.4.12/client/out/extension
[2018-07-13 06:17:37.445] [exthost3] [info] ExtensionService#_doActivateExtension eamodio.gitlens {"startup":true,"activationEvent":"*"}
[2018-07-13 06:17:37.445] [exthost3] [info] ExtensionService#loadCommonJSModule /home/mel/.vscode/extensions/eamodio.gitlens-8.4.1/out/extension
[2018-07-13 06:17:38.082] [exthost3] [info] ExtensionService#_doActivateExtension lihui.vs-color-picker {"startup":true,"activationEvent":"*"}
[2018-07-13 06:17:38.082] [exthost3] [info] ExtensionService#loadCommonJSModule /home/mel/.vscode/extensions/lihui.vs-color-picker-0.7.0/out/src/extension
[2018-07-13 06:17:38.085] [exthost3] [info] ExtensionService#_doActivateExtension oderwat.indent-rainbow {"startup":true,"activationEvent":"*"}
[2018-07-13 06:17:38.085] [exthost3] [info] ExtensionService#loadCommonJSModule /home/mel/.vscode/extensions/oderwat.indent-rainbow-7.2.2/out/extension
[2018-07-13 06:17:38.088] [exthost3] [info] ExtensionService#_doActivateExtension robertohuertasm.vscode-icons {"startup":true,"activationEvent":"*"}
[2018-07-13 06:17:38.088] [exthost3] [info] ExtensionService#loadCommonJSModule /home/mel/.vscode/extensions/robertohuertasm.vscode-icons-7.24.0/out/src/
[2018-07-13 06:17:38.353] [exthost3] [info] ExtensionService#_doActivateExtension vscodevim.vim {"startup":true,"activationEvent":"*"}
[2018-07-13 06:17:38.353] [exthost3] [info] ExtensionService#loadCommonJSModule /home/mel/.vscode/extensions/vscodevim.vim-0.15.0/out/extension
[2018-07-13 06:17:39.485] [exthost3] [info] ExtensionService#_doActivateExtension waderyan.gitblame {"startup":true,"activationEvent":"*"}
[2018-07-13 06:17:39.485] [exthost3] [info] ExtensionService#loadCommonJSModule /home/mel/.vscode/extensions/waderyan.gitblame-2.4.2/out/src/index
[2018-07-13 06:17:39.576] [exthost3] [info] eager extensions activated
[2018-07-13 06:17:54.030] [exthost3] [info] extension host started
[2018-07-13 06:17:54.153] [exthost3] [info] ExtensionService#_doActivateExtension vscode.emmet {"startup":true,"activationEvent":"*"}
[2018-07-13 06:17:54.154] [exthost3] [info] ExtensionService#loadCommonJSModule /home/mel/prog/vscode/resources/app/extensions/emmet/out/extension
[2018-07-13 06:17:54.365] [exthost3] [info] ExtensionService#_doActivateExtension vscode.git {"startup":true,"activationEvent":"*"}
[2018-07-13 06:17:54.365] [exthost3] [info] ExtensionService#loadCommonJSModule /home/mel/prog/vscode/resources/app/extensions/git/out/main
[2018-07-13 06:17:54.932] [exthost3] [info] ExtensionService#_doActivateExtension vscode.merge-conflict {"startup":true,"activationEvent":"*"}
[2018-07-13 06:17:54.932] [exthost3] [info] ExtensionService#loadCommonJSModule /home/mel/prog/vscode/resources/app/extensions/merge-conflict/out/extension
[2018-07-13 06:17:54.974] [exthost3] [info] ExtensionService#_doActivateExtension Equinusocio.vsc-material-theme {"startup":true,"activationEvent":"*"}
[2018-07-13 06:17:54.974] [exthost3] [info] ExtensionService#loadCommonJSModule /home/mel/.vscode/extensions/Equinusocio.vsc-material-theme-2.3.0/extensions/material.theme.config.js
[2018-07-13 06:17:55.006] [exthost3] [info] ExtensionService#_doActivateExtension HookyQR.beautify {"startup":true,"activationEvent":"*"}
[2018-07-13 06:17:55.006] [exthost3] [info] ExtensionService#loadCommonJSModule /home/mel/.vscode/extensions/HookyQR.beautify-1.3.2/extension
[2018-07-13 06:17:55.164] [exthost3] [info] ExtensionService#_doActivateExtension PKief.material-icon-theme {"startup":true,"activationEvent":"*"}
[2018-07-13 06:17:55.164] [exthost3] [info] ExtensionService#loadCommonJSModule /home/mel/.vscode/extensions/PKief.material-icon-theme-3.5.1/out/src/extension
[2018-07-13 06:17:55.313] [exthost3] [info] ExtensionService#_doActivateExtension christian-kohler.path-intellisense {"startup":true,"activationEvent":"*"}
[2018-07-13 06:17:55.313] [exthost3] [info] ExtensionService#loadCommonJSModule /home/mel/.vscode/extensions/christian-kohler.path-intellisense-1.4.2/out/src/extension
[2018-07-13 06:17:55.353] [exthost3] [info] ExtensionService#_doActivateExtension dbaeumer.vscode-eslint {"startup":true,"activationEvent":"*"}
[2018-07-13 06:17:55.353] [exthost3] [info] ExtensionService#loadCommonJSModule /home/mel/.vscode/extensions/dbaeumer.vscode-eslint-1.4.12/client/out/extension
[2018-07-13 06:17:55.581] [exthost3] [info] ExtensionService#_doActivateExtension eamodio.gitlens {"startup":true,"activationEvent":"*"}
[2018-07-13 06:17:55.581] [exthost3] [info] ExtensionService#loadCommonJSModule /home/mel/.vscode/extensions/eamodio.gitlens-8.4.1/out/extension
[2018-07-13 06:17:56.220] [exthost3] [info] ExtensionService#_doActivateExtension lihui.vs-color-picker {"startup":true,"activationEvent":"*"}
[2018-07-13 06:17:56.220] [exthost3] [info] ExtensionService#loadCommonJSModule /home/mel/.vscode/extensions/lihui.vs-color-picker-0.7.0/out/src/extension
[2018-07-13 06:17:56.223] [exthost3] [info] ExtensionService#_doActivateExtension oderwat.indent-rainbow {"startup":true,"activationEvent":"*"}
[2018-07-13 06:17:56.223] [exthost3] [info] ExtensionService#loadCommonJSModule /home/mel/.vscode/extensions/oderwat.indent-rainbow-7.2.2/out/extension
[2018-07-13 06:17:56.227] [exthost3] [info] ExtensionService#_doActivateExtension robertohuertasm.vscode-icons {"startup":true,"activationEvent":"*"}
[2018-07-13 06:17:56.227] [exthost3] [info] ExtensionService#loadCommonJSModule /home/mel/.vscode/extensions/robertohuertasm.vscode-icons-7.24.0/out/src/
[2018-07-13 06:17:56.490] [exthost3] [info] ExtensionService#_doActivateExtension vscodevim.vim {"startup":true,"activationEvent":"*"}
[2018-07-13 06:17:56.490] [exthost3] [info] ExtensionService#loadCommonJSModule /home/mel/.vscode/extensions/vscodevim.vim-0.15.0/out/extension
[2018-07-13 06:17:57.662] [exthost3] [info] ExtensionService#_doActivateExtension waderyan.gitblame {"startup":true,"activationEvent":"*"}
[2018-07-13 06:17:57.662] [exthost3] [info] ExtensionService#loadCommonJSModule /home/mel/.vscode/extensions/waderyan.gitblame-2.4.2/out/src/index
[2018-07-13 06:17:57.762] [exthost3] [info] ExtensionService#_doActivateExtension Pivotal.vscode-spring-boot {"startup":false,"activationEvent":"onLanguage:java"}
[2018-07-13 06:17:57.762] [exthost3] [info] ExtensionService#loadCommonJSModule /home/mel/.vscode/extensions/Pivotal.vscode-spring-boot-0.3.1/out/lib/Main
[2018-07-13 06:17:58.346] [exthost3] [info] ExtensionService#_doActivateExtension redhat.java {"startup":false,"activationEvent":"onLanguage:java"}
[2018-07-13 06:17:58.346] [exthost3] [info] ExtensionService#loadCommonJSModule /home/mel/.vscode/extensions/redhat.java-0.28.0/out/src/extension
[2018-07-13 06:17:58.593] [exthost3] [info] ExtensionService#_doActivateExtension vscjava.vscode-maven {"startup":true,"activationEvent":"workspaceContains:pom.xml"}
[2018-07-13 06:17:58.593] [exthost3] [info] ExtensionService#loadCommonJSModule /home/mel/.vscode/extensions/vscjava.vscode-maven-0.9.2/out/extension
[2018-07-13 06:17:59.088] [exthost3] [info] eager extensions activated
[2018-07-13 06:18:14.804] [exthost3] [info] ExtensionService#_doActivateExtension vscjava.vscode-java-debug {"startup":false,"activationEvent":"onLanguage:java"}
[2018-07-13 06:18:14.804] [exthost3] [info] ExtensionService#loadCommonJSModule /home/mel/.vscode/extensions/vscjava.vscode-java-debug-0.10.0/out/src/extension
[2018-07-13 06:18:15.060] [exthost3] [info] ExtensionService#_doActivateExtension vscjava.vscode-java-test {"startup":false,"activationEvent":"onLanguage:java"}
[2018-07-13 06:18:15.060] [exthost3] [info] ExtensionService#loadCommonJSModule /home/mel/.vscode/extensions/vscjava.vscode-java-test-0.7.1/out/src/extension
