[2018-07-02 19:29:29.297] [exthost1] [info] extension host started
[2018-07-02 19:29:29.407] [exthost1] [info] ExtensionService#_doActivateExtension vscode.emmet {"startup":true,"activationEvent":"*"}
[2018-07-02 19:29:29.407] [exthost1] [info] ExtensionService#loadCommonJSModule /home/mel/prog/vscode/resources/app/extensions/emmet/out/extension
[2018-07-02 19:29:29.735] [exthost1] [info] ExtensionService#_doActivateExtension vscode.git {"startup":true,"activationEvent":"*"}
[2018-07-02 19:29:29.735] [exthost1] [info] ExtensionService#loadCommonJSModule /home/mel/prog/vscode/resources/app/extensions/git/out/main
[2018-07-02 19:29:30.491] [exthost1] [info] ExtensionService#_doActivateExtension vscode.merge-conflict {"startup":true,"activationEvent":"*"}
[2018-07-02 19:29:30.491] [exthost1] [info] ExtensionService#loadCommonJSModule /home/mel/prog/vscode/resources/app/extensions/merge-conflict/out/extension
[2018-07-02 19:29:30.542] [exthost1] [info] ExtensionService#_doActivateExtension Equinusocio.vsc-material-theme {"startup":true,"activationEvent":"*"}
[2018-07-02 19:29:30.542] [exthost1] [info] ExtensionService#loadCommonJSModule /home/mel/.vscode/extensions/Equinusocio.vsc-material-theme-2.3.0/extensions/material.theme.config.js
[2018-07-02 19:29:30.587] [exthost1] [info] ExtensionService#_doActivateExtension HookyQR.beautify {"startup":true,"activationEvent":"*"}
[2018-07-02 19:29:30.587] [exthost1] [info] ExtensionService#loadCommonJSModule /home/mel/.vscode/extensions/HookyQR.beautify-1.3.2/extension
[2018-07-02 19:29:30.765] [exthost1] [info] ExtensionService#_doActivateExtension PKief.material-icon-theme {"startup":true,"activationEvent":"*"}
[2018-07-02 19:29:30.765] [exthost1] [info] ExtensionService#loadCommonJSModule /home/mel/.vscode/extensions/PKief.material-icon-theme-3.5.1/out/src/extension
[2018-07-02 19:29:30.931] [exthost1] [info] ExtensionService#_doActivateExtension christian-kohler.path-intellisense {"startup":true,"activationEvent":"*"}
[2018-07-02 19:29:30.931] [exthost1] [info] ExtensionService#loadCommonJSModule /home/mel/.vscode/extensions/christian-kohler.path-intellisense-1.4.2/out/src/extension
[2018-07-02 19:29:30.987] [exthost1] [info] ExtensionService#_doActivateExtension dbaeumer.vscode-eslint {"startup":true,"activationEvent":"*"}
[2018-07-02 19:29:30.987] [exthost1] [info] ExtensionService#loadCommonJSModule /home/mel/.vscode/extensions/dbaeumer.vscode-eslint-1.4.12/client/out/extension
[2018-07-02 19:29:31.221] [exthost1] [info] ExtensionService#_doActivateExtension eamodio.gitlens {"startup":true,"activationEvent":"*"}
[2018-07-02 19:29:31.221] [exthost1] [info] ExtensionService#loadCommonJSModule /home/mel/.vscode/extensions/eamodio.gitlens-8.4.1/out/extension
[2018-07-02 19:29:32.082] [exthost1] [info] ExtensionService#_doActivateExtension lihui.vs-color-picker {"startup":true,"activationEvent":"*"}
[2018-07-02 19:29:32.082] [exthost1] [info] ExtensionService#loadCommonJSModule /home/mel/.vscode/extensions/lihui.vs-color-picker-0.7.0/out/src/extension
[2018-07-02 19:29:32.087] [exthost1] [info] ExtensionService#_doActivateExtension oderwat.indent-rainbow {"startup":true,"activationEvent":"*"}
[2018-07-02 19:29:32.087] [exthost1] [info] ExtensionService#loadCommonJSModule /home/mel/.vscode/extensions/oderwat.indent-rainbow-7.2.2/out/extension
[2018-07-02 19:29:32.092] [exthost1] [info] ExtensionService#_doActivateExtension robertohuertasm.vscode-icons {"startup":true,"activationEvent":"*"}
[2018-07-02 19:29:32.092] [exthost1] [info] ExtensionService#loadCommonJSModule /home/mel/.vscode/extensions/robertohuertasm.vscode-icons-7.24.0/out/src/
[2018-07-02 19:29:32.431] [exthost1] [info] ExtensionService#_doActivateExtension vscodevim.vim {"startup":true,"activationEvent":"*"}
[2018-07-02 19:29:32.431] [exthost1] [info] ExtensionService#loadCommonJSModule /home/mel/.vscode/extensions/vscodevim.vim-0.14.1/out/extension
[2018-07-02 19:29:33.897] [exthost1] [info] ExtensionService#_doActivateExtension waderyan.gitblame {"startup":true,"activationEvent":"*"}
[2018-07-02 19:29:33.897] [exthost1] [info] ExtensionService#loadCommonJSModule /home/mel/.vscode/extensions/waderyan.gitblame-2.4.2/out/src/index
[2018-07-02 19:29:34.019] [exthost1] [info] ExtensionService#_doActivateExtension redhat.java {"startup":true,"activationEvent":"workspaceContains:pom.xml"}
[2018-07-02 19:29:34.019] [exthost1] [info] ExtensionService#loadCommonJSModule /home/mel/.vscode/extensions/redhat.java-0.27.0/out/src/extension
[2018-07-02 19:29:34.349] [exthost1] [info] ExtensionService#_doActivateExtension vscjava.vscode-maven {"startup":true,"activationEvent":"workspaceContains:pom.xml"}
[2018-07-02 19:29:34.349] [exthost1] [info] ExtensionService#loadCommonJSModule /home/mel/.vscode/extensions/vscjava.vscode-maven-0.9.0/out/extension
[2018-07-02 19:29:35.027] [exthost1] [info] eager extensions activated
[2018-07-02 19:29:35.037] [exthost1] [info] ExtensionService#_doActivateExtension vscode.typescript-language-features {"startup":false,"activationEvent":"onLanguage:typescriptreact"}
[2018-07-02 19:29:35.037] [exthost1] [info] ExtensionService#loadCommonJSModule /home/mel/prog/vscode/resources/app/extensions/typescript-language-features/out/extension
[2018-07-02 19:29:35.451] [exthost1] [info] ExtensionService#_doActivateExtension christian-kohler.npm-intellisense {"startup":false,"activationEvent":"onLanguage:typescriptreact"}
[2018-07-02 19:29:35.451] [exthost1] [info] ExtensionService#loadCommonJSModule /home/mel/.vscode/extensions/christian-kohler.npm-intellisense-1.3.0/out/src/extension
[2018-07-02 19:29:35.506] [exthost1] [info] ExtensionService#_doActivateExtension eg2.tslint {"startup":false,"activationEvent":"onLanguage:typescriptreact"}
[2018-07-02 19:29:35.506] [exthost1] [info] ExtensionService#loadCommonJSModule /home/mel/.vscode/extensions/eg2.tslint-1.0.32/out/extension
[2018-07-02 19:29:35.724] [exthost1] [info] ExtensionService#_doActivateExtension Pivotal.vscode-spring-boot {"startup":false,"activationEvent":"onLanguage:java"}
[2018-07-02 19:29:35.724] [exthost1] [info] ExtensionService#loadCommonJSModule /home/mel/.vscode/extensions/Pivotal.vscode-spring-boot-0.3.1/out/lib/Main
[2018-07-02 19:29:57.090] [exthost1] [info] ExtensionService#_doActivateExtension vscjava.vscode-java-debug {"startup":false,"activationEvent":"onLanguage:java"}
[2018-07-02 19:29:57.090] [exthost1] [info] ExtensionService#loadCommonJSModule /home/mel/.vscode/extensions/vscjava.vscode-java-debug-0.10.0/out/src/extension
[2018-07-02 19:29:57.557] [exthost1] [info] ExtensionService#_doActivateExtension vscjava.vscode-java-test {"startup":false,"activationEvent":"onLanguage:java"}
[2018-07-02 19:29:57.557] [exthost1] [info] ExtensionService#loadCommonJSModule /home/mel/.vscode/extensions/vscjava.vscode-java-test-0.7.0/out/src/extension
[2018-07-02 19:30:03.037] [exthost1] [info] ExtensionService#_doActivateExtension vscode.configuration-editing {"startup":false,"activationEvent":"onLanguage:jsonc"}
[2018-07-02 19:30:03.038] [exthost1] [info] ExtensionService#loadCommonJSModule /home/mel/prog/vscode/resources/app/extensions/configuration-editing/out/extension
[2018-07-02 19:30:03.145] [exthost1] [info] ExtensionService#_doActivateExtension vscode.json-language-features {"startup":false,"activationEvent":"onLanguage:jsonc"}
[2018-07-02 19:30:03.145] [exthost1] [info] ExtensionService#loadCommonJSModule /home/mel/prog/vscode/resources/app/extensions/json-language-features/client/out/jsonMain
[2018-07-02 19:53:47.416] [exthost1] [info] ExtensionService#_doActivateExtension vscode.extension-editing {"startup":false,"activationEvent":"onLanguage:typescript"}
[2018-07-02 19:53:47.416] [exthost1] [info] ExtensionService#loadCommonJSModule /home/mel/prog/vscode/resources/app/extensions/extension-editing/out/extension
[2018-07-03 08:31:37.871] [exthost1] [info] extension host started
[2018-07-03 08:31:37.990] [exthost1] [info] ExtensionService#_doActivateExtension vscode.emmet {"startup":true,"activationEvent":"*"}
[2018-07-03 08:31:37.991] [exthost1] [info] ExtensionService#loadCommonJSModule /home/mel/prog/vscode/resources/app/extensions/emmet/out/extension
[2018-07-03 08:31:38.352] [exthost1] [info] ExtensionService#_doActivateExtension vscode.git {"startup":true,"activationEvent":"*"}
[2018-07-03 08:31:38.352] [exthost1] [info] ExtensionService#loadCommonJSModule /home/mel/prog/vscode/resources/app/extensions/git/out/main
[2018-07-03 08:31:39.051] [exthost1] [info] ExtensionService#_doActivateExtension vscode.merge-conflict {"startup":true,"activationEvent":"*"}
[2018-07-03 08:31:39.051] [exthost1] [info] ExtensionService#loadCommonJSModule /home/mel/prog/vscode/resources/app/extensions/merge-conflict/out/extension
[2018-07-03 08:31:39.113] [exthost1] [info] ExtensionService#_doActivateExtension Equinusocio.vsc-material-theme {"startup":true,"activationEvent":"*"}
[2018-07-03 08:31:39.113] [exthost1] [info] ExtensionService#loadCommonJSModule /home/mel/.vscode/extensions/Equinusocio.vsc-material-theme-2.3.0/extensions/material.theme.config.js
[2018-07-03 08:31:39.160] [exthost1] [info] ExtensionService#_doActivateExtension HookyQR.beautify {"startup":true,"activationEvent":"*"}
[2018-07-03 08:31:39.160] [exthost1] [info] ExtensionService#loadCommonJSModule /home/mel/.vscode/extensions/HookyQR.beautify-1.3.2/extension
[2018-07-03 08:31:39.370] [exthost1] [info] ExtensionService#_doActivateExtension PKief.material-icon-theme {"startup":true,"activationEvent":"*"}
[2018-07-03 08:31:39.370] [exthost1] [info] ExtensionService#loadCommonJSModule /home/mel/.vscode/extensions/PKief.material-icon-theme-3.5.1/out/src/extension
[2018-07-03 08:31:39.554] [exthost1] [info] ExtensionService#_doActivateExtension christian-kohler.path-intellisense {"startup":true,"activationEvent":"*"}
[2018-07-03 08:31:39.554] [exthost1] [info] ExtensionService#loadCommonJSModule /home/mel/.vscode/extensions/christian-kohler.path-intellisense-1.4.2/out/src/extension
[2018-07-03 08:31:39.622] [exthost1] [info] ExtensionService#_doActivateExtension dbaeumer.vscode-eslint {"startup":true,"activationEvent":"*"}
[2018-07-03 08:31:39.622] [exthost1] [info] ExtensionService#loadCommonJSModule /home/mel/.vscode/extensions/dbaeumer.vscode-eslint-1.4.12/client/out/extension
[2018-07-03 08:31:39.950] [exthost1] [info] ExtensionService#_doActivateExtension eamodio.gitlens {"startup":true,"activationEvent":"*"}
[2018-07-03 08:31:39.950] [exthost1] [info] ExtensionService#loadCommonJSModule /home/mel/.vscode/extensions/eamodio.gitlens-8.4.1/out/extension
[2018-07-03 08:31:40.737] [exthost1] [info] ExtensionService#_doActivateExtension lihui.vs-color-picker {"startup":true,"activationEvent":"*"}
[2018-07-03 08:31:40.737] [exthost1] [info] ExtensionService#loadCommonJSModule /home/mel/.vscode/extensions/lihui.vs-color-picker-0.7.0/out/src/extension
[2018-07-03 08:31:40.742] [exthost1] [info] ExtensionService#_doActivateExtension ms-vscode.cpptools {"startup":true,"activationEvent":"*"}
[2018-07-03 08:31:40.742] [exthost1] [info] ExtensionService#loadCommonJSModule /home/mel/.vscode/extensions/ms-vscode.cpptools-0.17.6/out/src/main
[2018-07-03 08:31:41.445] [exthost1] [info] ExtensionService#_doActivateExtension oderwat.indent-rainbow {"startup":true,"activationEvent":"*"}
[2018-07-03 08:31:41.445] [exthost1] [info] ExtensionService#loadCommonJSModule /home/mel/.vscode/extensions/oderwat.indent-rainbow-7.2.2/out/extension
[2018-07-03 08:31:41.449] [exthost1] [info] ExtensionService#_doActivateExtension robertohuertasm.vscode-icons {"startup":true,"activationEvent":"*"}
[2018-07-03 08:31:41.449] [exthost1] [info] ExtensionService#loadCommonJSModule /home/mel/.vscode/extensions/robertohuertasm.vscode-icons-7.24.0/out/src/
[2018-07-03 08:31:41.794] [exthost1] [info] ExtensionService#_doActivateExtension vscodevim.vim {"startup":true,"activationEvent":"*"}
[2018-07-03 08:31:41.794] [exthost1] [info] ExtensionService#loadCommonJSModule /home/mel/.vscode/extensions/vscodevim.vim-0.14.1/out/extension
[2018-07-03 08:31:43.194] [exthost1] [info] ExtensionService#_doActivateExtension waderyan.gitblame {"startup":true,"activationEvent":"*"}
[2018-07-03 08:31:43.194] [exthost1] [info] ExtensionService#loadCommonJSModule /home/mel/.vscode/extensions/waderyan.gitblame-2.4.2/out/src/index
[2018-07-03 08:31:43.320] [exthost1] [info] ExtensionService#_doActivateExtension redhat.java {"startup":true,"activationEvent":"workspaceContains:pom.xml"}
[2018-07-03 08:31:43.320] [exthost1] [info] ExtensionService#loadCommonJSModule /home/mel/.vscode/extensions/redhat.java-0.27.0/out/src/extension
[2018-07-03 08:31:43.640] [exthost1] [info] ExtensionService#_doActivateExtension vscjava.vscode-maven {"startup":true,"activationEvent":"workspaceContains:pom.xml"}
[2018-07-03 08:31:43.641] [exthost1] [info] ExtensionService#loadCommonJSModule /home/mel/.vscode/extensions/vscjava.vscode-maven-0.9.0/out/extension
[2018-07-03 08:31:44.279] [exthost1] [info] eager extensions activated
[2018-07-03 08:31:44.291] [exthost1] [info] ExtensionService#_doActivateExtension Pivotal.vscode-spring-boot {"startup":false,"activationEvent":"onLanguage:java"}
[2018-07-03 08:31:44.291] [exthost1] [info] ExtensionService#loadCommonJSModule /home/mel/.vscode/extensions/Pivotal.vscode-spring-boot-0.3.1/out/lib/Main
[2018-07-03 08:31:45.040] [exthost1] [info] ExtensionService#_doActivateExtension vscode.typescript-language-features {"startup":false,"activationEvent":"onLanguage:typescriptreact"}
[2018-07-03 08:31:45.040] [exthost1] [info] ExtensionService#loadCommonJSModule /home/mel/prog/vscode/resources/app/extensions/typescript-language-features/out/extension
[2018-07-03 08:31:45.467] [exthost1] [info] ExtensionService#_doActivateExtension christian-kohler.npm-intellisense {"startup":false,"activationEvent":"onLanguage:typescriptreact"}
[2018-07-03 08:31:45.467] [exthost1] [info] ExtensionService#loadCommonJSModule /home/mel/.vscode/extensions/christian-kohler.npm-intellisense-1.3.0/out/src/extension
[2018-07-03 08:31:45.521] [exthost1] [info] ExtensionService#_doActivateExtension eg2.tslint {"startup":false,"activationEvent":"onLanguage:typescriptreact"}
[2018-07-03 08:31:45.521] [exthost1] [info] ExtensionService#loadCommonJSModule /home/mel/.vscode/extensions/eg2.tslint-1.0.32/out/extension
[2018-07-03 08:32:00.879] [exthost1] [info] ExtensionService#_doActivateExtension vscode.configuration-editing {"startup":false,"activationEvent":"onLanguage:jsonc"}
[2018-07-03 08:32:00.883] [exthost1] [info] ExtensionService#loadCommonJSModule /home/mel/prog/vscode/resources/app/extensions/configuration-editing/out/extension
[2018-07-03 08:32:01.023] [exthost1] [info] ExtensionService#_doActivateExtension vscode.json-language-features {"startup":false,"activationEvent":"onLanguage:jsonc"}
[2018-07-03 08:32:01.023] [exthost1] [info] ExtensionService#loadCommonJSModule /home/mel/prog/vscode/resources/app/extensions/json-language-features/client/out/jsonMain
[2018-07-03 08:32:18.952] [exthost1] [info] extension host started
[2018-07-03 08:32:19.071] [exthost1] [info] ExtensionService#_doActivateExtension vscode.emmet {"startup":true,"activationEvent":"*"}
[2018-07-03 08:32:19.071] [exthost1] [info] ExtensionService#loadCommonJSModule /home/mel/prog/vscode/resources/app/extensions/emmet/out/extension
[2018-07-03 08:32:19.293] [exthost1] [info] ExtensionService#_doActivateExtension vscode.git {"startup":true,"activationEvent":"*"}
[2018-07-03 08:32:19.293] [exthost1] [info] ExtensionService#loadCommonJSModule /home/mel/prog/vscode/resources/app/extensions/git/out/main
[2018-07-03 08:32:19.891] [exthost1] [info] ExtensionService#_doActivateExtension vscode.merge-conflict {"startup":true,"activationEvent":"*"}
[2018-07-03 08:32:19.891] [exthost1] [info] ExtensionService#loadCommonJSModule /home/mel/prog/vscode/resources/app/extensions/merge-conflict/out/extension
[2018-07-03 08:32:19.936] [exthost1] [info] ExtensionService#_doActivateExtension Equinusocio.vsc-material-theme {"startup":true,"activationEvent":"*"}
[2018-07-03 08:32:19.936] [exthost1] [info] ExtensionService#loadCommonJSModule /home/mel/.vscode/extensions/Equinusocio.vsc-material-theme-2.3.0/extensions/material.theme.config.js
[2018-07-03 08:32:19.976] [exthost1] [info] ExtensionService#_doActivateExtension HookyQR.beautify {"startup":true,"activationEvent":"*"}
[2018-07-03 08:32:19.976] [exthost1] [info] ExtensionService#loadCommonJSModule /home/mel/.vscode/extensions/HookyQR.beautify-1.3.2/extension
[2018-07-03 08:32:20.154] [exthost1] [info] ExtensionService#_doActivateExtension PKief.material-icon-theme {"startup":true,"activationEvent":"*"}
[2018-07-03 08:32:20.154] [exthost1] [info] ExtensionService#loadCommonJSModule /home/mel/.vscode/extensions/PKief.material-icon-theme-3.5.1/out/src/extension
[2018-07-03 08:32:20.313] [exthost1] [info] ExtensionService#_doActivateExtension christian-kohler.path-intellisense {"startup":true,"activationEvent":"*"}
[2018-07-03 08:32:20.313] [exthost1] [info] ExtensionService#loadCommonJSModule /home/mel/.vscode/extensions/christian-kohler.path-intellisense-1.4.2/out/src/extension
[2018-07-03 08:32:20.354] [exthost1] [info] ExtensionService#_doActivateExtension dbaeumer.vscode-eslint {"startup":true,"activationEvent":"*"}
[2018-07-03 08:32:20.354] [exthost1] [info] ExtensionService#loadCommonJSModule /home/mel/.vscode/extensions/dbaeumer.vscode-eslint-1.4.12/client/out/extension
[2018-07-03 08:32:20.611] [exthost1] [info] ExtensionService#_doActivateExtension eamodio.gitlens {"startup":true,"activationEvent":"*"}
[2018-07-03 08:32:20.611] [exthost1] [info] ExtensionService#loadCommonJSModule /home/mel/.vscode/extensions/eamodio.gitlens-8.4.1/out/extension
[2018-07-03 08:32:21.339] [exthost1] [info] ExtensionService#_doActivateExtension lihui.vs-color-picker {"startup":true,"activationEvent":"*"}
[2018-07-03 08:32:21.339] [exthost1] [info] ExtensionService#loadCommonJSModule /home/mel/.vscode/extensions/lihui.vs-color-picker-0.7.0/out/src/extension
[2018-07-03 08:32:21.342] [exthost1] [info] ExtensionService#_doActivateExtension ms-vscode.cpptools {"startup":true,"activationEvent":"*"}
[2018-07-03 08:32:21.342] [exthost1] [info] ExtensionService#loadCommonJSModule /home/mel/.vscode/extensions/ms-vscode.cpptools-0.17.6/out/src/main
[2018-07-03 08:32:21.953] [exthost1] [info] ExtensionService#_doActivateExtension oderwat.indent-rainbow {"startup":true,"activationEvent":"*"}
[2018-07-03 08:32:21.953] [exthost1] [info] ExtensionService#loadCommonJSModule /home/mel/.vscode/extensions/oderwat.indent-rainbow-7.2.2/out/extension
[2018-07-03 08:32:21.957] [exthost1] [info] ExtensionService#_doActivateExtension robertohuertasm.vscode-icons {"startup":true,"activationEvent":"*"}
[2018-07-03 08:32:21.957] [exthost1] [info] ExtensionService#loadCommonJSModule /home/mel/.vscode/extensions/robertohuertasm.vscode-icons-7.24.0/out/src/
[2018-07-03 08:32:22.275] [exthost1] [info] ExtensionService#_doActivateExtension vscodevim.vim {"startup":true,"activationEvent":"*"}
[2018-07-03 08:32:22.275] [exthost1] [info] ExtensionService#loadCommonJSModule /home/mel/.vscode/extensions/vscodevim.vim-0.14.1/out/extension
[2018-07-03 08:32:23.453] [exthost1] [info] ExtensionService#_doActivateExtension waderyan.gitblame {"startup":true,"activationEvent":"*"}
[2018-07-03 08:32:23.453] [exthost1] [info] ExtensionService#loadCommonJSModule /home/mel/.vscode/extensions/waderyan.gitblame-2.4.2/out/src/index
[2018-07-03 08:32:23.555] [exthost1] [info] ExtensionService#_doActivateExtension redhat.java {"startup":true,"activationEvent":"workspaceContains:pom.xml"}
[2018-07-03 08:32:23.555] [exthost1] [info] ExtensionService#loadCommonJSModule /home/mel/.vscode/extensions/redhat.java-0.27.0/out/src/extension
[2018-07-03 08:32:23.816] [exthost1] [info] ExtensionService#_doActivateExtension vscjava.vscode-maven {"startup":true,"activationEvent":"workspaceContains:pom.xml"}
[2018-07-03 08:32:23.816] [exthost1] [info] ExtensionService#loadCommonJSModule /home/mel/.vscode/extensions/vscjava.vscode-maven-0.9.0/out/extension
[2018-07-03 08:32:24.306] [exthost1] [info] eager extensions activated
[2018-07-03 08:32:24.321] [exthost1] [info] ExtensionService#_doActivateExtension Pivotal.vscode-spring-boot {"startup":false,"activationEvent":"onLanguage:java"}
[2018-07-03 08:32:24.321] [exthost1] [info] ExtensionService#loadCommonJSModule /home/mel/.vscode/extensions/Pivotal.vscode-spring-boot-0.3.1/out/lib/Main
[2018-07-03 08:32:24.891] [exthost1] [info] ExtensionService#_doActivateExtension vscode.typescript-language-features {"startup":false,"activationEvent":"onLanguage:typescriptreact"}
[2018-07-03 08:32:24.891] [exthost1] [info] ExtensionService#loadCommonJSModule /home/mel/prog/vscode/resources/app/extensions/typescript-language-features/out/extension
[2018-07-03 08:32:25.323] [exthost1] [info] ExtensionService#_doActivateExtension christian-kohler.npm-intellisense {"startup":false,"activationEvent":"onLanguage:typescriptreact"}
[2018-07-03 08:32:25.323] [exthost1] [info] ExtensionService#loadCommonJSModule /home/mel/.vscode/extensions/christian-kohler.npm-intellisense-1.3.0/out/src/extension
[2018-07-03 08:32:25.379] [exthost1] [info] ExtensionService#_doActivateExtension eg2.tslint {"startup":false,"activationEvent":"onLanguage:typescriptreact"}
[2018-07-03 08:32:25.379] [exthost1] [info] ExtensionService#loadCommonJSModule /home/mel/.vscode/extensions/eg2.tslint-1.0.32/out/extension
[2018-07-03 08:32:34.117] [exthost1] [info] ExtensionService#_doActivateExtension vscode.configuration-editing {"startup":false,"activationEvent":"onLanguage:jsonc"}
[2018-07-03 08:32:34.117] [exthost1] [info] ExtensionService#loadCommonJSModule /home/mel/prog/vscode/resources/app/extensions/configuration-editing/out/extension
[2018-07-03 08:32:34.227] [exthost1] [info] ExtensionService#_doActivateExtension vscode.json-language-features {"startup":false,"activationEvent":"onLanguage:jsonc"}
[2018-07-03 08:32:34.227] [exthost1] [info] ExtensionService#loadCommonJSModule /home/mel/prog/vscode/resources/app/extensions/json-language-features/client/out/jsonMain
[2018-07-03 08:32:54.988] [exthost1] [info] ExtensionService#_doActivateExtension vscjava.vscode-java-debug {"startup":false,"activationEvent":"onLanguage:java"}
[2018-07-03 08:32:54.989] [exthost1] [info] ExtensionService#loadCommonJSModule /home/mel/.vscode/extensions/vscjava.vscode-java-debug-0.10.0/out/src/extension
[2018-07-03 08:32:55.556] [exthost1] [info] ExtensionService#_doActivateExtension vscjava.vscode-java-test {"startup":false,"activationEvent":"onLanguage:java"}
[2018-07-03 08:32:55.556] [exthost1] [info] ExtensionService#loadCommonJSModule /home/mel/.vscode/extensions/vscjava.vscode-java-test-0.7.0/out/src/extension
[2018-07-03 08:37:59.669] [exthost1] [info] ExtensionService#_doActivateExtension vscode.extension-editing {"startup":false,"activationEvent":"onLanguage:typescript"}
[2018-07-03 08:37:59.670] [exthost1] [info] ExtensionService#loadCommonJSModule /home/mel/prog/vscode/resources/app/extensions/extension-editing/out/extension
[2018-07-03 08:48:36.222] [exthost1] [info] ExtensionService#_doActivateExtension vscode.markdown-language-features {"startup":false,"activationEvent":"onLanguage:markdown"}
[2018-07-03 08:48:36.222] [exthost1] [info] ExtensionService#loadCommonJSModule /home/mel/prog/vscode/resources/app/extensions/markdown-language-features/out/extension
[2018-07-03 08:48:39.588] [exthost1] [info] ExtensionService#_doActivateExtension vscode.npm {"startup":false,"activationEvent":"onLanguage:json"}
[2018-07-03 08:48:39.588] [exthost1] [info] ExtensionService#loadCommonJSModule /home/mel/prog/vscode/resources/app/extensions/npm/out/main
[2018-07-03 08:48:39.795] [exthost1] [info] ExtensionService#_doActivateExtension eg2.vscode-npm-script {"startup":false,"activationEvent":"onLanguage:json"}
[2018-07-03 08:48:39.795] [exthost1] [info] ExtensionService#loadCommonJSModule /home/mel/.vscode/extensions/eg2.vscode-npm-script-0.3.4/out/src/main
