[2018-07-02 19:29:09.122] [sharedprocess] [info] main {"machineId":"e43e270e76ce46d41bf4255c200a644424c4074168adcf5bc87dde28bc684b58"}
[2018-07-02 19:29:09.588] [sharedprocess] [info] Scanned user extensions: 50
[2018-07-02 19:29:09.643] [sharedprocess] [info] Scanned system extensions: 69
[2018-07-02 19:29:10.385] [sharedprocess] [info] Deleted from disk Equinusocio.vsc-material-theme-2.2.0
[2018-07-02 19:29:13.200] [sharedprocess] [info] Scanned user extensions: 50
[2018-07-02 19:29:13.213] [sharedprocess] [info] Scanned user extensions: 50
[2018-07-02 19:29:13.260] [sharedprocess] [info] Scanned system extensions: 69
[2018-07-02 19:29:14.081] [sharedprocess] [info] Scanned user extensions: 50
[2018-07-02 19:29:17.878] [sharedprocess] [info] Scanned user extensions: 50
[2018-07-02 19:29:19.215] [sharedprocess] [info] Installing extension: cpptools
[2018-07-02 19:29:19.333] [sharedprocess] [info] Scanned user extensions: 50
[2018-07-02 19:29:20.174] [sharedprocess] [info] Downloaded extension: cpptools
[2018-07-02 19:29:23.830] [sharedprocess] [info] Extracted extension to /home/mel/.vscode/extensions/.ms-vscode.cpptools-0.17.6: ms-vscode.cpptools-0.17.6
[2018-07-02 19:29:23.831] [sharedprocess] [info] Renamed to /home/mel/.vscode/extensions/ms-vscode.cpptools-0.17.6
[2018-07-02 19:29:23.831] [sharedprocess] [info] Installation completed. ms-vscode.cpptools-0.17.6
[2018-07-02 19:29:27.561] [sharedprocess] [info] Extensions installed successfully: ms-vscode.cpptools
[2018-07-02 19:29:29.027] [sharedprocess] [info] Scanned user extensions: 50
[2018-07-02 19:29:29.037] [sharedprocess] [info] Scanned system extensions: 69
[2018-07-02 19:29:49.144] [sharedprocess] [info] Starting to clean up unused language packs.
[2018-07-02 19:30:21.373] [sharedprocess] [info] Scanned user extensions: 50
[2018-07-02 19:30:21.388] [sharedprocess] [info] Scanned system extensions: 69
[2018-07-02 19:34:18.254] [sharedprocess] [info] Scanned user extensions: 50
[2018-07-02 19:39:18.853] [sharedprocess] [info] Scanned user extensions: 50
[2018-07-02 19:44:19.389] [sharedprocess] [info] Scanned user extensions: 50
[2018-07-02 19:45:15.617] [sharedprocess] [info] Scanned user extensions: 50
[2018-07-02 19:49:19.656] [sharedprocess] [info] Scanned user extensions: 50
[2018-07-02 19:54:19.893] [sharedprocess] [info] Scanned user extensions: 50
[2018-07-02 19:59:20.132] [sharedprocess] [info] Scanned user extensions: 50
[2018-07-02 20:04:20.317] [sharedprocess] [info] Scanned user extensions: 50
[2018-07-02 20:09:20.511] [sharedprocess] [info] Scanned user extensions: 50
[2018-07-02 20:14:20.828] [sharedprocess] [info] Scanned user extensions: 50
[2018-07-02 20:19:21.132] [sharedprocess] [info] Scanned user extensions: 50
[2018-07-02 20:24:21.474] [sharedprocess] [info] Scanned user extensions: 50
[2018-07-02 20:29:22.125] [sharedprocess] [info] Scanned user extensions: 50
[2018-07-02 20:34:22.888] [sharedprocess] [info] Scanned user extensions: 50
[2018-07-02 20:39:23.259] [sharedprocess] [info] Scanned user extensions: 50
[2018-07-02 20:44:23.431] [sharedprocess] [info] Scanned user extensions: 50
[2018-07-02 20:49:23.619] [sharedprocess] [info] Scanned user extensions: 50
[2018-07-02 20:54:23.805] [sharedprocess] [info] Scanned user extensions: 50
[2018-07-02 20:59:24.035] [sharedprocess] [info] Scanned user extensions: 50
[2018-07-02 21:04:24.217] [sharedprocess] [info] Scanned user extensions: 50
[2018-07-02 21:09:24.407] [sharedprocess] [info] Scanned user extensions: 50
[2018-07-02 21:14:24.628] [sharedprocess] [info] Scanned user extensions: 50
[2018-07-02 21:19:24.852] [sharedprocess] [info] Scanned user extensions: 50
[2018-07-03 02:44:31.162] [sharedprocess] [info] Scanned user extensions: 50
[2018-07-03 02:49:31.449] [sharedprocess] [info] Scanned user extensions: 50
[2018-07-03 02:54:31.649] [sharedprocess] [info] Scanned user extensions: 50
[2018-07-03 02:59:31.922] [sharedprocess] [info] Scanned user extensions: 50
[2018-07-03 03:04:32.091] [sharedprocess] [info] Scanned user extensions: 50
[2018-07-03 03:09:32.297] [sharedprocess] [info] Scanned user extensions: 50
[2018-07-03 03:14:32.499] [sharedprocess] [info] Scanned user extensions: 50
[2018-07-03 03:31:12.331] [sharedprocess] [info] Scanned user extensions: 50
[2018-07-03 03:36:12.511] [sharedprocess] [info] Scanned user extensions: 50
[2018-07-03 03:41:12.698] [sharedprocess] [info] Scanned user extensions: 50
[2018-07-03 03:46:12.961] [sharedprocess] [info] Scanned user extensions: 50
[2018-07-03 08:07:28.953] [sharedprocess] [info] Scanned user extensions: 50
[2018-07-03 08:12:29.147] [sharedprocess] [info] Scanned user extensions: 50
[2018-07-03 08:17:30.004] [sharedprocess] [info] Scanned user extensions: 50
[2018-07-03 08:22:30.198] [sharedprocess] [info] Scanned user extensions: 50
[2018-07-03 08:27:30.415] [sharedprocess] [info] Scanned user extensions: 50
[2018-07-03 08:30:56.197] [sharedprocess] [info] Scanned user extensions: 50
[2018-07-03 08:30:56.236] [sharedprocess] [info] Scanned system extensions: 69
[2018-07-03 08:31:32.698] [sharedprocess] [info] Scanned user extensions: 50
[2018-07-03 08:31:32.706] [sharedprocess] [info] Scanned user extensions: 50
[2018-07-03 08:31:32.747] [sharedprocess] [info] Scanned user extensions: 50
[2018-07-03 08:31:32.756] [sharedprocess] [info] Scanned user extensions: 50
[2018-07-03 08:31:32.801] [sharedprocess] [info] Scanned system extensions: 69
[2018-07-03 08:31:32.833] [sharedprocess] [info] Scanned system extensions: 69
[2018-07-03 08:31:32.867] [sharedprocess] [info] Scanned system extensions: 69
[2018-07-03 08:31:32.988] [sharedprocess] [info] Scanned user extensions: 50
[2018-07-03 08:31:36.612] [sharedprocess] [info] Scanned user extensions: 50
[2018-07-03 08:32:15.225] [sharedprocess] [info] Scanned user extensions: 50
[2018-07-03 08:32:15.237] [sharedprocess] [info] Scanned user extensions: 50
[2018-07-03 08:32:15.288] [sharedprocess] [info] Scanned user extensions: 50
[2018-07-03 08:32:15.297] [sharedprocess] [info] Scanned user extensions: 50
[2018-07-03 08:32:15.325] [sharedprocess] [info] Scanned system extensions: 69
[2018-07-03 08:32:15.356] [sharedprocess] [info] Scanned system extensions: 69
[2018-07-03 08:32:15.390] [sharedprocess] [info] Scanned system extensions: 69
[2018-07-03 08:32:15.746] [sharedprocess] [info] Scanned user extensions: 50
[2018-07-03 08:32:18.809] [sharedprocess] [info] Scanned user extensions: 50
[2018-07-03 08:32:38.761] [sharedprocess] [info] Scanned user extensions: 50
[2018-07-03 08:32:38.806] [sharedprocess] [info] Scanned user extensions: 50
[2018-07-03 08:32:38.821] [sharedprocess] [info] Scanned user extensions: 50
[2018-07-03 08:32:38.897] [sharedprocess] [info] Scanned system extensions: 69
[2018-07-03 08:32:38.964] [sharedprocess] [info] Scanned system extensions: 69
[2018-07-03 08:37:19.475] [sharedprocess] [info] Scanned user extensions: 50
[2018-07-03 08:42:19.705] [sharedprocess] [info] Scanned user extensions: 50
[2018-07-03 08:47:20.306] [sharedprocess] [info] Scanned user extensions: 50
[2018-07-03 08:52:20.689] [sharedprocess] [info] Scanned user extensions: 50
[2018-07-03 08:57:20.868] [sharedprocess] [info] Scanned user extensions: 50
[2018-07-03 09:02:21.077] [sharedprocess] [info] Scanned user extensions: 50
[2018-07-03 09:07:21.426] [sharedprocess] [info] Scanned user extensions: 50
[2018-07-03 09:12:22.017] [sharedprocess] [info] Scanned user extensions: 50
[2018-07-03 09:17:22.476] [sharedprocess] [info] Scanned user extensions: 50
[2018-07-03 09:22:22.676] [sharedprocess] [info] Scanned user extensions: 50
[2018-07-03 09:27:22.894] [sharedprocess] [info] Scanned user extensions: 50
[2018-07-03 13:20:20.227] [sharedprocess] [info] Scanned user extensions: 50
[2018-07-03 13:25:50.717] [sharedprocess] [info] Scanned user extensions: 50
[2018-07-03 13:31:20.988] [sharedprocess] [info] Scanned user extensions: 50
[2018-07-03 13:36:51.227] [sharedprocess] [info] Scanned user extensions: 50
[2018-07-03 18:25:13.963] [sharedprocess] [info] Scanned user extensions: 50
[2018-07-03 18:30:14.327] [sharedprocess] [info] Scanned user extensions: 50
[2018-07-03 19:37:02.514] [sharedprocess] [info] Scanned user extensions: 50
[2018-07-03 19:42:02.710] [sharedprocess] [info] Scanned user extensions: 50
[2018-07-03 19:47:02.921] [sharedprocess] [info] Scanned user extensions: 50
[2018-07-03 20:11:14.159] [sharedprocess] [info] Scanned user extensions: 50
