[Error - 2:19:36 AM] Jul 12, 2018 10:25:25 PM failed to send diagnostics
File not found: /home/mel/_/__projects/java/deserilizerLab/src/main/java/com/example/demo/Applicaiton.java.
Java Model Exception: Core Exception [code 368] File not found: /home/mel/_/__projects/java/deserilizerLab/src/main/java/com/example/demo/Applicaiton.java.
	at org.eclipse.jdt.internal.core.util.Util.getResourceContentsAsCharArray(Util.java:1206)
	at org.eclipse.jdt.internal.core.util.Util.getResourceContentsAsCharArray(Util.java:1178)
	at org.eclipse.jdt.internal.core.CompilationUnit.openBuffer(CompilationUnit.java:1218)
	at org.eclipse.jdt.internal.core.CompilationUnit.buildStructure(CompilationUnit.java:112)
	at org.eclipse.jdt.internal.core.Openable.generateInfos(Openable.java:265)
	at org.eclipse.jdt.internal.core.JavaElement.openWhenClosed(JavaElement.java:593)
	at org.eclipse.jdt.internal.core.JavaElement.getElementInfo(JavaElement.java:323)
	at org.eclipse.jdt.internal.core.JavaElement.getElementInfo(JavaElement.java:309)
	at org.eclipse.jdt.internal.core.Openable.getBuffer(Openable.java:295)
	at org.eclipse.jdt.ls.core.internal.handlers.WorkspaceDiagnosticsHandler.visit(WorkspaceDiagnosticsHandler.java:108)
	at org.eclipse.core.internal.events.ResourceDelta.accept(ResourceDelta.java:64)
	at org.eclipse.core.internal.events.ResourceDelta.accept(ResourceDelta.java:74)
	at org.eclipse.core.internal.events.ResourceDelta.accept(ResourceDelta.java:74)
	at org.eclipse.core.internal.events.ResourceDelta.accept(ResourceDelta.java:74)
	at org.eclipse.core.internal.events.ResourceDelta.accept(ResourceDelta.java:74)
	at org.eclipse.core.internal.events.ResourceDelta.accept(ResourceDelta.java:74)
	at org.eclipse.core.internal.events.ResourceDelta.accept(ResourceDelta.java:74)
	at org.eclipse.core.internal.events.ResourceDelta.accept(ResourceDelta.java:74)
	at org.eclipse.core.internal.events.ResourceDelta.accept(ResourceDelta.java:74)
	at org.eclipse.core.internal.events.ResourceDelta.accept(ResourceDelta.java:48)
	at org.eclipse.jdt.ls.core.internal.handlers.WorkspaceDiagnosticsHandler.resourceChanged(WorkspaceDiagnosticsHandler.java:63)
	at org.eclipse.core.internal.events.NotificationManager$1.run(NotificationManager.java:297)
	at org.eclipse.core.runtime.SafeRunner.run(SafeRunner.java:42)
	at org.eclipse.core.internal.events.NotificationManager.notify(NotificationManager.java:287)
	at org.eclipse.core.internal.events.NotificationManager.broadcastChanges(NotificationManager.java:150)
	at org.eclipse.core.internal.resources.Workspace.broadcastPostChange(Workspace.java:376)
	at org.eclipse.core.internal.resources.Workspace.endOperation(Workspace.java:1499)
	at org.eclipse.core.internal.events.AutoBuildJob.doBuild(AutoBuildJob.java:157)
	at org.eclipse.core.internal.events.AutoBuildJob.run(AutoBuildJob.java:232)
	at org.eclipse.core.internal.jobs.Worker.run(Worker.java:60)
Caused by: org.eclipse.core.internal.resources.ResourceException: File not found: /home/mel/_/__projects/java/deserilizerLab/src/main/java/com/example/demo/Applicaiton.java.
	at org.eclipse.core.internal.localstore.FileSystemResourceManager.read(FileSystemResourceManager.java:830)
	at org.eclipse.core.internal.resources.File.getContents(File.java:277)
	at org.eclipse.jdt.internal.core.util.Util.getResourceContentsAsCharArray(Util.java:1204)
	... 29 more
Caused by: java.lang.Exception: File not found: /home/mel/_/__projects/java/deserilizerLab/src/main/java/com/example/demo/Applicaiton.java.
	at org.eclipse.core.internal.resources.ResourceException.provideStackTrace(ResourceException.java:39)
	at org.eclipse.core.internal.resources.ResourceException.<init>(ResourceException.java:35)
	... 32 more
Caused by: org.eclipse.core.internal.resources.ResourceException(/demo/src/main/java/com/example/demo/Applicaiton.java)[368]: java.lang.Exception: File not found: /home/mel/_/__projects/java/deserilizerLab/src/main/java/com/example/demo/Applicaiton.java.
	at org.eclipse.core.internal.resources.ResourceException.provideStackTrace(ResourceException.java:39)
	at org.eclipse.core.internal.resources.ResourceException.<init>(ResourceException.java:35)
	at org.eclipse.core.internal.localstore.FileSystemResourceManager.read(FileSystemResourceManager.java:830)
	at org.eclipse.core.internal.resources.File.getContents(File.java:277)
	at org.eclipse.jdt.internal.core.util.Util.getResourceContentsAsCharArray(Util.java:1204)
	at org.eclipse.jdt.internal.core.util.Util.getResourceContentsAsCharArray(Util.java:1178)
	at org.eclipse.jdt.internal.core.CompilationUnit.openBuffer(CompilationUnit.java:1218)
	at org.eclipse.jdt.internal.core.CompilationUnit.buildStructure(CompilationUnit.java:112)
	at org.eclipse.jdt.internal.core.Openable.generateInfos(Openable.java:265)
	at org.eclipse.jdt.internal.core.JavaElement.openWhenClosed(JavaElement.java:593)
	at org.eclipse.jdt.internal.core.JavaElement.getElementInfo(JavaElement.java:323)
	at org.eclipse.jdt.internal.core.JavaElement.getElementInfo(JavaElement.java:309)
	at org.eclipse.jdt.internal.core.Openable.getBuffer(Openable.java:295)
	at org.eclipse.jdt.ls.core.internal.handlers.WorkspaceDiagnosticsHandler.visit(WorkspaceDiagnosticsHandler.java:108)
	at org.eclipse.core.internal.events.ResourceDelta.accept(ResourceDelta.java:64)
	at org.eclipse.core.internal.events.ResourceDelta.accept(ResourceDelta.java:74)
	at org.eclipse.core.internal.events.ResourceDelta.accept(ResourceDelta.java:74)
	at org.eclipse.core.internal.events.ResourceDelta.accept(ResourceDelta.java:74)
	at org.eclipse.core.internal.events.ResourceDelta.accept(ResourceDelta.java:74)
	at org.eclipse.core.internal.events.ResourceDelta.accept(ResourceDelta.java:74)
	at org.eclipse.core.internal.events.ResourceDelta.accept(ResourceDelta.java:74)
	at org.eclipse.core.internal.events.ResourceDelta.accept(ResourceDelta.java:74)
	at org.eclipse.core.internal.events.ResourceDelta.accept(ResourceDelta.java:74)
	at org.eclipse.core.internal.events.ResourceDelta.accept(ResourceDelta.java:48)
	at org.eclipse.jdt.ls.core.internal.handlers.WorkspaceDiagnosticsHandler.resourceChanged(WorkspaceDiagnosticsHandler.java:63)
	at org.eclipse.core.internal.events.NotificationManager$1.run(NotificationManager.java:297)
	at org.eclipse.core.runtime.SafeRunner.run(SafeRunner.java:42)
	at org.eclipse.core.internal.events.NotificationManager.notify(NotificationManager.java:287)
	at org.eclipse.core.internal.events.NotificationManager.broadcastChanges(NotificationManager.java:150)
	at org.eclipse.core.internal.resources.Workspace.broadcastPostChange(Workspace.java:376)
	at org.eclipse.core.internal.resources.Workspace.endOperation(Workspace.java:1499)
	at org.eclipse.core.internal.events.AutoBuildJob.doBuild(AutoBuildJob.java:157)
	at org.eclipse.core.internal.events.AutoBuildJob.run(AutoBuildJob.java:232)
	at org.eclipse.core.internal.jobs.Worker.run(Worker.java:60)

[Warn  - 2:24:35 AM] Jul 12, 2018 10:25:25 PM Save operation warnings.
