[2018-08-23 21:27:37.642] [sharedprocess] [info] main {"machineId":"e43e270e76ce46d41bf4255c200a644424c4074168adcf5bc87dde28bc684b58"}
[2018-08-23 21:27:38.095] [sharedprocess] [info] Scanned user extensions: 51
[2018-08-23 21:27:38.139] [sharedprocess] [info] Scanned system extensions: 69
[2018-08-23 21:27:42.006] [sharedprocess] [info] Scanned user extensions: 51
[2018-08-23 21:27:42.012] [sharedprocess] [info] Scanned user extensions: 51
[2018-08-23 21:27:42.046] [sharedprocess] [info] Scanned system extensions: 69
[2018-08-23 21:27:45.972] [sharedprocess] [info] Scanned user extensions: 51
[2018-08-23 21:27:47.690] [sharedprocess] [info] Installing extension: vscode-spring-boot
[2018-08-23 21:27:47.691] [sharedprocess] [info] Installing extension: shades-of-purple
[2018-08-23 21:27:47.692] [sharedprocess] [info] Installing extension: vscode-firefox-debug
[2018-08-23 21:27:47.693] [sharedprocess] [info] Installing extension: indent-rainbow
[2018-08-23 21:27:47.694] [sharedprocess] [info] Installing extension: java
[2018-08-23 21:27:47.694] [sharedprocess] [info] Installing extension: vscode-java-debug
[2018-08-23 21:27:47.695] [sharedprocess] [info] Installing extension: vscode-java-test
[2018-08-23 21:27:48.355] [sharedprocess] [info] Scanned user extensions: 51
[2018-08-23 21:27:48.369] [sharedprocess] [info] Scanned user extensions: 51
[2018-08-23 21:27:48.379] [sharedprocess] [info] Scanned user extensions: 51
[2018-08-23 21:27:48.387] [sharedprocess] [info] Scanned user extensions: 51
[2018-08-23 21:27:48.394] [sharedprocess] [info] Scanned user extensions: 51
[2018-08-23 21:27:48.404] [sharedprocess] [info] Scanned user extensions: 51
[2018-08-23 21:27:48.410] [sharedprocess] [info] Scanned user extensions: 51
[2018-08-23 21:27:48.760] [sharedprocess] [info] Scanned user extensions: 51
[2018-08-23 21:27:48.771] [sharedprocess] [info] Scanned user extensions: 51
[2018-08-23 21:27:48.785] [sharedprocess] [info] Scanned system extensions: 69
[2018-08-23 21:27:48.793] [sharedprocess] [info] Scanned system extensions: 69
[2018-08-23 21:27:48.825] [sharedprocess] [info] Downloaded extension: shades-of-purple
[2018-08-23 21:27:49.160] [sharedprocess] [info] Downloaded extension: vscode-firefox-debug
[2018-08-23 21:27:49.165] [sharedprocess] [info] Downloaded extension: indent-rainbow
[2018-08-23 21:27:49.380] [sharedprocess] [info] Extracted extension to /home/mel/.vscode/extensions/.ahmadawais.shades-of-purple-2.7.0: ahmadawais.shades-of-purple-2.7.0
[2018-08-23 21:27:49.382] [sharedprocess] [info] Renamed to /home/mel/.vscode/extensions/ahmadawais.shades-of-purple-2.7.0
[2018-08-23 21:27:49.382] [sharedprocess] [info] Installation completed. ahmadawais.shades-of-purple-2.7.0
[2018-08-23 21:27:49.973] [sharedprocess] [info] Downloaded extension: vscode-java-debug
[2018-08-23 21:27:50.194] [sharedprocess] [info] Extensions installed successfully: ahmadawais.shades-of-purple
[2018-08-23 21:27:50.545] [sharedprocess] [info] Scanned user extensions: 51
[2018-08-23 21:27:50.560] [sharedprocess] [info] Scanned system extensions: 69
[2018-08-23 21:27:53.206] [sharedprocess] [info] Extracted extension to /home/mel/.vscode/extensions/.vscjava.vscode-java-debug-0.11.0: vscjava.vscode-java-debug-0.11.0
[2018-08-23 21:27:53.207] [sharedprocess] [info] Renamed to /home/mel/.vscode/extensions/vscjava.vscode-java-debug-0.11.0
[2018-08-23 21:27:53.207] [sharedprocess] [info] Installation completed. vscjava.vscode-java-debug-0.11.0
[2018-08-23 21:27:53.958] [sharedprocess] [info] Extensions installed successfully: vscjava.vscode-java-debug
[2018-08-23 21:27:54.266] [sharedprocess] [info] Scanned user extensions: 51
[2018-08-23 21:27:54.287] [sharedprocess] [info] Scanned system extensions: 69
[2018-08-23 21:27:55.094] [sharedprocess] [info] Downloaded extension: vscode-java-test
[2018-08-23 21:28:05.570] [sharedprocess] [info] Downloaded extension: vscode-spring-boot
[2018-08-23 21:28:11.036] [sharedprocess] [info] Downloaded extension: java
[2018-08-23 21:28:17.680] [sharedprocess] [info] Starting to clean up unused language packs.
[2018-08-23 21:28:36.070] [sharedprocess] [info] Extracted extension to /home/mel/.vscode/extensions/.Pivotal.vscode-spring-boot-0.5.0: Pivotal.vscode-spring-boot-0.5.0
[2018-08-23 21:28:36.074] [sharedprocess] [info] Renamed to /home/mel/.vscode/extensions/Pivotal.vscode-spring-boot-0.5.0
[2018-08-23 21:28:36.074] [sharedprocess] [info] Installation completed. Pivotal.vscode-spring-boot-0.5.0
[2018-08-23 21:28:36.135] [sharedprocess] [info] Extensions installed successfully: Pivotal.vscode-spring-boot
[2018-08-23 21:28:36.687] [sharedprocess] [info] Scanned user extensions: 51
[2018-08-23 21:28:36.705] [sharedprocess] [info] Scanned system extensions: 69
[2018-08-23 21:28:38.867] [sharedprocess] [info] Extracted extension to /home/mel/.vscode/extensions/.redhat.java-0.29.0: redhat.java-0.29.0
[2018-08-23 21:28:38.868] [sharedprocess] [info] Renamed to /home/mel/.vscode/extensions/redhat.java-0.29.0
[2018-08-23 21:28:38.868] [sharedprocess] [info] Installation completed. redhat.java-0.29.0
[2018-08-23 21:28:38.935] [sharedprocess] [info] Extensions installed successfully: redhat.java
[2018-08-23 21:28:39.490] [sharedprocess] [info] Scanned user extensions: 51
[2018-08-23 21:28:39.509] [sharedprocess] [info] Scanned system extensions: 69
[2018-08-23 21:28:46.620] [sharedprocess] [info] Extracted extension to /home/mel/.vscode/extensions/.hbenl.vscode-firefox-debug-1.5.0: hbenl.vscode-firefox-debug-1.5.0
[2018-08-23 21:28:46.625] [sharedprocess] [info] Renamed to /home/mel/.vscode/extensions/hbenl.vscode-firefox-debug-1.5.0
[2018-08-23 21:28:46.625] [sharedprocess] [info] Installation completed. hbenl.vscode-firefox-debug-1.5.0
[2018-08-23 21:28:46.707] [sharedprocess] [info] Extensions installed successfully: hbenl.vscode-firefox-debug
[2018-08-23 21:28:47.009] [sharedprocess] [info] Scanned user extensions: 51
[2018-08-23 21:28:47.026] [sharedprocess] [info] Scanned system extensions: 69
[2018-08-23 21:28:47.177] [sharedprocess] [info] Extracted extension to /home/mel/.vscode/extensions/.oderwat.indent-rainbow-7.2.4: oderwat.indent-rainbow-7.2.4
[2018-08-23 21:28:47.177] [sharedprocess] [info] Renamed to /home/mel/.vscode/extensions/oderwat.indent-rainbow-7.2.4
[2018-08-23 21:28:47.177] [sharedprocess] [info] Installation completed. oderwat.indent-rainbow-7.2.4
[2018-08-23 21:28:47.209] [sharedprocess] [info] Extensions installed successfully: oderwat.indent-rainbow
[2018-08-23 21:28:47.508] [sharedprocess] [info] Scanned user extensions: 51
[2018-08-23 21:28:47.519] [sharedprocess] [info] Scanned system extensions: 69
[2018-08-23 21:29:07.555] [sharedprocess] [info] Extracted extension to /home/mel/.vscode/extensions/.vscjava.vscode-java-test-0.8.0: vscjava.vscode-java-test-0.8.0
[2018-08-23 21:29:07.556] [sharedprocess] [info] Renamed to /home/mel/.vscode/extensions/vscjava.vscode-java-test-0.8.0
[2018-08-23 21:29:07.556] [sharedprocess] [info] Installation completed. vscjava.vscode-java-test-0.8.0
[2018-08-23 21:29:07.599] [sharedprocess] [info] Extensions installed successfully: vscjava.vscode-java-test
[2018-08-23 21:29:07.904] [sharedprocess] [info] Scanned user extensions: 51
[2018-08-23 21:29:07.913] [sharedprocess] [info] Scanned system extensions: 69
[2018-08-23 21:32:46.733] [sharedprocess] [info] Scanned user extensions: 51
[2018-08-23 21:37:46.964] [sharedprocess] [info] Scanned user extensions: 51
[2018-08-23 21:42:47.193] [sharedprocess] [info] Scanned user extensions: 51
[2018-08-23 21:47:47.619] [sharedprocess] [info] Scanned user extensions: 51
[2018-08-23 21:52:47.838] [sharedprocess] [info] Scanned user extensions: 51
[2018-08-23 21:57:48.049] [sharedprocess] [info] Scanned user extensions: 51
[2018-08-26 12:32:40.530] [sharedprocess] [info] Scanned user extensions: 51
[2018-08-26 12:37:39.651] [sharedprocess] [info] Scanned user extensions: 51
[2018-08-26 12:42:39.859] [sharedprocess] [info] Scanned user extensions: 51
