[Error - 6:05:01 AM] Jul 22, 2018 6:04:52 AM Error occurred while deleting: /demo/target/classes/static
Problems encountered while deleting resources.
org.eclipse.core.internal.resources.ResourceException: Problems encountered while deleting resources.
	at org.eclipse.core.internal.resources.Resource.delete(Resource.java:762)
	at org.eclipse.jdt.internal.core.builder.BatchImageBuilder.cleanOutputFolders(BatchImageBuilder.java:137)
	at org.eclipse.jdt.internal.core.builder.BatchImageBuilder.build(BatchImageBuilder.java:62)
	at org.eclipse.jdt.internal.core.builder.JavaBuilder.buildAll(JavaBuilder.java:259)
	at org.eclipse.jdt.internal.core.builder.JavaBuilder.build(JavaBuilder.java:177)
	at org.eclipse.core.internal.events.BuildManager$2.run(BuildManager.java:795)
	at org.eclipse.core.runtime.SafeRunner.run(SafeRunner.java:42)
	at org.eclipse.core.internal.events.BuildManager.basicBuild(BuildManager.java:216)
	at org.eclipse.core.internal.events.BuildManager.basicBuild(BuildManager.java:259)
	at org.eclipse.core.internal.events.BuildManager$1.run(BuildManager.java:312)
	at org.eclipse.core.runtime.SafeRunner.run(SafeRunner.java:42)
	at org.eclipse.core.internal.events.BuildManager.basicBuild(BuildManager.java:315)
	at org.eclipse.core.internal.events.BuildManager.basicBuildLoop(BuildManager.java:367)
	at org.eclipse.core.internal.events.BuildManager.build(BuildManager.java:388)
	at org.eclipse.core.internal.resources.Workspace.buildInternal(Workspace.java:501)
	at org.eclipse.core.internal.resources.Workspace.build(Workspace.java:401)
	at org.eclipse.jdt.ls.core.internal.handlers.BuildWorkspaceHandler.buildWorkspace(BuildWorkspaceHandler.java:63)
	at org.eclipse.jdt.ls.core.internal.handlers.JDTLanguageServer.lambda$21(JDTLanguageServer.java:672)
	at org.eclipse.jdt.ls.core.internal.handlers.JDTLanguageServer.lambda$22(JDTLanguageServer.java:716)
	at java.util.concurrent.CompletableFuture.uniApply(CompletableFuture.java:602)
	at java.util.concurrent.CompletableFuture$UniApply.tryFire(CompletableFuture.java:577)
	at java.util.concurrent.CompletableFuture$Completion.exec(CompletableFuture.java:443)
	at java.util.concurrent.ForkJoinTask.doExec(ForkJoinTask.java:289)
	at java.util.concurrent.ForkJoinPool$WorkQueue.runTask(ForkJoinPool.java:1056)
	at java.util.concurrent.ForkJoinPool.runWorker(ForkJoinPool.java:1692)
	at java.util.concurrent.ForkJoinWorkerThread.run(ForkJoinWorkerThread.java:157)
Contains: Could not delete '/demo/target/classes/static'.
org.eclipse.core.internal.resources.ResourceException: Problems encountered while deleting resources.
	at org.eclipse.core.internal.localstore.FileSystemResourceManager.delete(FileSystemResourceManager.java:364)
	at org.eclipse.core.internal.resources.ResourceTree.internalDeleteFolder(ResourceTree.java:358)
	at org.eclipse.core.internal.resources.ResourceTree.standardDeleteFolder(ResourceTree.java:810)
	at org.eclipse.core.internal.resources.Resource.unprotectedDelete(Resource.java:1768)
	at org.eclipse.core.internal.resources.Resource.delete(Resource.java:749)
	at org.eclipse.jdt.internal.core.builder.BatchImageBuilder.cleanOutputFolders(BatchImageBuilder.java:137)
	at org.eclipse.jdt.internal.core.builder.BatchImageBuilder.build(BatchImageBuilder.java:62)
	at org.eclipse.jdt.internal.core.builder.JavaBuilder.buildAll(JavaBuilder.java:259)
	at org.eclipse.jdt.internal.core.builder.JavaBuilder.build(JavaBuilder.java:177)
	at org.eclipse.core.internal.events.BuildManager$2.run(BuildManager.java:795)
	at org.eclipse.core.runtime.SafeRunner.run(SafeRunner.java:42)
	at org.eclipse.core.internal.events.BuildManager.basicBuild(BuildManager.java:216)
	at org.eclipse.core.internal.events.BuildManager.basicBuild(BuildManager.java:259)
	at org.eclipse.core.internal.events.BuildManager$1.run(BuildManager.java:312)
	at org.eclipse.core.runtime.SafeRunner.run(SafeRunner.java:42)
	at org.eclipse.core.internal.events.BuildManager.basicBuild(BuildManager.java:315)
	at org.eclipse.core.internal.events.BuildManager.basicBuildLoop(BuildManager.java:367)
	at org.eclipse.core.internal.events.BuildManager.build(BuildManager.java:388)
	at org.eclipse.core.internal.resources.Workspace.buildInternal(Workspace.java:501)
	at org.eclipse.core.internal.resources.Workspace.build(Workspace.java:401)
	at org.eclipse.jdt.ls.core.internal.handlers.BuildWorkspaceHandler.buildWorkspace(BuildWorkspaceHandler.java:63)
	at org.eclipse.jdt.ls.core.internal.handlers.JDTLanguageServer.lambda$21(JDTLanguageServer.java:672)
	at org.eclipse.jdt.ls.core.internal.handlers.JDTLanguageServer.lambda$22(JDTLanguageServer.java:716)
	at java.util.concurrent.CompletableFuture.uniApply(CompletableFuture.java:602)
	at java.util.concurrent.CompletableFuture$UniApply.tryFire(CompletableFuture.java:577)
	at java.util.concurrent.CompletableFuture$Completion.exec(CompletableFuture.java:443)
	at java.util.concurrent.ForkJoinTask.doExec(ForkJoinTask.java:289)
	at java.util.concurrent.ForkJoinPool$WorkQueue.runTask(ForkJoinPool.java:1056)
	at java.util.concurrent.ForkJoinPool.runWorker(ForkJoinPool.java:1692)
	at java.util.concurrent.ForkJoinWorkerThread.run(ForkJoinWorkerThread.java:157)
Contains: Problems encountered while deleting files.
Contains: Could not delete: /home/mel/_/__projects/java/test_project/target/classes/static/build.
java.nio.file.AccessDeniedException: /home/mel/_/__projects/java/test_project/target/classes/static/build
	at sun.nio.fs.UnixException.translateToIOException(UnixException.java:84)
	at sun.nio.fs.UnixException.rethrowAsIOException(UnixException.java:102)
	at sun.nio.fs.UnixException.rethrowAsIOException(UnixException.java:107)
	at sun.nio.fs.UnixFileSystemProvider.implDelete(UnixFileSystemProvider.java:244)
	at sun.nio.fs.AbstractFileSystemProvider.deleteIfExists(AbstractFileSystemProvider.java:108)
	at java.nio.file.Files.deleteIfExists(Files.java:1165)
	at org.eclipse.core.internal.filesystem.local.LocalFile.internalDelete(LocalFile.java:220)
	at org.eclipse.core.internal.filesystem.local.LocalFile.internalDelete(LocalFile.java:248)
	at org.eclipse.core.internal.filesystem.local.LocalFile.delete(LocalFile.java:137)
	at org.eclipse.core.internal.localstore.DeleteVisitor.delete(DeleteVisitor.java:63)
	at org.eclipse.core.internal.localstore.DeleteVisitor.visit(DeleteVisitor.java:151)
	at org.eclipse.core.internal.localstore.UnifiedTree.accept(UnifiedTree.java:110)
	at org.eclipse.core.internal.localstore.FileSystemResourceManager.delete(FileSystemResourceManager.java:361)
	at org.eclipse.core.internal.resources.ResourceTree.internalDeleteFolder(ResourceTree.java:358)
	at org.eclipse.core.internal.resources.ResourceTree.standardDeleteFolder(ResourceTree.java:810)
	at org.eclipse.core.internal.resources.Resource.unprotectedDelete(Resource.java:1768)
	at org.eclipse.core.internal.resources.Resource.delete(Resource.java:749)
	at org.eclipse.jdt.internal.core.builder.BatchImageBuilder.cleanOutputFolders(BatchImageBuilder.java:137)
	at org.eclipse.jdt.internal.core.builder.BatchImageBuilder.build(BatchImageBuilder.java:62)
	at org.eclipse.jdt.internal.core.builder.JavaBuilder.buildAll(JavaBuilder.java:259)
	at org.eclipse.jdt.internal.core.builder.JavaBuilder.build(JavaBuilder.java:177)
	at org.eclipse.core.internal.events.BuildManager$2.run(BuildManager.java:795)
	at org.eclipse.core.runtime.SafeRunner.run(SafeRunner.java:42)
	at org.eclipse.core.internal.events.BuildManager.basicBuild(BuildManager.java:216)
	at org.eclipse.core.internal.events.BuildManager.basicBuild(BuildManager.java:259)
	at org.eclipse.core.internal.events.BuildManager$1.run(BuildManager.java:312)
	at org.eclipse.core.runtime.SafeRunner.run(SafeRunner.java:42)
	at org.eclipse.core.internal.events.BuildManager.basicBuild(BuildManager.java:315)
	at org.eclipse.core.internal.events.BuildManager.basicBuildLoop(BuildManager.java:367)
	at org.eclipse.core.internal.events.BuildManager.build(BuildManager.java:388)
	at org.eclipse.core.internal.resources.Workspace.buildInternal(Workspace.java:501)
	at org.eclipse.core.internal.resources.Workspace.build(Workspace.java:401)
	at org.eclipse.jdt.ls.core.internal.handlers.BuildWorkspaceHandler.buildWorkspace(BuildWorkspaceHandler.java:63)
	at org.eclipse.jdt.ls.core.internal.handlers.JDTLanguageServer.lambda$21(JDTLanguageServer.java:672)
	at org.eclipse.jdt.ls.core.internal.handlers.JDTLanguageServer.lambda$22(JDTLanguageServer.java:716)
	at java.util.concurrent.CompletableFuture.uniApply(CompletableFuture.java:602)
	at java.util.concurrent.CompletableFuture$UniApply.tryFire(CompletableFuture.java:577)
	at java.util.concurrent.CompletableFuture$Completion.exec(CompletableFuture.java:443)
	at java.util.concurrent.ForkJoinTask.doExec(ForkJoinTask.java:289)
	at java.util.concurrent.ForkJoinPool$WorkQueue.runTask(ForkJoinPool.java:1056)
	at java.util.concurrent.ForkJoinPool.runWorker(ForkJoinPool.java:1692)
	at java.util.concurrent.ForkJoinWorkerThread.run(ForkJoinWorkerThread.java:157)
Contains: Could not delete: /home/mel/_/__projects/java/test_project/target/classes/static.

