[Info  - 6:04:42 AM] ESLint server is running.
[Info  - 6:04:47 AM] 
Failed to load the ESLint library for the document /home/mel/_/__projects/java/test_project/webpack.config.js

To use ESLint please install eslint by running 'npm install eslint' in the workspace folder test_project
or globally using 'npm install -g eslint'. You need to reopen the workspace after installing eslint.

If you are using yarn instead of npm set the setting `"eslint.packageManager": "yarn"`

Alternatively you can disable ESLint for the workspace folder test_project by executing the 'Disable ESLint' command.
[Info  - 6:08:25 AM] 
Failed to load the ESLint library for the document /home/mel/_/__projects/java/test_project/src/main/js/client.js

To use ESLint please install eslint by running 'npm install eslint' in the workspace folder test_project
or globally using 'npm install -g eslint'. You need to reopen the workspace after installing eslint.

If you are using yarn instead of npm set the setting `"eslint.packageManager": "yarn"`

Alternatively you can disable ESLint for the workspace folder test_project by executing the 'Disable ESLint' command.
[Info  - 6:08:27 AM] 
Failed to load the ESLint library for the document /home/mel/_/__projects/java/test_project/src/main/js/app.js

To use ESLint please install eslint by running 'npm install eslint' in the workspace folder test_project
or globally using 'npm install -g eslint'. You need to reopen the workspace after installing eslint.

If you are using yarn instead of npm set the setting `"eslint.packageManager": "yarn"`

Alternatively you can disable ESLint for the workspace folder test_project by executing the 'Disable ESLint' command.
[Info  - 6:08:28 AM] 
Failed to load the ESLint library for the document /home/mel/_/__projects/java/test_project/src/main/js/Employee.js

To use ESLint please install eslint by running 'npm install eslint' in the workspace folder test_project
or globally using 'npm install -g eslint'. You need to reopen the workspace after installing eslint.

If you are using yarn instead of npm set the setting `"eslint.packageManager": "yarn"`

Alternatively you can disable ESLint for the workspace folder test_project by executing the 'Disable ESLint' command.
[Info  - 6:08:32 AM] 
Failed to load the ESLint library for the document /home/mel/_/__projects/java/test_project/src/main/js/EmployeeWrapper.js

To use ESLint please install eslint by running 'npm install eslint' in the workspace folder test_project
or globally using 'npm install -g eslint'. You need to reopen the workspace after installing eslint.

If you are using yarn instead of npm set the setting `"eslint.packageManager": "yarn"`

Alternatively you can disable ESLint for the workspace folder test_project by executing the 'Disable ESLint' command.
