[2018-07-22 06:03:29.014] [exthost3] [info] extension host started
[2018-07-22 06:03:29.162] [exthost3] [info] ExtensionService#_doActivateExtension vscode.emmet {"startup":true,"activationEvent":"*"}
[2018-07-22 06:03:29.163] [exthost3] [info] ExtensionService#loadCommonJSModule /home/mel/prog/vscode/resources/app/extensions/emmet/out/extension
[2018-07-22 06:03:29.424] [exthost3] [info] ExtensionService#_doActivateExtension vscode.git {"startup":true,"activationEvent":"*"}
[2018-07-22 06:03:29.424] [exthost3] [info] ExtensionService#loadCommonJSModule /home/mel/prog/vscode/resources/app/extensions/git/out/main
[2018-07-22 06:03:30.243] [exthost3] [info] ExtensionService#_doActivateExtension vscode.merge-conflict {"startup":true,"activationEvent":"*"}
[2018-07-22 06:03:30.243] [exthost3] [info] ExtensionService#loadCommonJSModule /home/mel/prog/vscode/resources/app/extensions/merge-conflict/out/extension
[2018-07-22 06:03:30.293] [exthost3] [info] ExtensionService#_doActivateExtension Equinusocio.vsc-material-theme {"startup":true,"activationEvent":"*"}
[2018-07-22 06:03:30.293] [exthost3] [info] ExtensionService#loadCommonJSModule /home/mel/.vscode/extensions/Equinusocio.vsc-material-theme-2.3.0/extensions/material.theme.config.js
[2018-07-22 06:03:30.340] [exthost3] [info] ExtensionService#_doActivateExtension HookyQR.beautify {"startup":true,"activationEvent":"*"}
[2018-07-22 06:03:30.340] [exthost3] [info] ExtensionService#loadCommonJSModule /home/mel/.vscode/extensions/HookyQR.beautify-1.3.2/extension
[2018-07-22 06:03:30.528] [exthost3] [info] ExtensionService#_doActivateExtension PKief.material-icon-theme {"startup":true,"activationEvent":"*"}
[2018-07-22 06:03:30.528] [exthost3] [info] ExtensionService#loadCommonJSModule /home/mel/.vscode/extensions/PKief.material-icon-theme-3.5.1/out/src/extension
[2018-07-22 06:03:30.727] [exthost3] [info] ExtensionService#_doActivateExtension christian-kohler.path-intellisense {"startup":true,"activationEvent":"*"}
[2018-07-22 06:03:30.727] [exthost3] [info] ExtensionService#loadCommonJSModule /home/mel/.vscode/extensions/christian-kohler.path-intellisense-1.4.2/out/src/extension
[2018-07-22 06:03:30.793] [exthost3] [info] ExtensionService#_doActivateExtension dbaeumer.vscode-eslint {"startup":true,"activationEvent":"*"}
[2018-07-22 06:03:30.793] [exthost3] [info] ExtensionService#loadCommonJSModule /home/mel/.vscode/extensions/dbaeumer.vscode-eslint-1.4.12/client/out/extension
[2018-07-22 06:03:31.201] [exthost3] [info] ExtensionService#_doActivateExtension eamodio.gitlens {"startup":true,"activationEvent":"*"}
[2018-07-22 06:03:31.202] [exthost3] [info] ExtensionService#loadCommonJSModule /home/mel/.vscode/extensions/eamodio.gitlens-8.4.1/out/extension
[2018-07-22 06:03:32.246] [exthost3] [info] ExtensionService#_doActivateExtension lihui.vs-color-picker {"startup":true,"activationEvent":"*"}
[2018-07-22 06:03:32.246] [exthost3] [info] ExtensionService#loadCommonJSModule /home/mel/.vscode/extensions/lihui.vs-color-picker-0.7.0/out/src/extension
[2018-07-22 06:03:32.255] [exthost3] [info] ExtensionService#_doActivateExtension oderwat.indent-rainbow {"startup":true,"activationEvent":"*"}
[2018-07-22 06:03:32.255] [exthost3] [info] ExtensionService#loadCommonJSModule /home/mel/.vscode/extensions/oderwat.indent-rainbow-7.2.2/out/extension
[2018-07-22 06:03:32.267] [exthost3] [info] ExtensionService#_doActivateExtension robertohuertasm.vscode-icons {"startup":true,"activationEvent":"*"}
[2018-07-22 06:03:32.267] [exthost3] [info] ExtensionService#loadCommonJSModule /home/mel/.vscode/extensions/robertohuertasm.vscode-icons-7.24.0/out/src/
[2018-07-22 06:03:32.662] [exthost3] [info] ExtensionService#_doActivateExtension vscodevim.vim {"startup":true,"activationEvent":"*"}
[2018-07-22 06:03:32.662] [exthost3] [info] ExtensionService#loadCommonJSModule /home/mel/.vscode/extensions/vscodevim.vim-0.15.0/out/extension
[2018-07-22 06:03:34.454] [exthost3] [info] ExtensionService#_doActivateExtension waderyan.gitblame {"startup":true,"activationEvent":"*"}
[2018-07-22 06:03:34.454] [exthost3] [info] ExtensionService#loadCommonJSModule /home/mel/.vscode/extensions/waderyan.gitblame-2.4.2/out/src/index
[2018-07-22 06:03:34.564] [exthost3] [info] eager extensions activated
[2018-07-22 06:03:48.561] [exthost3] [info] extension host started
[2018-07-22 06:03:48.699] [exthost3] [info] ExtensionService#_doActivateExtension vscode.emmet {"startup":true,"activationEvent":"*"}
[2018-07-22 06:03:48.700] [exthost3] [info] ExtensionService#loadCommonJSModule /home/mel/prog/vscode/resources/app/extensions/emmet/out/extension
[2018-07-22 06:03:48.924] [exthost3] [info] ExtensionService#_doActivateExtension vscode.git {"startup":true,"activationEvent":"*"}
[2018-07-22 06:03:48.924] [exthost3] [info] ExtensionService#loadCommonJSModule /home/mel/prog/vscode/resources/app/extensions/git/out/main
[2018-07-22 06:03:49.531] [exthost3] [info] ExtensionService#_doActivateExtension vscode.merge-conflict {"startup":true,"activationEvent":"*"}
[2018-07-22 06:03:49.531] [exthost3] [info] ExtensionService#loadCommonJSModule /home/mel/prog/vscode/resources/app/extensions/merge-conflict/out/extension
[2018-07-22 06:03:49.577] [exthost3] [info] ExtensionService#_doActivateExtension Equinusocio.vsc-material-theme {"startup":true,"activationEvent":"*"}
[2018-07-22 06:03:49.577] [exthost3] [info] ExtensionService#loadCommonJSModule /home/mel/.vscode/extensions/Equinusocio.vsc-material-theme-2.3.0/extensions/material.theme.config.js
[2018-07-22 06:03:49.612] [exthost3] [info] ExtensionService#_doActivateExtension HookyQR.beautify {"startup":true,"activationEvent":"*"}
[2018-07-22 06:03:49.612] [exthost3] [info] ExtensionService#loadCommonJSModule /home/mel/.vscode/extensions/HookyQR.beautify-1.3.2/extension
[2018-07-22 06:03:49.789] [exthost3] [info] ExtensionService#_doActivateExtension PKief.material-icon-theme {"startup":true,"activationEvent":"*"}
[2018-07-22 06:03:49.789] [exthost3] [info] ExtensionService#loadCommonJSModule /home/mel/.vscode/extensions/PKief.material-icon-theme-3.5.2/out/src/extension
[2018-07-22 06:03:49.950] [exthost3] [info] ExtensionService#_doActivateExtension christian-kohler.path-intellisense {"startup":true,"activationEvent":"*"}
[2018-07-22 06:03:49.950] [exthost3] [info] ExtensionService#loadCommonJSModule /home/mel/.vscode/extensions/christian-kohler.path-intellisense-1.4.2/out/src/extension
[2018-07-22 06:03:49.991] [exthost3] [info] ExtensionService#_doActivateExtension dbaeumer.vscode-eslint {"startup":true,"activationEvent":"*"}
[2018-07-22 06:03:49.991] [exthost3] [info] ExtensionService#loadCommonJSModule /home/mel/.vscode/extensions/dbaeumer.vscode-eslint-1.4.12/client/out/extension
[2018-07-22 06:03:50.229] [exthost3] [info] ExtensionService#_doActivateExtension eamodio.gitlens {"startup":true,"activationEvent":"*"}
[2018-07-22 06:03:50.230] [exthost3] [info] ExtensionService#loadCommonJSModule /home/mel/.vscode/extensions/eamodio.gitlens-8.4.1/out/extension
[2018-07-22 06:03:50.971] [exthost3] [info] ExtensionService#_doActivateExtension lihui.vs-color-picker {"startup":true,"activationEvent":"*"}
[2018-07-22 06:03:50.971] [exthost3] [info] ExtensionService#loadCommonJSModule /home/mel/.vscode/extensions/lihui.vs-color-picker-0.7.0/out/src/extension
[2018-07-22 06:03:50.974] [exthost3] [info] ExtensionService#_doActivateExtension ms-vscode.cpptools {"startup":true,"activationEvent":"*"}
[2018-07-22 06:03:50.974] [exthost3] [info] ExtensionService#loadCommonJSModule /home/mel/.vscode/extensions/ms-vscode.cpptools-0.17.7/out/src/main
[2018-07-22 06:03:51.565] [exthost3] [info] ExtensionService#_doActivateExtension oderwat.indent-rainbow {"startup":true,"activationEvent":"*"}
[2018-07-22 06:03:51.565] [exthost3] [info] ExtensionService#loadCommonJSModule /home/mel/.vscode/extensions/oderwat.indent-rainbow-7.2.2/out/extension
[2018-07-22 06:03:51.569] [exthost3] [info] ExtensionService#_doActivateExtension robertohuertasm.vscode-icons {"startup":true,"activationEvent":"*"}
[2018-07-22 06:03:51.569] [exthost3] [info] ExtensionService#loadCommonJSModule /home/mel/.vscode/extensions/robertohuertasm.vscode-icons-7.24.0/out/src/
[2018-07-22 06:03:51.858] [exthost3] [info] ExtensionService#_doActivateExtension vscodevim.vim {"startup":true,"activationEvent":"*"}
[2018-07-22 06:03:51.858] [exthost3] [info] ExtensionService#loadCommonJSModule /home/mel/.vscode/extensions/vscodevim.vim-0.15.0/out/extension
[2018-07-22 06:03:53.090] [exthost3] [info] ExtensionService#_doActivateExtension waderyan.gitblame {"startup":true,"activationEvent":"*"}
[2018-07-22 06:03:53.090] [exthost3] [info] ExtensionService#loadCommonJSModule /home/mel/.vscode/extensions/waderyan.gitblame-2.4.2/out/src/index
[2018-07-22 06:03:53.199] [exthost3] [info] ExtensionService#_doActivateExtension Pivotal.vscode-spring-boot {"startup":false,"activationEvent":"onLanguage:java"}
[2018-07-22 06:03:53.199] [exthost3] [info] ExtensionService#loadCommonJSModule /home/mel/.vscode/extensions/Pivotal.vscode-spring-boot-0.3.1/out/lib/Main
[2018-07-22 06:03:53.935] [exthost3] [info] ExtensionService#_doActivateExtension redhat.java {"startup":false,"activationEvent":"onLanguage:java"}
[2018-07-22 06:03:53.935] [exthost3] [info] ExtensionService#loadCommonJSModule /home/mel/.vscode/extensions/redhat.java-0.28.0/out/src/extension
[2018-07-22 06:03:54.269] [exthost3] [info] ExtensionService#_doActivateExtension vscjava.vscode-maven {"startup":true,"activationEvent":"workspaceContains:pom.xml"}
[2018-07-22 06:03:54.269] [exthost3] [info] ExtensionService#loadCommonJSModule /home/mel/.vscode/extensions/vscjava.vscode-maven-0.9.2/out/extension
[2018-07-22 06:03:54.881] [exthost3] [info] eager extensions activated
[2018-07-22 06:04:28.796] [exthost3] [info] extension host started
[2018-07-22 06:04:29.046] [exthost3] [info] ExtensionService#_doActivateExtension vscode.emmet {"startup":true,"activationEvent":"*"}
[2018-07-22 06:04:29.046] [exthost3] [info] ExtensionService#loadCommonJSModule /home/mel/prog/vscode/resources/app/extensions/emmet/out/extension
[2018-07-22 06:04:29.359] [exthost3] [info] ExtensionService#_doActivateExtension vscode.git {"startup":true,"activationEvent":"*"}
[2018-07-22 06:04:29.359] [exthost3] [info] ExtensionService#loadCommonJSModule /home/mel/prog/vscode/resources/app/extensions/git/out/main
[2018-07-22 06:04:30.549] [exthost3] [info] ExtensionService#_doActivateExtension vscode.merge-conflict {"startup":true,"activationEvent":"*"}
[2018-07-22 06:04:30.549] [exthost3] [info] ExtensionService#loadCommonJSModule /home/mel/prog/vscode/resources/app/extensions/merge-conflict/out/extension
[2018-07-22 06:04:30.652] [exthost3] [info] ExtensionService#_doActivateExtension Equinusocio.vsc-material-theme {"startup":true,"activationEvent":"*"}
[2018-07-22 06:04:30.652] [exthost3] [info] ExtensionService#loadCommonJSModule /home/mel/.vscode/extensions/Equinusocio.vsc-material-theme-2.3.0/extensions/material.theme.config.js
[2018-07-22 06:04:30.732] [exthost3] [info] ExtensionService#_doActivateExtension HookyQR.beautify {"startup":true,"activationEvent":"*"}
[2018-07-22 06:04:30.732] [exthost3] [info] ExtensionService#loadCommonJSModule /home/mel/.vscode/extensions/HookyQR.beautify-1.3.2/extension
[2018-07-22 06:04:30.995] [exthost3] [info] ExtensionService#_doActivateExtension PKief.material-icon-theme {"startup":true,"activationEvent":"*"}
[2018-07-22 06:04:30.995] [exthost3] [info] ExtensionService#loadCommonJSModule /home/mel/.vscode/extensions/PKief.material-icon-theme-3.5.2/out/src/extension
[2018-07-22 06:04:31.199] [exthost3] [info] ExtensionService#_doActivateExtension christian-kohler.path-intellisense {"startup":true,"activationEvent":"*"}
[2018-07-22 06:04:31.199] [exthost3] [info] ExtensionService#loadCommonJSModule /home/mel/.vscode/extensions/christian-kohler.path-intellisense-1.4.2/out/src/extension
[2018-07-22 06:04:31.248] [exthost3] [info] ExtensionService#_doActivateExtension dbaeumer.vscode-eslint {"startup":true,"activationEvent":"*"}
[2018-07-22 06:04:31.248] [exthost3] [info] ExtensionService#loadCommonJSModule /home/mel/.vscode/extensions/dbaeumer.vscode-eslint-1.4.12/client/out/extension
[2018-07-22 06:04:31.591] [exthost3] [info] ExtensionService#_doActivateExtension eamodio.gitlens {"startup":true,"activationEvent":"*"}
[2018-07-22 06:04:31.591] [exthost3] [info] ExtensionService#loadCommonJSModule /home/mel/.vscode/extensions/eamodio.gitlens-8.4.1/out/extension
[2018-07-22 06:04:32.542] [exthost3] [info] ExtensionService#_doActivateExtension lihui.vs-color-picker {"startup":true,"activationEvent":"*"}
[2018-07-22 06:04:32.542] [exthost3] [info] ExtensionService#loadCommonJSModule /home/mel/.vscode/extensions/lihui.vs-color-picker-0.7.0/out/src/extension
[2018-07-22 06:04:32.551] [exthost3] [info] ExtensionService#_doActivateExtension oderwat.indent-rainbow {"startup":true,"activationEvent":"*"}
[2018-07-22 06:04:32.551] [exthost3] [info] ExtensionService#loadCommonJSModule /home/mel/.vscode/extensions/oderwat.indent-rainbow-7.2.2/out/extension
[2018-07-22 06:04:32.558] [exthost3] [info] ExtensionService#_doActivateExtension robertohuertasm.vscode-icons {"startup":true,"activationEvent":"*"}
[2018-07-22 06:04:32.558] [exthost3] [info] ExtensionService#loadCommonJSModule /home/mel/.vscode/extensions/robertohuertasm.vscode-icons-7.24.0/out/src/
[2018-07-22 06:04:32.956] [exthost3] [info] ExtensionService#_doActivateExtension vscodevim.vim {"startup":true,"activationEvent":"*"}
[2018-07-22 06:04:32.956] [exthost3] [info] ExtensionService#loadCommonJSModule /home/mel/.vscode/extensions/vscodevim.vim-0.15.3/out/extension
[2018-07-22 06:04:35.003] [exthost3] [info] ExtensionService#_doActivateExtension waderyan.gitblame {"startup":true,"activationEvent":"*"}
[2018-07-22 06:04:35.003] [exthost3] [info] ExtensionService#loadCommonJSModule /home/mel/.vscode/extensions/waderyan.gitblame-2.4.2/out/src/index
[2018-07-22 06:04:35.166] [exthost3] [info] ExtensionService#_doActivateExtension vscode.typescript-language-features {"startup":false,"activationEvent":"onLanguage:javascript"}
[2018-07-22 06:04:35.166] [exthost3] [info] ExtensionService#loadCommonJSModule /home/mel/prog/vscode/resources/app/extensions/typescript-language-features/out/extension
[2018-07-22 06:04:35.944] [exthost3] [info] ExtensionService#_doActivateExtension christian-kohler.npm-intellisense {"startup":false,"activationEvent":"onLanguage:javascript"}
[2018-07-22 06:04:35.944] [exthost3] [info] ExtensionService#loadCommonJSModule /home/mel/.vscode/extensions/christian-kohler.npm-intellisense-1.3.0/out/src/extension
[2018-07-22 06:04:36.073] [exthost3] [info] ExtensionService#_doActivateExtension dbaeumer.jshint {"startup":false,"activationEvent":"onLanguage:javascript"}
[2018-07-22 06:04:36.073] [exthost3] [info] ExtensionService#loadCommonJSModule /home/mel/.vscode/extensions/dbaeumer.jshint-0.10.19/jshint/out/extension
[2018-07-22 06:04:36.624] [exthost3] [info] ExtensionService#_doActivateExtension eg2.tslint {"startup":false,"activationEvent":"onLanguage:javascript"}
[2018-07-22 06:04:36.624] [exthost3] [info] ExtensionService#loadCommonJSModule /home/mel/.vscode/extensions/eg2.tslint-1.0.32/out/extension
[2018-07-22 06:04:37.072] [exthost3] [info] ExtensionService#_doActivateExtension vscode.npm {"startup":true,"activationEvent":"workspaceContains:package.json"}
[2018-07-22 06:04:37.072] [exthost3] [info] ExtensionService#loadCommonJSModule /home/mel/prog/vscode/resources/app/extensions/npm/out/main
[2018-07-22 06:04:37.420] [exthost3] [info] ExtensionService#_doActivateExtension redhat.java {"startup":true,"activationEvent":"workspaceContains:pom.xml"}
[2018-07-22 06:04:37.420] [exthost3] [info] ExtensionService#loadCommonJSModule /home/mel/.vscode/extensions/redhat.java-0.28.0/out/src/extension
[2018-07-22 06:04:37.738] [exthost3] [info] ExtensionService#_doActivateExtension vscjava.vscode-maven {"startup":true,"activationEvent":"workspaceContains:pom.xml"}
[2018-07-22 06:04:37.738] [exthost3] [info] ExtensionService#loadCommonJSModule /home/mel/.vscode/extensions/vscjava.vscode-maven-0.9.2/out/extension
[2018-07-22 06:04:38.345] [exthost3] [info] eager extensions activated
[2018-07-22 06:07:34.237] [exthost3] [info] ExtensionService#_doActivateExtension vscode.extension-editing {"startup":false,"activationEvent":"onLanguage:typescript"}
[2018-07-22 06:07:34.237] [exthost3] [info] ExtensionService#loadCommonJSModule /home/mel/prog/vscode/resources/app/extensions/extension-editing/out/extension
[2018-07-22 08:56:07.453] [exthost3] [info] ExtensionService#_doActivateExtension Pivotal.vscode-spring-boot {"startup":false,"activationEvent":"onLanguage:java"}
[2018-07-22 08:56:07.453] [exthost3] [info] ExtensionService#loadCommonJSModule /home/mel/.vscode/extensions/Pivotal.vscode-spring-boot-0.4.0/out/lib/Main
[2018-07-22 08:56:08.417] [exthost3] [info] ExtensionService#_doActivateExtension vscjava.vscode-java-debug {"startup":false,"activationEvent":"onLanguage:java"}
[2018-07-22 08:56:08.417] [exthost3] [info] ExtensionService#loadCommonJSModule /home/mel/.vscode/extensions/vscjava.vscode-java-debug-0.10.0/out/src/extension
[2018-07-22 08:56:13.241] [exthost3] [info] ExtensionService#_doActivateExtension vscjava.vscode-java-test {"startup":false,"activationEvent":"onLanguage:java"}
[2018-07-22 08:56:13.241] [exthost3] [info] ExtensionService#loadCommonJSModule /home/mel/.vscode/extensions/vscjava.vscode-java-test-0.7.1/out/src/extension
[2018-07-22 08:58:02.432] [exthost3] [info] ExtensionService#_doActivateExtension formulahendry.docker-explorer {"startup":false,"activationEvent":"onView:DockerHubTreeView"}
[2018-07-22 08:58:02.432] [exthost3] [info] ExtensionService#loadCommonJSModule /home/mel/.vscode/extensions/formulahendry.docker-explorer-0.1.6/out/src/extension
