[2018-07-22 06:03:07.355] [sharedprocess] [info] main {"machineId":"e43e270e76ce46d41bf4255c200a644424c4074168adcf5bc87dde28bc684b58"}
[2018-07-22 06:03:07.990] [sharedprocess] [info] Scanned user extensions: 50
[2018-07-22 06:03:08.020] [sharedprocess] [info] Scanned system extensions: 69
[2018-07-22 06:03:08.871] [sharedprocess] [info] Deleted from disk ahmadawais.shades-of-purple-1.21.0
[2018-07-22 06:03:08.883] [sharedprocess] [info] Deleted from disk vangware.dark-plus-material-1.1.5
[2018-07-22 06:03:10.102] [sharedprocess] [info] Deleted from disk eg2.vscode-npm-script-0.3.4
[2018-07-22 06:03:10.481] [sharedprocess] [info] Deleted from disk vscodevim.vim-0.14.1
[2018-07-22 06:03:10.550] [sharedprocess] [info] Deleted from disk vscjava.vscode-maven-0.9.0
[2018-07-22 06:03:10.556] [sharedprocess] [info] Deleted from disk redhat.java-0.27.0
[2018-07-22 06:03:10.557] [sharedprocess] [info] Deleted from disk msjsdiag.debugger-for-chrome-4.7.0
[2018-07-22 06:03:10.565] [sharedprocess] [info] Deleted from disk adashen.vscode-tomcat-0.9.0
[2018-07-22 06:03:10.567] [sharedprocess] [info] Deleted from disk vscjava.vscode-java-test-0.7.0
[2018-07-22 06:03:14.932] [sharedprocess] [info] Scanned user extensions: 50
[2018-07-22 06:03:14.946] [sharedprocess] [info] Scanned user extensions: 50
[2018-07-22 06:03:14.986] [sharedprocess] [info] Scanned user extensions: 50
[2018-07-22 06:03:15.028] [sharedprocess] [info] Scanned user extensions: 50
[2018-07-22 06:03:15.039] [sharedprocess] [info] Scanned user extensions: 50
[2018-07-22 06:03:15.084] [sharedprocess] [info] Scanned user extensions: 50
[2018-07-22 06:03:15.169] [sharedprocess] [info] Scanned system extensions: 69
[2018-07-22 06:03:15.196] [sharedprocess] [info] Scanned system extensions: 69
[2018-07-22 06:03:15.249] [sharedprocess] [info] Scanned system extensions: 69
[2018-07-22 06:03:15.272] [sharedprocess] [info] Scanned system extensions: 69
[2018-07-22 06:03:15.342] [sharedprocess] [info] Scanned user extensions: 50
[2018-07-22 06:03:15.365] [sharedprocess] [info] Scanned user extensions: 50
[2018-07-22 06:03:17.297] [sharedprocess] [info] Installing extension: material-icon-theme
[2018-07-22 06:03:17.298] [sharedprocess] [info] Installing extension: vscode-spring-boot
[2018-07-22 06:03:17.299] [sharedprocess] [info] Installing extension: shades-of-purple
[2018-07-22 06:03:17.299] [sharedprocess] [info] Installing extension: vscode-firefox-debug
[2018-07-22 06:03:17.301] [sharedprocess] [info] Installing extension: cpptools
[2018-07-22 06:03:17.303] [sharedprocess] [info] Installing extension: vim
[2018-07-22 06:03:17.312] [sharedprocess] [info] Installing extension: material-icon-theme
[2018-07-22 06:03:17.313] [sharedprocess] [info] Installing extension: vscode-spring-boot
[2018-07-22 06:03:17.314] [sharedprocess] [info] Installing extension: shades-of-purple
[2018-07-22 06:03:17.315] [sharedprocess] [info] Installing extension: vscode-firefox-debug
[2018-07-22 06:03:17.316] [sharedprocess] [info] Installing extension: cpptools
[2018-07-22 06:03:17.318] [sharedprocess] [info] Installing extension: vim
[2018-07-22 06:03:18.046] [sharedprocess] [info] Scanned user extensions: 50
[2018-07-22 06:03:18.070] [sharedprocess] [info] Scanned user extensions: 50
[2018-07-22 06:03:18.104] [sharedprocess] [info] Scanned user extensions: 50
[2018-07-22 06:03:18.115] [sharedprocess] [info] Scanned user extensions: 50
[2018-07-22 06:03:18.127] [sharedprocess] [info] Scanned user extensions: 50
[2018-07-22 06:03:18.133] [sharedprocess] [info] Scanned user extensions: 50
[2018-07-22 06:03:18.147] [sharedprocess] [info] Scanned user extensions: 50
[2018-07-22 06:03:18.157] [sharedprocess] [info] Scanned user extensions: 50
[2018-07-22 06:03:18.169] [sharedprocess] [info] Scanned user extensions: 50
[2018-07-22 06:03:18.180] [sharedprocess] [info] Scanned user extensions: 50
[2018-07-22 06:03:18.188] [sharedprocess] [info] Scanned user extensions: 50
[2018-07-22 06:03:18.197] [sharedprocess] [info] Scanned user extensions: 50
[2018-07-22 06:03:20.571] [sharedprocess] [info] Downloaded extension: material-icon-theme
[2018-07-22 06:03:22.370] [sharedprocess] [info] Extracted extension to /home/mel/.vscode/extensions/.PKief.material-icon-theme-3.5.2: PKief.material-icon-theme-3.5.2
[2018-07-22 06:03:22.370] [sharedprocess] [info] Renamed to /home/mel/.vscode/extensions/PKief.material-icon-theme-3.5.2
[2018-07-22 06:03:22.370] [sharedprocess] [info] Installation completed. PKief.material-icon-theme-3.5.2
[2018-07-22 06:03:23.529] [sharedprocess] [info] Downloaded extension: cpptools
[2018-07-22 06:03:25.340] [sharedprocess] [info] Extracted extension to /home/mel/.vscode/extensions/.ms-vscode.cpptools-0.17.7: ms-vscode.cpptools-0.17.7
[2018-07-22 06:03:25.340] [sharedprocess] [info] Renamed to /home/mel/.vscode/extensions/ms-vscode.cpptools-0.17.7
[2018-07-22 06:03:25.340] [sharedprocess] [info] Installation completed. ms-vscode.cpptools-0.17.7
[2018-07-22 06:03:26.274] [sharedprocess] [info] Downloaded extension: shades-of-purple
[2018-07-22 06:03:26.444] [sharedprocess] [info] Extracted extension to /home/mel/.vscode/extensions/.ahmadawais.shades-of-purple-1.29.0: ahmadawais.shades-of-purple-1.29.0
[2018-07-22 06:03:26.445] [sharedprocess] [info] Renamed to /home/mel/.vscode/extensions/ahmadawais.shades-of-purple-1.29.0
[2018-07-22 06:03:26.445] [sharedprocess] [info] Installation completed. ahmadawais.shades-of-purple-1.29.0
[2018-07-22 06:03:26.791] [sharedprocess] [info] Downloaded extension: vim
[2018-07-22 06:03:27.221] [sharedprocess] [info] Downloaded extension: vscode-firefox-debug
[2018-07-22 06:03:27.596] [sharedprocess] [info] Extensions installed successfully: ms-vscode.cpptools
[2018-07-22 06:03:27.603] [sharedprocess] [info] Extensions installed successfully: ms-vscode.cpptools
[2018-07-22 06:03:27.608] [sharedprocess] [info] Extensions installed successfully: PKief.material-icon-theme
[2018-07-22 06:03:27.610] [sharedprocess] [info] Extensions installed successfully: PKief.material-icon-theme
[2018-07-22 06:03:27.614] [sharedprocess] [info] Extensions installed successfully: ahmadawais.shades-of-purple
[2018-07-22 06:03:27.615] [sharedprocess] [info] Extensions installed successfully: ahmadawais.shades-of-purple
[2018-07-22 06:03:30.379] [sharedprocess] [info] Scanned user extensions: 50
[2018-07-22 06:03:30.387] [sharedprocess] [info] Scanned user extensions: 50
[2018-07-22 06:03:30.397] [sharedprocess] [info] Scanned user extensions: 50
[2018-07-22 06:03:30.406] [sharedprocess] [info] Scanned user extensions: 50
[2018-07-22 06:03:30.416] [sharedprocess] [info] Scanned user extensions: 50
[2018-07-22 06:03:30.476] [sharedprocess] [info] Scanned user extensions: 50
[2018-07-22 06:03:30.484] [sharedprocess] [info] Scanned user extensions: 50
[2018-07-22 06:03:30.489] [sharedprocess] [info] Scanned user extensions: 50
[2018-07-22 06:03:30.503] [sharedprocess] [info] Scanned user extensions: 50
[2018-07-22 06:03:30.512] [sharedprocess] [info] Scanned user extensions: 50
[2018-07-22 06:03:30.530] [sharedprocess] [info] Scanned system extensions: 69
[2018-07-22 06:03:30.558] [sharedprocess] [info] Scanned system extensions: 69
[2018-07-22 06:03:30.582] [sharedprocess] [info] Scanned system extensions: 69
[2018-07-22 06:03:30.603] [sharedprocess] [info] Scanned system extensions: 69
[2018-07-22 06:03:30.626] [sharedprocess] [info] Scanned system extensions: 69
[2018-07-22 06:03:30.683] [sharedprocess] [info] Scanned system extensions: 69
[2018-07-22 06:03:30.714] [sharedprocess] [info] Scanned system extensions: 69
[2018-07-22 06:03:30.746] [sharedprocess] [info] Scanned system extensions: 69
[2018-07-22 06:03:30.815] [sharedprocess] [info] Scanned system extensions: 69
[2018-07-22 06:03:30.859] [sharedprocess] [info] Scanned system extensions: 69
[2018-07-22 06:03:38.919] [sharedprocess] [info] Scanned user extensions: 50
[2018-07-22 06:03:38.924] [sharedprocess] [error] Failed to install extension: Pivotal.vscode-spring-boot Canceled
[2018-07-22 06:03:38.934] [sharedprocess] [info] Scanned user extensions: 50
[2018-07-22 06:03:38.935] [sharedprocess] [error] Failed to install extension: Pivotal.vscode-spring-boot Canceled
[2018-07-22 06:03:38.944] [sharedprocess] [info] Scanned user extensions: 50
[2018-07-22 06:03:38.947] [sharedprocess] [error] Failed to install extension: hbenl.vscode-firefox-debug unknown
[2018-07-22 06:03:38.956] [sharedprocess] [info] Scanned user extensions: 50
[2018-07-22 06:03:38.957] [sharedprocess] [error] Failed to install extension: hbenl.vscode-firefox-debug unknown
[2018-07-22 06:03:38.979] [sharedprocess] [info] Scanned user extensions: 50
[2018-07-22 06:03:38.980] [sharedprocess] [error] Failed to install extension: vscodevim.vim unknown
[2018-07-22 06:03:38.987] [sharedprocess] [info] Scanned user extensions: 50
[2018-07-22 06:03:38.987] [sharedprocess] [error] Failed to install extension: vscodevim.vim unknown
[2018-07-22 06:03:40.017] [sharedprocess] [info] Scanned user extensions: 50
[2018-07-22 06:03:40.036] [sharedprocess] [info] Scanned user extensions: 50
[2018-07-22 06:03:40.065] [sharedprocess] [info] Scanned user extensions: 50
[2018-07-22 06:03:40.081] [sharedprocess] [info] Scanned user extensions: 50
[2018-07-22 06:03:40.093] [sharedprocess] [info] Scanned user extensions: 50
[2018-07-22 06:03:40.104] [sharedprocess] [info] Scanned user extensions: 50
[2018-07-22 06:03:40.129] [sharedprocess] [info] Scanned system extensions: 69
[2018-07-22 06:03:40.150] [sharedprocess] [info] Scanned system extensions: 69
[2018-07-22 06:03:40.172] [sharedprocess] [info] Scanned system extensions: 69
[2018-07-22 06:03:40.194] [sharedprocess] [info] Scanned system extensions: 69
[2018-07-22 06:03:40.220] [sharedprocess] [info] Scanned system extensions: 69
[2018-07-22 06:03:40.241] [sharedprocess] [info] Scanned system extensions: 69
[2018-07-22 06:03:43.352] [sharedprocess] [info] Scanned user extensions: 50
[2018-07-22 06:03:43.357] [sharedprocess] [info] Scanned user extensions: 50
[2018-07-22 06:03:43.385] [sharedprocess] [info] Scanned user extensions: 50
[2018-07-22 06:03:43.395] [sharedprocess] [info] Scanned user extensions: 50
[2018-07-22 06:03:43.430] [sharedprocess] [info] Scanned system extensions: 69
[2018-07-22 06:03:43.454] [sharedprocess] [info] Scanned system extensions: 69
[2018-07-22 06:03:43.477] [sharedprocess] [info] Scanned system extensions: 69
[2018-07-22 06:03:43.936] [sharedprocess] [info] Scanned user extensions: 50
[2018-07-22 06:03:47.383] [sharedprocess] [info] Starting to clean up unused language packs.
[2018-07-22 06:03:48.228] [sharedprocess] [info] Scanned user extensions: 50
[2018-07-22 06:03:49.109] [sharedprocess] [info] Installing extension: vscode-spring-boot
[2018-07-22 06:03:49.110] [sharedprocess] [info] Installing extension: vscode-firefox-debug
[2018-07-22 06:03:49.111] [sharedprocess] [info] Installing extension: vim
[2018-07-22 06:03:49.400] [sharedprocess] [info] Scanned user extensions: 50
[2018-07-22 06:03:49.414] [sharedprocess] [info] Scanned user extensions: 50
[2018-07-22 06:03:49.422] [sharedprocess] [info] Scanned user extensions: 50
[2018-07-22 06:03:49.713] [sharedprocess] [info] Downloaded extension: vim
[2018-07-22 06:03:49.768] [sharedprocess] [info] Downloaded extension: vscode-firefox-debug
[2018-07-22 06:03:54.725] [sharedprocess] [info] Downloaded extension: vscode-spring-boot
[2018-07-22 06:04:10.330] [sharedprocess] [info] Extracted extension to /home/mel/.vscode/extensions/.Pivotal.vscode-spring-boot-0.4.0: Pivotal.vscode-spring-boot-0.4.0
[2018-07-22 06:04:10.332] [sharedprocess] [info] Renamed to /home/mel/.vscode/extensions/Pivotal.vscode-spring-boot-0.4.0
[2018-07-22 06:04:10.332] [sharedprocess] [info] Installation completed. Pivotal.vscode-spring-boot-0.4.0
[2018-07-22 06:04:10.422] [sharedprocess] [info] Extensions installed successfully: Pivotal.vscode-spring-boot
[2018-07-22 06:04:11.416] [sharedprocess] [info] Scanned user extensions: 50
[2018-07-22 06:04:11.514] [sharedprocess] [info] Scanned user extensions: 50
[2018-07-22 06:04:11.575] [sharedprocess] [info] Scanned system extensions: 69
[2018-07-22 06:04:11.703] [sharedprocess] [info] Scanned system extensions: 69
[2018-07-22 06:04:15.986] [sharedprocess] [info] Extracted extension to /home/mel/.vscode/extensions/.vscodevim.vim-0.15.3: vscodevim.vim-0.15.3
[2018-07-22 06:04:15.986] [sharedprocess] [info] Renamed to /home/mel/.vscode/extensions/vscodevim.vim-0.15.3
[2018-07-22 06:04:15.986] [sharedprocess] [info] Installation completed. vscodevim.vim-0.15.3
[2018-07-22 06:04:16.362] [sharedprocess] [info] Extensions installed successfully: vscodevim.vim
[2018-07-22 06:04:17.725] [sharedprocess] [info] Scanned user extensions: 50
[2018-07-22 06:04:17.737] [sharedprocess] [info] Scanned user extensions: 50
[2018-07-22 06:04:17.986] [sharedprocess] [info] Scanned system extensions: 69
[2018-07-22 06:04:18.011] [sharedprocess] [info] Scanned system extensions: 69
[2018-07-22 06:04:18.218] [sharedprocess] [info] Scanned user extensions: 50
[2018-07-22 06:04:18.219] [sharedprocess] [error] Failed to install extension: hbenl.vscode-firefox-debug unknown
[2018-07-22 06:04:18.746] [sharedprocess] [info] Scanned user extensions: 50
[2018-07-22 06:04:18.782] [sharedprocess] [info] Scanned system extensions: 69
[2018-07-22 06:04:23.201] [sharedprocess] [info] Scanned user extensions: 50
[2018-07-22 06:04:23.209] [sharedprocess] [info] Scanned user extensions: 50
[2018-07-22 06:04:23.250] [sharedprocess] [info] Scanned system extensions: 69
[2018-07-22 06:04:26.633] [sharedprocess] [info] Scanned user extensions: 50
[2018-07-22 06:04:29.289] [sharedprocess] [info] Installing extension: vscode-firefox-debug
[2018-07-22 06:04:29.528] [sharedprocess] [info] Scanned user extensions: 50
[2018-07-22 06:04:29.867] [sharedprocess] [info] Downloaded extension: vscode-firefox-debug
[2018-07-22 06:04:49.351] [sharedprocess] [info] Extracted extension to /home/mel/.vscode/extensions/.hbenl.vscode-firefox-debug-1.4.2: hbenl.vscode-firefox-debug-1.4.2
[2018-07-22 06:04:49.353] [sharedprocess] [info] Renamed to /home/mel/.vscode/extensions/hbenl.vscode-firefox-debug-1.4.2
[2018-07-22 06:04:49.353] [sharedprocess] [info] Installation completed. hbenl.vscode-firefox-debug-1.4.2
[2018-07-22 06:04:49.447] [sharedprocess] [info] Extensions installed successfully: hbenl.vscode-firefox-debug
[2018-07-22 06:04:50.066] [sharedprocess] [info] Scanned user extensions: 50
[2018-07-22 06:04:50.166] [sharedprocess] [info] Scanned system extensions: 69
[2018-07-22 06:04:50.268] [sharedprocess] [info] Scanned user extensions: 50
[2018-07-22 06:04:50.284] [sharedprocess] [info] Scanned system extensions: 69
[2018-07-22 06:08:15.729] [sharedprocess] [info] Scanned user extensions: 50
[2018-07-22 06:09:27.011] [sharedprocess] [info] Scanned user extensions: 50
[2018-07-22 08:56:07.645] [sharedprocess] [info] Scanned user extensions: 50
[2018-07-22 08:59:07.401] [sharedprocess] [info] Scanned user extensions: 50
[2018-07-22 09:00:18.595] [sharedprocess] [info] Scanned user extensions: 50
[2018-07-22 09:04:07.598] [sharedprocess] [info] Scanned user extensions: 50
[2018-07-22 09:05:18.796] [sharedprocess] [info] Scanned user extensions: 50
[2018-07-22 09:09:07.801] [sharedprocess] [info] Scanned user extensions: 50
[2018-07-22 09:10:19.020] [sharedprocess] [info] Scanned user extensions: 50
[2018-07-22 09:14:07.987] [sharedprocess] [info] Scanned user extensions: 50
[2018-07-22 09:15:19.207] [sharedprocess] [info] Scanned user extensions: 50
