[2018-08-19 16:30:08.945] [exthost1] [info] extension host started
[2018-08-19 16:30:09.082] [exthost1] [info] ExtensionService#_doActivateExtension vscode.emmet {"startup":true,"activationEvent":"*"}
[2018-08-19 16:30:09.082] [exthost1] [info] ExtensionService#loadCommonJSModule /home/mel/prog/vscode/resources/app/extensions/emmet/out/extension
[2018-08-19 16:30:09.403] [exthost1] [info] ExtensionService#_doActivateExtension vscode.git {"startup":true,"activationEvent":"*"}
[2018-08-19 16:30:09.403] [exthost1] [info] ExtensionService#loadCommonJSModule /home/mel/prog/vscode/resources/app/extensions/git/out/main
[2018-08-19 16:30:10.180] [exthost1] [info] ExtensionService#_doActivateExtension vscode.merge-conflict {"startup":true,"activationEvent":"*"}
[2018-08-19 16:30:10.180] [exthost1] [info] ExtensionService#loadCommonJSModule /home/mel/prog/vscode/resources/app/extensions/merge-conflict/out/extension
[2018-08-19 16:30:10.231] [exthost1] [info] ExtensionService#_doActivateExtension Equinusocio.vsc-material-theme {"startup":true,"activationEvent":"*"}
[2018-08-19 16:30:10.231] [exthost1] [info] ExtensionService#loadCommonJSModule /home/mel/.vscode/extensions/Equinusocio.vsc-material-theme-2.3.0/extensions/material.theme.config.js
[2018-08-19 16:30:10.276] [exthost1] [info] ExtensionService#_doActivateExtension HookyQR.beautify {"startup":true,"activationEvent":"*"}
[2018-08-19 16:30:10.276] [exthost1] [info] ExtensionService#loadCommonJSModule /home/mel/.vscode/extensions/HookyQR.beautify-1.3.2/extension
[2018-08-19 16:30:10.452] [exthost1] [info] ExtensionService#_doActivateExtension PKief.material-icon-theme {"startup":true,"activationEvent":"*"}
[2018-08-19 16:30:10.452] [exthost1] [info] ExtensionService#loadCommonJSModule /home/mel/.vscode/extensions/PKief.material-icon-theme-3.5.2/out/src/extension
[2018-08-19 16:30:10.635] [exthost1] [info] ExtensionService#_doActivateExtension christian-kohler.path-intellisense {"startup":true,"activationEvent":"*"}
[2018-08-19 16:30:10.635] [exthost1] [info] ExtensionService#loadCommonJSModule /home/mel/.vscode/extensions/christian-kohler.path-intellisense-1.4.2/out/src/extension
[2018-08-19 16:30:10.688] [exthost1] [info] ExtensionService#_doActivateExtension dbaeumer.vscode-eslint {"startup":true,"activationEvent":"*"}
[2018-08-19 16:30:10.688] [exthost1] [info] ExtensionService#loadCommonJSModule /home/mel/.vscode/extensions/dbaeumer.vscode-eslint-1.4.12/client/out/extension
[2018-08-19 16:30:10.922] [exthost1] [info] ExtensionService#_doActivateExtension eamodio.gitlens {"startup":true,"activationEvent":"*"}
[2018-08-19 16:30:10.923] [exthost1] [info] ExtensionService#loadCommonJSModule /home/mel/.vscode/extensions/eamodio.gitlens-8.4.1/out/extension
[2018-08-19 16:30:11.851] [exthost1] [info] ExtensionService#_doActivateExtension lihui.vs-color-picker {"startup":true,"activationEvent":"*"}
[2018-08-19 16:30:11.851] [exthost1] [info] ExtensionService#loadCommonJSModule /home/mel/.vscode/extensions/lihui.vs-color-picker-0.7.0/out/src/extension
[2018-08-19 16:30:11.857] [exthost1] [info] ExtensionService#_doActivateExtension oderwat.indent-rainbow {"startup":true,"activationEvent":"*"}
[2018-08-19 16:30:11.857] [exthost1] [info] ExtensionService#loadCommonJSModule /home/mel/.vscode/extensions/oderwat.indent-rainbow-7.2.2/out/extension
[2018-08-19 16:30:11.865] [exthost1] [info] ExtensionService#_doActivateExtension robertohuertasm.vscode-icons {"startup":true,"activationEvent":"*"}
[2018-08-19 16:30:11.865] [exthost1] [info] ExtensionService#loadCommonJSModule /home/mel/.vscode/extensions/robertohuertasm.vscode-icons-7.24.0/out/src/
[2018-08-19 16:30:12.197] [exthost1] [info] ExtensionService#_doActivateExtension vscodevim.vim {"startup":true,"activationEvent":"*"}
[2018-08-19 16:30:12.197] [exthost1] [info] ExtensionService#loadCommonJSModule /home/mel/.vscode/extensions/vscodevim.vim-0.15.7/out/extension
[2018-08-19 16:30:13.937] [exthost1] [info] ExtensionService#_doActivateExtension waderyan.gitblame {"startup":true,"activationEvent":"*"}
[2018-08-19 16:30:13.937] [exthost1] [info] ExtensionService#loadCommonJSModule /home/mel/.vscode/extensions/waderyan.gitblame-2.4.2/out/src/index
[2018-08-19 16:30:14.934] [exthost1] [info] eager extensions activated
[2018-08-19 16:30:28.377] [exthost1] [info] extension host started
[2018-08-19 16:30:28.503] [exthost1] [info] ExtensionService#_doActivateExtension vscode.emmet {"startup":true,"activationEvent":"*"}
[2018-08-19 16:30:28.503] [exthost1] [info] ExtensionService#loadCommonJSModule /home/mel/prog/vscode/resources/app/extensions/emmet/out/extension
[2018-08-19 16:30:28.707] [exthost1] [info] ExtensionService#_doActivateExtension vscode.git {"startup":true,"activationEvent":"*"}
[2018-08-19 16:30:28.707] [exthost1] [info] ExtensionService#loadCommonJSModule /home/mel/prog/vscode/resources/app/extensions/git/out/main
[2018-08-19 16:30:29.301] [exthost1] [info] ExtensionService#_doActivateExtension vscode.merge-conflict {"startup":true,"activationEvent":"*"}
[2018-08-19 16:30:29.301] [exthost1] [info] ExtensionService#loadCommonJSModule /home/mel/prog/vscode/resources/app/extensions/merge-conflict/out/extension
[2018-08-19 16:30:29.344] [exthost1] [info] ExtensionService#_doActivateExtension Equinusocio.vsc-material-theme {"startup":true,"activationEvent":"*"}
[2018-08-19 16:30:29.344] [exthost1] [info] ExtensionService#loadCommonJSModule /home/mel/.vscode/extensions/Equinusocio.vsc-material-theme-2.3.0/extensions/material.theme.config.js
[2018-08-19 16:30:29.377] [exthost1] [info] ExtensionService#_doActivateExtension HookyQR.beautify {"startup":true,"activationEvent":"*"}
[2018-08-19 16:30:29.377] [exthost1] [info] ExtensionService#loadCommonJSModule /home/mel/.vscode/extensions/HookyQR.beautify-1.3.2/extension
[2018-08-19 16:30:29.551] [exthost1] [info] ExtensionService#_doActivateExtension PKief.material-icon-theme {"startup":true,"activationEvent":"*"}
[2018-08-19 16:30:29.551] [exthost1] [info] ExtensionService#loadCommonJSModule /home/mel/.vscode/extensions/PKief.material-icon-theme-3.5.3/out/src/extension
[2018-08-19 16:30:29.719] [exthost1] [info] ExtensionService#_doActivateExtension christian-kohler.path-intellisense {"startup":true,"activationEvent":"*"}
[2018-08-19 16:30:29.719] [exthost1] [info] ExtensionService#loadCommonJSModule /home/mel/.vscode/extensions/christian-kohler.path-intellisense-1.4.2/out/src/extension
[2018-08-19 16:30:29.763] [exthost1] [info] ExtensionService#_doActivateExtension dbaeumer.vscode-eslint {"startup":true,"activationEvent":"*"}
[2018-08-19 16:30:29.763] [exthost1] [info] ExtensionService#loadCommonJSModule /home/mel/.vscode/extensions/dbaeumer.vscode-eslint-1.4.12/client/out/extension
[2018-08-19 16:30:30.004] [exthost1] [info] ExtensionService#_doActivateExtension eamodio.gitlens {"startup":true,"activationEvent":"*"}
[2018-08-19 16:30:30.004] [exthost1] [info] ExtensionService#loadCommonJSModule /home/mel/.vscode/extensions/eamodio.gitlens-8.4.1/out/extension
[2018-08-19 16:30:30.642] [exthost1] [info] ExtensionService#_doActivateExtension lihui.vs-color-picker {"startup":true,"activationEvent":"*"}
[2018-08-19 16:30:30.642] [exthost1] [info] ExtensionService#loadCommonJSModule /home/mel/.vscode/extensions/lihui.vs-color-picker-0.7.0/out/src/extension
[2018-08-19 16:30:30.645] [exthost1] [info] ExtensionService#_doActivateExtension ms-vscode.cpptools {"startup":true,"activationEvent":"*"}
[2018-08-19 16:30:30.645] [exthost1] [info] ExtensionService#loadCommonJSModule /home/mel/.vscode/extensions/ms-vscode.cpptools-0.18.1/out/src/main
[2018-08-19 16:30:31.228] [exthost1] [info] ExtensionService#_doActivateExtension oderwat.indent-rainbow {"startup":true,"activationEvent":"*"}
[2018-08-19 16:30:31.228] [exthost1] [info] ExtensionService#loadCommonJSModule /home/mel/.vscode/extensions/oderwat.indent-rainbow-7.2.2/out/extension
[2018-08-19 16:30:31.232] [exthost1] [info] ExtensionService#_doActivateExtension robertohuertasm.vscode-icons {"startup":true,"activationEvent":"*"}
[2018-08-19 16:30:31.232] [exthost1] [info] ExtensionService#loadCommonJSModule /home/mel/.vscode/extensions/robertohuertasm.vscode-icons-7.24.0/out/src/
[2018-08-19 16:30:31.518] [exthost1] [info] ExtensionService#_doActivateExtension vscodevim.vim {"startup":true,"activationEvent":"*"}
[2018-08-19 16:30:31.518] [exthost1] [info] ExtensionService#loadCommonJSModule /home/mel/.vscode/extensions/vscodevim.vim-0.15.7/out/extension
[2018-08-19 16:30:32.770] [exthost1] [info] ExtensionService#_doActivateExtension waderyan.gitblame {"startup":true,"activationEvent":"*"}
[2018-08-19 16:30:32.770] [exthost1] [info] ExtensionService#loadCommonJSModule /home/mel/.vscode/extensions/waderyan.gitblame-2.4.4/out/src/index
[2018-08-19 16:30:33.844] [exthost1] [info] eager extensions activated
[2018-08-19 16:30:43.980] [exthost1] [info] extension host started
[2018-08-19 16:30:44.107] [exthost1] [info] ExtensionService#_doActivateExtension vscode.emmet {"startup":true,"activationEvent":"*"}
[2018-08-19 16:30:44.108] [exthost1] [info] ExtensionService#loadCommonJSModule /home/mel/prog/vscode/resources/app/extensions/emmet/out/extension
[2018-08-19 16:30:44.359] [exthost1] [info] ExtensionService#_doActivateExtension vscode.git {"startup":true,"activationEvent":"*"}
[2018-08-19 16:30:44.359] [exthost1] [info] ExtensionService#loadCommonJSModule /home/mel/prog/vscode/resources/app/extensions/git/out/main
[2018-08-19 16:30:44.998] [exthost1] [info] ExtensionService#_doActivateExtension vscode.merge-conflict {"startup":true,"activationEvent":"*"}
[2018-08-19 16:30:44.998] [exthost1] [info] ExtensionService#loadCommonJSModule /home/mel/prog/vscode/resources/app/extensions/merge-conflict/out/extension
[2018-08-19 16:30:45.042] [exthost1] [info] ExtensionService#_doActivateExtension Equinusocio.vsc-material-theme {"startup":true,"activationEvent":"*"}
[2018-08-19 16:30:45.042] [exthost1] [info] ExtensionService#loadCommonJSModule /home/mel/.vscode/extensions/Equinusocio.vsc-material-theme-2.3.0/extensions/material.theme.config.js
[2018-08-19 16:30:45.075] [exthost1] [info] ExtensionService#_doActivateExtension HookyQR.beautify {"startup":true,"activationEvent":"*"}
[2018-08-19 16:30:45.075] [exthost1] [info] ExtensionService#loadCommonJSModule /home/mel/.vscode/extensions/HookyQR.beautify-1.3.2/extension
[2018-08-19 16:30:45.245] [exthost1] [info] ExtensionService#_doActivateExtension PKief.material-icon-theme {"startup":true,"activationEvent":"*"}
[2018-08-19 16:30:45.245] [exthost1] [info] ExtensionService#loadCommonJSModule /home/mel/.vscode/extensions/PKief.material-icon-theme-3.5.3/out/src/extension
[2018-08-19 16:30:45.419] [exthost1] [info] ExtensionService#_doActivateExtension christian-kohler.path-intellisense {"startup":true,"activationEvent":"*"}
[2018-08-19 16:30:45.419] [exthost1] [info] ExtensionService#loadCommonJSModule /home/mel/.vscode/extensions/christian-kohler.path-intellisense-1.4.2/out/src/extension
[2018-08-19 16:30:45.464] [exthost1] [info] ExtensionService#_doActivateExtension dbaeumer.vscode-eslint {"startup":true,"activationEvent":"*"}
[2018-08-19 16:30:45.464] [exthost1] [info] ExtensionService#loadCommonJSModule /home/mel/.vscode/extensions/dbaeumer.vscode-eslint-1.4.12/client/out/extension
[2018-08-19 16:30:45.699] [exthost1] [info] ExtensionService#_doActivateExtension eamodio.gitlens {"startup":true,"activationEvent":"*"}
[2018-08-19 16:30:45.699] [exthost1] [info] ExtensionService#loadCommonJSModule /home/mel/.vscode/extensions/eamodio.gitlens-8.4.1/out/extension
[2018-08-19 16:30:46.408] [exthost1] [info] ExtensionService#_doActivateExtension lihui.vs-color-picker {"startup":true,"activationEvent":"*"}
[2018-08-19 16:30:46.408] [exthost1] [info] ExtensionService#loadCommonJSModule /home/mel/.vscode/extensions/lihui.vs-color-picker-0.7.0/out/src/extension
[2018-08-19 16:30:46.412] [exthost1] [info] ExtensionService#_doActivateExtension ms-vscode.cpptools {"startup":true,"activationEvent":"*"}
[2018-08-19 16:30:46.412] [exthost1] [info] ExtensionService#loadCommonJSModule /home/mel/.vscode/extensions/ms-vscode.cpptools-0.18.1/out/src/main
[2018-08-19 16:30:46.974] [exthost1] [info] ExtensionService#_doActivateExtension oderwat.indent-rainbow {"startup":true,"activationEvent":"*"}
[2018-08-19 16:30:46.974] [exthost1] [info] ExtensionService#loadCommonJSModule /home/mel/.vscode/extensions/oderwat.indent-rainbow-7.2.2/out/extension
[2018-08-19 16:30:46.978] [exthost1] [info] ExtensionService#_doActivateExtension robertohuertasm.vscode-icons {"startup":true,"activationEvent":"*"}
[2018-08-19 16:30:46.978] [exthost1] [info] ExtensionService#loadCommonJSModule /home/mel/.vscode/extensions/robertohuertasm.vscode-icons-7.24.0/out/src/
[2018-08-19 16:30:47.254] [exthost1] [info] ExtensionService#_doActivateExtension vscodevim.vim {"startup":true,"activationEvent":"*"}
[2018-08-19 16:30:47.254] [exthost1] [info] ExtensionService#loadCommonJSModule /home/mel/.vscode/extensions/vscodevim.vim-0.15.7/out/extension
[2018-08-19 16:30:48.538] [exthost1] [info] ExtensionService#_doActivateExtension waderyan.gitblame {"startup":true,"activationEvent":"*"}
[2018-08-19 16:30:48.538] [exthost1] [info] ExtensionService#loadCommonJSModule /home/mel/.vscode/extensions/waderyan.gitblame-2.4.4/out/src/index
[2018-08-19 16:30:48.647] [exthost1] [info] ExtensionService#_doActivateExtension redhat.java {"startup":true,"activationEvent":"workspaceContains:pom.xml"}
[2018-08-19 16:30:48.647] [exthost1] [info] ExtensionService#loadCommonJSModule /home/mel/.vscode/extensions/redhat.java-0.28.0/out/src/extension
[2018-08-19 16:30:49.007] [exthost1] [info] ExtensionService#_doActivateExtension vscode.html-language-features {"startup":false,"activationEvent":"onLanguage:html"}
[2018-08-19 16:30:49.007] [exthost1] [info] ExtensionService#loadCommonJSModule /home/mel/prog/vscode/resources/app/extensions/html-language-features/client/out/htmlMain
[2018-08-19 16:30:49.519] [exthost1] [info] ExtensionService#_doActivateExtension dbaeumer.jshint {"startup":false,"activationEvent":"onLanguage:html"}
[2018-08-19 16:30:49.519] [exthost1] [info] ExtensionService#loadCommonJSModule /home/mel/.vscode/extensions/dbaeumer.jshint-0.10.19/jshint/out/extension
[2018-08-19 16:30:53.243] [exthost1] [info] ExtensionService#_doActivateExtension vscjava.vscode-maven {"startup":true,"activationEvent":"workspaceContains:**/pom.xml"}
[2018-08-19 16:30:53.243] [exthost1] [info] ExtensionService#loadCommonJSModule /home/mel/.vscode/extensions/vscjava.vscode-maven-0.10.0/out/extension
[2018-08-19 16:30:54.943] [exthost1] [info] eager extensions activated
[2018-08-19 16:30:54.981] [exthost1] [info] ExtensionService#_doActivateExtension vscode.typescript-language-features {"startup":false,"activationEvent":"onLanguage:javascriptreact"}
[2018-08-19 16:30:54.981] [exthost1] [info] ExtensionService#loadCommonJSModule /home/mel/prog/vscode/resources/app/extensions/typescript-language-features/out/extension
[2018-08-19 16:30:56.346] [exthost1] [info] ExtensionService#_doActivateExtension christian-kohler.npm-intellisense {"startup":false,"activationEvent":"onLanguage:javascriptreact"}
[2018-08-19 16:30:56.346] [exthost1] [info] ExtensionService#loadCommonJSModule /home/mel/.vscode/extensions/christian-kohler.npm-intellisense-1.3.0/out/src/extension
[2018-08-19 16:30:56.487] [exthost1] [info] ExtensionService#_doActivateExtension eg2.tslint {"startup":false,"activationEvent":"onLanguage:javascriptreact"}
[2018-08-19 16:30:56.487] [exthost1] [info] ExtensionService#loadCommonJSModule /home/mel/.vscode/extensions/eg2.tslint-1.0.32/out/extension
