[2018-08-19 16:30:01.336] [sharedprocess] [info] main {"machineId":"e43e270e76ce46d41bf4255c200a644424c4074168adcf5bc87dde28bc684b58"}
[2018-08-19 16:30:01.802] [sharedprocess] [info] Scanned user extensions: 51
[2018-08-19 16:30:01.855] [sharedprocess] [info] Scanned system extensions: 69
[2018-08-19 16:30:02.797] [sharedprocess] [info] Deleted from disk ahmadawais.shades-of-purple-1.29.0
[2018-08-19 16:30:02.988] [sharedprocess] [info] Deleted from disk vangware.dark-plus-material-1.2.0
[2018-08-19 16:30:03.979] [sharedprocess] [info] Deleted from disk vscjava.vscode-maven-0.9.2
[2018-08-19 16:30:03.981] [sharedprocess] [info] Deleted from disk msjsdiag.debugger-for-chrome-4.8.0
[2018-08-19 16:30:03.981] [sharedprocess] [info] Deleted from disk vscodevim.vim-0.15.3
[2018-08-19 16:30:03.982] [sharedprocess] [info] Deleted from disk hbenl.vscode-firefox-debug-1.4.2
[2018-08-19 16:30:03.982] [sharedprocess] [info] Deleted from disk PeterJausovec.vscode-docker-0.0.27
[2018-08-19 16:30:06.772] [sharedprocess] [info] Scanned user extensions: 51
[2018-08-19 16:30:06.777] [sharedprocess] [info] Scanned user extensions: 51
[2018-08-19 16:30:06.800] [sharedprocess] [info] Scanned user extensions: 51
[2018-08-19 16:30:06.808] [sharedprocess] [info] Scanned user extensions: 51
[2018-08-19 16:30:06.831] [sharedprocess] [info] Scanned system extensions: 69
[2018-08-19 16:30:06.859] [sharedprocess] [info] Scanned system extensions: 69
[2018-08-19 16:30:06.886] [sharedprocess] [info] Scanned system extensions: 69
[2018-08-19 16:29:59.978] [sharedprocess] [info] Scanned user extensions: 51
[2018-08-19 16:30:00.918] [sharedprocess] [info] Installing extension: material-icon-theme
[2018-08-19 16:30:00.920] [sharedprocess] [info] Installing extension: vscode-spring-boot
[2018-08-19 16:30:00.920] [sharedprocess] [info] Installing extension: shades-of-purple
[2018-08-19 16:30:00.921] [sharedprocess] [info] Installing extension: enki-vscode-theme
[2018-08-19 16:30:00.921] [sharedprocess] [info] Installing extension: vscode-firefox-debug
[2018-08-19 16:30:00.922] [sharedprocess] [info] Installing extension: cpptools
[2018-08-19 16:30:00.923] [sharedprocess] [info] Installing extension: indent-rainbow
[2018-08-19 16:30:00.923] [sharedprocess] [info] Installing extension: java
[2018-08-19 16:30:00.934] [sharedprocess] [info] Installing extension: vscode-icons
[2018-08-19 16:30:00.934] [sharedprocess] [info] Installing extension: vscode-java-debug
[2018-08-19 16:30:00.935] [sharedprocess] [info] Installing extension: vscode-java-test
[2018-08-19 16:30:00.935] [sharedprocess] [info] Installing extension: gitblame
[2018-08-19 16:30:00.946] [sharedprocess] [info] Installing extension: material-palenight-theme
[2018-08-19 16:30:02.010] [sharedprocess] [info] Scanned user extensions: 51
[2018-08-19 16:30:02.029] [sharedprocess] [info] Scanned user extensions: 51
[2018-08-19 16:30:02.035] [sharedprocess] [info] Scanned user extensions: 51
[2018-08-19 16:30:02.045] [sharedprocess] [info] Scanned user extensions: 51
[2018-08-19 16:30:02.053] [sharedprocess] [info] Scanned user extensions: 51
[2018-08-19 16:30:02.058] [sharedprocess] [info] Scanned user extensions: 51
[2018-08-19 16:30:02.064] [sharedprocess] [info] Scanned user extensions: 51
[2018-08-19 16:30:02.071] [sharedprocess] [info] Scanned user extensions: 51
[2018-08-19 16:30:02.076] [sharedprocess] [info] Scanned user extensions: 51
[2018-08-19 16:30:02.087] [sharedprocess] [info] Scanned user extensions: 51
[2018-08-19 16:30:02.092] [sharedprocess] [info] Scanned user extensions: 51
[2018-08-19 16:30:02.096] [sharedprocess] [info] Scanned user extensions: 51
[2018-08-19 16:30:02.102] [sharedprocess] [info] Scanned user extensions: 51
[2018-08-19 16:30:02.602] [sharedprocess] [info] Scanned user extensions: 51
[2018-08-19 16:30:02.613] [sharedprocess] [info] Scanned user extensions: 51
[2018-08-19 16:30:02.618] [sharedprocess] [info] Downloaded extension: enki-vscode-theme
[2018-08-19 16:30:02.635] [sharedprocess] [info] Scanned system extensions: 69
[2018-08-19 16:30:02.644] [sharedprocess] [info] Scanned system extensions: 69
[2018-08-19 16:30:02.902] [sharedprocess] [info] Extracted extension to /home/mel/.vscode/extensions/.enkia.enki-vscode-theme-0.5.0: enkia.enki-vscode-theme-0.5.0
[2018-08-19 16:30:02.903] [sharedprocess] [info] Renamed to /home/mel/.vscode/extensions/enkia.enki-vscode-theme-0.5.0
[2018-08-19 16:30:02.903] [sharedprocess] [info] Installation completed. enkia.enki-vscode-theme-0.5.0
[2018-08-19 16:30:04.657] [sharedprocess] [info] Downloaded extension: material-palenight-theme
[2018-08-19 16:30:04.742] [sharedprocess] [info] Extracted extension to /home/mel/.vscode/extensions/.whizkydee.material-palenight-theme-1.9.3: whizkydee.material-palenight-theme-1.9.3
[2018-08-19 16:30:04.743] [sharedprocess] [info] Renamed to /home/mel/.vscode/extensions/whizkydee.material-palenight-theme-1.9.3
[2018-08-19 16:30:04.743] [sharedprocess] [info] Installation completed. whizkydee.material-palenight-theme-1.9.3
[2018-08-19 16:30:05.338] [sharedprocess] [info] Downloaded extension: shades-of-purple
[2018-08-19 16:30:05.489] [sharedprocess] [info] Extracted extension to /home/mel/.vscode/extensions/.ahmadawais.shades-of-purple-2.6.0: ahmadawais.shades-of-purple-2.6.0
[2018-08-19 16:30:05.489] [sharedprocess] [info] Renamed to /home/mel/.vscode/extensions/ahmadawais.shades-of-purple-2.6.0
[2018-08-19 16:30:05.490] [sharedprocess] [info] Installation completed. ahmadawais.shades-of-purple-2.6.0
[2018-08-19 16:30:07.650] [sharedprocess] [info] Downloaded extension: material-icon-theme
[2018-08-19 16:30:08.103] [sharedprocess] [info] Extensions installed successfully: whizkydee.material-palenight-theme
[2018-08-19 16:30:08.106] [sharedprocess] [info] Extensions installed successfully: ahmadawais.shades-of-purple
[2018-08-19 16:30:08.108] [sharedprocess] [info] Extensions installed successfully: enkia.enki-vscode-theme
[2018-08-19 16:30:09.729] [sharedprocess] [info] Scanned user extensions: 51
[2018-08-19 16:30:09.737] [sharedprocess] [info] Scanned user extensions: 51
[2018-08-19 16:30:09.743] [sharedprocess] [info] Scanned user extensions: 51
[2018-08-19 16:30:09.765] [sharedprocess] [info] Scanned system extensions: 69
[2018-08-19 16:30:09.788] [sharedprocess] [info] Scanned system extensions: 69
[2018-08-19 16:30:09.821] [sharedprocess] [info] Scanned system extensions: 69
[2018-08-19 16:30:09.879] [sharedprocess] [info] Downloaded extension: gitblame
[2018-08-19 16:30:11.278] [sharedprocess] [info] Extracted extension to /home/mel/.vscode/extensions/.PKief.material-icon-theme-3.5.3: PKief.material-icon-theme-3.5.3
[2018-08-19 16:30:11.279] [sharedprocess] [info] Renamed to /home/mel/.vscode/extensions/PKief.material-icon-theme-3.5.3
[2018-08-19 16:30:11.279] [sharedprocess] [info] Installation completed. PKief.material-icon-theme-3.5.3
[2018-08-19 16:30:11.323] [sharedprocess] [info] Extensions installed successfully: PKief.material-icon-theme
[2018-08-19 16:30:11.645] [sharedprocess] [info] Scanned user extensions: 51
[2018-08-19 16:30:11.658] [sharedprocess] [info] Scanned system extensions: 69
[2018-08-19 16:30:12.153] [sharedprocess] [info] Extracted extension to /home/mel/.vscode/extensions/.waderyan.gitblame-2.4.4: waderyan.gitblame-2.4.4
[2018-08-19 16:30:12.153] [sharedprocess] [info] Renamed to /home/mel/.vscode/extensions/waderyan.gitblame-2.4.4
[2018-08-19 16:30:12.153] [sharedprocess] [info] Installation completed. waderyan.gitblame-2.4.4
[2018-08-19 16:30:12.173] [sharedprocess] [info] Extensions installed successfully: waderyan.gitblame
[2018-08-19 16:30:12.496] [sharedprocess] [info] Scanned user extensions: 51
[2018-08-19 16:30:12.507] [sharedprocess] [info] Scanned system extensions: 69
[2018-08-19 16:30:16.899] [sharedprocess] [info] Downloaded extension: cpptools
[2018-08-19 16:30:18.874] [sharedprocess] [info] Extracted extension to /home/mel/.vscode/extensions/.ms-vscode.cpptools-0.18.1: ms-vscode.cpptools-0.18.1
[2018-08-19 16:30:18.874] [sharedprocess] [info] Renamed to /home/mel/.vscode/extensions/ms-vscode.cpptools-0.18.1
[2018-08-19 16:30:18.874] [sharedprocess] [info] Installation completed. ms-vscode.cpptools-0.18.1
[2018-08-19 16:30:18.915] [sharedprocess] [info] Extensions installed successfully: ms-vscode.cpptools
[2018-08-19 16:30:19.220] [sharedprocess] [info] Scanned user extensions: 51
[2018-08-19 16:30:19.231] [sharedprocess] [info] Scanned system extensions: 69
[2018-08-19 16:30:21.720] [sharedprocess] [info] Scanned user extensions: 51
[2018-08-19 16:30:21.721] [sharedprocess] [error] Failed to install extension: Pivotal.vscode-spring-boot Canceled
[2018-08-19 16:30:21.736] [sharedprocess] [info] Scanned user extensions: 51
[2018-08-19 16:30:21.737] [sharedprocess] [error] Failed to install extension: hbenl.vscode-firefox-debug Canceled
[2018-08-19 16:30:21.744] [sharedprocess] [info] Scanned user extensions: 51
[2018-08-19 16:30:21.746] [sharedprocess] [error] Failed to install extension: oderwat.indent-rainbow Canceled
[2018-08-19 16:30:21.757] [sharedprocess] [info] Scanned user extensions: 51
[2018-08-19 16:30:21.760] [sharedprocess] [error] Failed to install extension: redhat.java Canceled
[2018-08-19 16:30:21.772] [sharedprocess] [info] Scanned user extensions: 51
[2018-08-19 16:30:21.772] [sharedprocess] [error] Failed to install extension: robertohuertasm.vscode-icons Canceled
[2018-08-19 16:30:21.783] [sharedprocess] [info] Scanned user extensions: 51
[2018-08-19 16:30:21.783] [sharedprocess] [error] Failed to install extension: vscjava.vscode-java-debug Canceled
[2018-08-19 16:30:21.809] [sharedprocess] [info] Scanned user extensions: 51
[2018-08-19 16:30:21.812] [sharedprocess] [error] Failed to install extension: vscjava.vscode-java-test Canceled
[2018-08-19 16:30:26.457] [sharedprocess] [info] Scanned user extensions: 51
[2018-08-19 16:30:26.473] [sharedprocess] [info] Scanned user extensions: 51
[2018-08-19 16:30:26.525] [sharedprocess] [info] Scanned user extensions: 51
[2018-08-19 16:30:26.544] [sharedprocess] [info] Scanned system extensions: 69
[2018-08-19 16:30:26.599] [sharedprocess] [info] Scanned system extensions: 69
[2018-08-19 16:30:28.088] [sharedprocess] [info] Scanned user extensions: 51
[2018-08-19 16:30:28.955] [sharedprocess] [info] Installing extension: vscode-spring-boot
[2018-08-19 16:30:28.955] [sharedprocess] [info] Installing extension: vscode-firefox-debug
[2018-08-19 16:30:28.956] [sharedprocess] [info] Installing extension: indent-rainbow
[2018-08-19 16:30:28.957] [sharedprocess] [info] Installing extension: java
[2018-08-19 16:30:28.957] [sharedprocess] [info] Installing extension: vscode-icons
[2018-08-19 16:30:28.958] [sharedprocess] [info] Installing extension: vscode-java-debug
[2018-08-19 16:30:28.958] [sharedprocess] [info] Installing extension: vscode-java-test
[2018-08-19 16:30:29.544] [sharedprocess] [info] Scanned user extensions: 51
[2018-08-19 16:30:29.556] [sharedprocess] [info] Scanned user extensions: 51
[2018-08-19 16:30:29.566] [sharedprocess] [info] Scanned user extensions: 51
[2018-08-19 16:30:29.578] [sharedprocess] [info] Scanned user extensions: 51
[2018-08-19 16:30:29.599] [sharedprocess] [info] Scanned user extensions: 51
[2018-08-19 16:30:29.623] [sharedprocess] [info] Scanned user extensions: 51
[2018-08-19 16:30:29.662] [sharedprocess] [info] Scanned user extensions: 51
[2018-08-19 16:30:30.122] [sharedprocess] [info] Scanned user extensions: 51
[2018-08-19 16:30:30.135] [sharedprocess] [info] Scanned user extensions: 51
[2018-08-19 16:30:30.146] [sharedprocess] [info] Scanned system extensions: 69
[2018-08-19 16:30:30.152] [sharedprocess] [info] Scanned system extensions: 69
[2018-08-19 16:30:31.231] [sharedprocess] [info] Downloaded extension: vscode-icons
[2018-08-19 16:30:32.821] [sharedprocess] [info] Starting to clean up unused language packs.
[2018-08-19 16:30:35.668] [sharedprocess] [info] Scanned user extensions: 51
[2018-08-19 16:30:35.670] [sharedprocess] [error] Failed to install extension: Pivotal.vscode-spring-boot Canceled
[2018-08-19 16:30:35.679] [sharedprocess] [info] Scanned user extensions: 51
[2018-08-19 16:30:35.679] [sharedprocess] [error] Failed to install extension: hbenl.vscode-firefox-debug Canceled
[2018-08-19 16:30:35.689] [sharedprocess] [info] Scanned user extensions: 51
[2018-08-19 16:30:35.691] [sharedprocess] [error] Failed to install extension: oderwat.indent-rainbow Canceled
[2018-08-19 16:30:35.700] [sharedprocess] [info] Scanned user extensions: 51
[2018-08-19 16:30:35.701] [sharedprocess] [error] Failed to install extension: redhat.java Canceled
[2018-08-19 16:30:35.708] [sharedprocess] [info] Scanned user extensions: 51
[2018-08-19 16:30:35.708] [sharedprocess] [error] Failed to install extension: robertohuertasm.vscode-icons unknown
[2018-08-19 16:30:35.717] [sharedprocess] [info] Scanned user extensions: 51
[2018-08-19 16:30:35.717] [sharedprocess] [error] Failed to install extension: vscjava.vscode-java-debug Canceled
[2018-08-19 16:30:35.740] [sharedprocess] [info] Scanned user extensions: 51
[2018-08-19 16:30:35.740] [sharedprocess] [error] Failed to install extension: vscjava.vscode-java-test Canceled
[2018-08-19 16:30:39.374] [sharedprocess] [info] Scanned user extensions: 51
[2018-08-19 16:30:39.388] [sharedprocess] [info] Scanned user extensions: 51
[2018-08-19 16:30:39.416] [sharedprocess] [info] Scanned system extensions: 69
[2018-08-19 16:30:42.268] [sharedprocess] [info] Scanned user extensions: 51
[2018-08-19 16:30:43.830] [sharedprocess] [info] Installing extension: vscode-spring-boot
[2018-08-19 16:30:43.831] [sharedprocess] [info] Installing extension: vscode-firefox-debug
[2018-08-19 16:30:43.832] [sharedprocess] [info] Installing extension: indent-rainbow
[2018-08-19 16:30:43.833] [sharedprocess] [info] Installing extension: java
[2018-08-19 16:30:43.834] [sharedprocess] [info] Installing extension: vscode-icons
[2018-08-19 16:30:43.834] [sharedprocess] [info] Installing extension: vscode-java-debug
[2018-08-19 16:30:43.836] [sharedprocess] [info] Installing extension: vscode-java-test
[2018-08-19 16:30:44.685] [sharedprocess] [info] Scanned user extensions: 51
[2018-08-19 16:30:44.716] [sharedprocess] [info] Scanned user extensions: 51
[2018-08-19 16:30:44.728] [sharedprocess] [info] Scanned user extensions: 51
[2018-08-19 16:30:44.743] [sharedprocess] [info] Scanned user extensions: 51
[2018-08-19 16:30:44.755] [sharedprocess] [info] Scanned user extensions: 51
[2018-08-19 16:30:44.765] [sharedprocess] [info] Scanned user extensions: 51
[2018-08-19 16:30:44.774] [sharedprocess] [info] Scanned user extensions: 51
[2018-08-19 16:30:45.180] [sharedprocess] [info] Scanned user extensions: 51
[2018-08-19 16:30:45.194] [sharedprocess] [info] Scanned user extensions: 51
[2018-08-19 16:30:45.228] [sharedprocess] [info] Scanned system extensions: 69
[2018-08-19 16:30:45.235] [sharedprocess] [info] Scanned system extensions: 69
[2018-08-19 16:30:45.353] [sharedprocess] [info] Downloaded extension: vscode-icons
[2018-08-19 16:30:53.090] [sharedprocess] [info] Downloaded extension: indent-rainbow
[2018-08-19 16:30:54.146] [sharedprocess] [info] Downloaded extension: vscode-firefox-debug
[2018-08-19 16:30:55.497] [sharedprocess] [info] Downloaded extension: vscode-java-debug
[2018-08-19 16:30:57.412] [sharedprocess] [info] Extracted extension to /home/mel/.vscode/extensions/.robertohuertasm.vscode-icons-7.25.0: robertohuertasm.vscode-icons-7.25.0
[2018-08-19 16:30:57.426] [sharedprocess] [info] Renamed to /home/mel/.vscode/extensions/robertohuertasm.vscode-icons-7.25.0
[2018-08-19 16:30:57.426] [sharedprocess] [info] Installation completed. robertohuertasm.vscode-icons-7.25.0
[2018-08-19 16:30:57.532] [sharedprocess] [info] Extensions installed successfully: robertohuertasm.vscode-icons
[2018-08-19 16:30:58.576] [sharedprocess] [info] Scanned user extensions: 51
[2018-08-19 16:30:58.620] [sharedprocess] [info] Scanned system extensions: 69
